2018-06-19 12:21:49 [main] ERROR com.wl.util.AesUtil [242] - Exception while setting private key
java.io.FileNotFoundException: D:\WL-DATA\documents\PROJECTS\mvisa_merchant_workspace\bharatqr-application\BharatQR\src\main\resources\paymod223.keystore (The system cannot find the path specified)
	at java.io.FileInputStream.open(Native Method) ~[na:1.7.0_79]
	at java.io.FileInputStream.<init>(FileInputStream.java:146) ~[na:1.7.0_79]
	at java.io.FileInputStream.<init>(FileInputStream.java:101) ~[na:1.7.0_79]
	at com.wl.util.AesUtil.setPrivateKey(AesUtil.java:227) ~[classes/:na]
	at com.wl.util.TestAesUtil.testEncryptSecretKey(TestAesUtil.java:78) [test-classes/:na]
	at sun.reflect.NativeMethodAccessorImpl.invoke0(Native Method) ~[na:1.7.0_79]
	at sun.reflect.NativeMethodAccessorImpl.invoke(NativeMethodAccessorImpl.java:57) ~[na:1.7.0_79]
	at sun.reflect.DelegatingMethodAccessorImpl.invoke(DelegatingMethodAccessorImpl.java:43) ~[na:1.7.0_79]
	at java.lang.reflect.Method.invoke(Method.java:606) ~[na:1.7.0_79]
	at org.junit.runners.model.FrameworkMethod$1.runReflectiveCall(FrameworkMethod.java:47) [junit-4.11.jar:na]
	at org.junit.internal.runners.model.ReflectiveCallable.run(ReflectiveCallable.java:12) [junit-4.11.jar:na]
	at org.junit.runners.model.FrameworkMethod.invokeExplosively(FrameworkMethod.java:44) [junit-4.11.jar:na]
	at org.junit.internal.runners.statements.InvokeMethod.evaluate(InvokeMethod.java:17) [junit-4.11.jar:na]
	at org.junit.internal.runners.statements.RunBefores.evaluate(RunBefores.java:26) [junit-4.11.jar:na]
	at org.junit.runners.ParentRunner.runLeaf(ParentRunner.java:271) [junit-4.11.jar:na]
	at org.junit.runners.BlockJUnit4ClassRunner.runChild(BlockJUnit4ClassRunner.java:70) [junit-4.11.jar:na]
	at org.junit.runners.BlockJUnit4ClassRunner.runChild(BlockJUnit4ClassRunner.java:50) [junit-4.11.jar:na]
	at org.junit.runners.ParentRunner$3.run(ParentRunner.java:238) [junit-4.11.jar:na]
	at org.junit.runners.ParentRunner$1.schedule(ParentRunner.java:63) [junit-4.11.jar:na]
	at org.junit.runners.ParentRunner.runChildren(ParentRunner.java:236) [junit-4.11.jar:na]
	at org.junit.runners.ParentRunner.access$000(ParentRunner.java:53) [junit-4.11.jar:na]
	at org.junit.runners.ParentRunner$2.evaluate(ParentRunner.java:229) [junit-4.11.jar:na]
	at org.junit.runners.ParentRunner.run(ParentRunner.java:309) [junit-4.11.jar:na]
	at org.eclipse.jdt.internal.junit4.runner.JUnit4TestReference.run(JUnit4TestReference.java:86) [.cp/:na]
	at org.eclipse.jdt.internal.junit.runner.TestExecution.run(TestExecution.java:38) [.cp/:na]
	at org.eclipse.jdt.internal.junit.runner.RemoteTestRunner.runTests(RemoteTestRunner.java:459) [.cp/:na]
	at org.eclipse.jdt.internal.junit.runner.RemoteTestRunner.runTests(RemoteTestRunner.java:678) [.cp/:na]
	at org.eclipse.jdt.internal.junit.runner.RemoteTestRunner.run(RemoteTestRunner.java:382) [.cp/:na]
	at org.eclipse.jdt.internal.junit.runner.RemoteTestRunner.main(RemoteTestRunner.java:192) [.cp/:na]
2018-06-19 16:40:41 [main] ERROR com.wl.util.AesUtil [242] - Exception while setting private key
java.io.FileNotFoundException: D:\WL-DATA\documents\PROJECTS\mvisa_merchant_workspace\bharatqr-application\BharatQR\src\main\resources\paymod223.keystore (The system cannot find the path specified)
	at java.io.FileInputStream.open(Native Method) ~[na:1.7.0_79]
	at java.io.FileInputStream.<init>(FileInputStream.java:146) ~[na:1.7.0_79]
	at java.io.FileInputStream.<init>(FileInputStream.java:101) ~[na:1.7.0_79]
	at com.wl.util.AesUtil.setPrivateKey(AesUtil.java:227) ~[classes/:na]
	at com.wl.util.TestAesUtil.testEncryptSecretKey(TestAesUtil.java:78) [test-classes/:na]
	at sun.reflect.NativeMethodAccessorImpl.invoke0(Native Method) ~[na:1.7.0_79]
	at sun.reflect.NativeMethodAccessorImpl.invoke(NativeMethodAccessorImpl.java:57) ~[na:1.7.0_79]
	at sun.reflect.DelegatingMethodAccessorImpl.invoke(DelegatingMethodAccessorImpl.java:43) ~[na:1.7.0_79]
	at java.lang.reflect.Method.invoke(Method.java:606) ~[na:1.7.0_79]
	at org.junit.runners.model.FrameworkMethod$1.runReflectiveCall(FrameworkMethod.java:47) [junit-4.11.jar:na]
	at org.junit.internal.runners.model.ReflectiveCallable.run(ReflectiveCallable.java:12) [junit-4.11.jar:na]
	at org.junit.runners.model.FrameworkMethod.invokeExplosively(FrameworkMethod.java:44) [junit-4.11.jar:na]
	at org.junit.internal.runners.statements.InvokeMethod.evaluate(InvokeMethod.java:17) [junit-4.11.jar:na]
	at org.junit.internal.runners.statements.RunBefores.evaluate(RunBefores.java:26) [junit-4.11.jar:na]
	at org.junit.runners.ParentRunner.runLeaf(ParentRunner.java:271) [junit-4.11.jar:na]
	at org.junit.runners.BlockJUnit4ClassRunner.runChild(BlockJUnit4ClassRunner.java:70) [junit-4.11.jar:na]
	at org.junit.runners.BlockJUnit4ClassRunner.runChild(BlockJUnit4ClassRunner.java:50) [junit-4.11.jar:na]
	at org.junit.runners.ParentRunner$3.run(ParentRunner.java:238) [junit-4.11.jar:na]
	at org.junit.runners.ParentRunner$1.schedule(ParentRunner.java:63) [junit-4.11.jar:na]
	at org.junit.runners.ParentRunner.runChildren(ParentRunner.java:236) [junit-4.11.jar:na]
	at org.junit.runners.ParentRunner.access$000(ParentRunner.java:53) [junit-4.11.jar:na]
	at org.junit.runners.ParentRunner$2.evaluate(ParentRunner.java:229) [junit-4.11.jar:na]
	at org.junit.runners.ParentRunner.run(ParentRunner.java:309) [junit-4.11.jar:na]
	at org.eclipse.jdt.internal.junit4.runner.JUnit4TestReference.run(JUnit4TestReference.java:86) [.cp/:na]
	at org.eclipse.jdt.internal.junit.runner.TestExecution.run(TestExecution.java:38) [.cp/:na]
	at org.eclipse.jdt.internal.junit.runner.RemoteTestRunner.runTests(RemoteTestRunner.java:459) [.cp/:na]
	at org.eclipse.jdt.internal.junit.runner.RemoteTestRunner.runTests(RemoteTestRunner.java:678) [.cp/:na]
	at org.eclipse.jdt.internal.junit.runner.RemoteTestRunner.run(RemoteTestRunner.java:382) [.cp/:na]
	at org.eclipse.jdt.internal.junit.runner.RemoteTestRunner.main(RemoteTestRunner.java:192) [.cp/:na]
2018-06-19 16:40:41 [main] DEBUG com.wl.util.AesUtil [95] - Aes|Encrypted key:Bvo0gjI18RtfI/QzDA/ngtbzhaZu0mCtUStz2AQV3yDeLKKlGcQBnkwnRCyD5tlzH5I0nmBDnGqdUcH7hIwXGmVvydq5SLCGTY3CJldCH3kabQKj1i4H7CmshvL3+VDaZoVuSnKPJrdFHQ9flyV0e4epa6/gJcw4Ja79JL5zcKQu29E7HPZKJALGMHVvPAjIoNzDljDGEZ+H++Kl8nAAR2nAhlmEfTg7vv0Zxx20IWBcnaCraqybtcMjlSTTwvl6dRrHjnJG9CGLClfYlh8OE6vMzkdoE76B8D1b+KrmzfwJx01Hl9FquVdrUvTZJynGHVzQ0ZKdPfg5DXRNvNP2ig==
2018-06-19 16:40:41 [main] DEBUG com.wl.util.AesUtil [96] - AES|Encrypted iv:null
2018-06-19 16:40:41 [main] DEBUG com.wl.util.AesUtil [97] - AES|Encrypted salt:null
2018-06-19 16:40:41 [main] DEBUG com.wl.util.AesUtil [100] - IV dec :null
2018-06-19 16:40:41 [main] DEBUG com.wl.util.AesUtil [101] - SALT dec :null
2018-06-19 16:40:42 [main] ERROR com.wl.util.AesUtil [280] - Exception while decrypting secret key
java.security.InvalidKeyException: Unsupported key type: null
	at sun.security.mscapi.RSACipher.init(RSACipher.java:243) ~[sunmscapi.jar:1.7.0_80]
	at sun.security.mscapi.RSACipher.engineInit(RSACipher.java:158) ~[sunmscapi.jar:1.7.0_80]
	at javax.crypto.Cipher.implInit(Cipher.java:787) ~[na:1.7.0_71]
	at javax.crypto.Cipher.chooseProvider(Cipher.java:849) ~[na:1.7.0_71]
	at javax.crypto.Cipher.init(Cipher.java:1213) ~[na:1.7.0_71]
	at javax.crypto.Cipher.init(Cipher.java:1153) ~[na:1.7.0_71]
	at com.wl.util.AesUtil.decryptSecretKey(AesUtil.java:276) [classes/:na]
	at com.wl.util.AesUtil.init(AesUtil.java:102) [classes/:na]
	at com.wl.util.TestAesUtil.testAxisPSPEncryption(TestAesUtil.java:203) [test-classes/:na]
	at sun.reflect.NativeMethodAccessorImpl.invoke0(Native Method) ~[na:1.7.0_79]
	at sun.reflect.NativeMethodAccessorImpl.invoke(NativeMethodAccessorImpl.java:57) ~[na:1.7.0_79]
	at sun.reflect.DelegatingMethodAccessorImpl.invoke(DelegatingMethodAccessorImpl.java:43) ~[na:1.7.0_79]
	at java.lang.reflect.Method.invoke(Method.java:606) ~[na:1.7.0_79]
	at org.junit.runners.model.FrameworkMethod$1.runReflectiveCall(FrameworkMethod.java:47) [junit-4.11.jar:na]
	at org.junit.internal.runners.model.ReflectiveCallable.run(ReflectiveCallable.java:12) [junit-4.11.jar:na]
	at org.junit.runners.model.FrameworkMethod.invokeExplosively(FrameworkMethod.java:44) [junit-4.11.jar:na]
	at org.junit.internal.runners.statements.InvokeMethod.evaluate(InvokeMethod.java:17) [junit-4.11.jar:na]
	at org.junit.internal.runners.statements.RunBefores.evaluate(RunBefores.java:26) [junit-4.11.jar:na]
	at org.junit.runners.ParentRunner.runLeaf(ParentRunner.java:271) [junit-4.11.jar:na]
	at org.junit.runners.BlockJUnit4ClassRunner.runChild(BlockJUnit4ClassRunner.java:70) [junit-4.11.jar:na]
	at org.junit.runners.BlockJUnit4ClassRunner.runChild(BlockJUnit4ClassRunner.java:50) [junit-4.11.jar:na]
	at org.junit.runners.ParentRunner$3.run(ParentRunner.java:238) [junit-4.11.jar:na]
	at org.junit.runners.ParentRunner$1.schedule(ParentRunner.java:63) [junit-4.11.jar:na]
	at org.junit.runners.ParentRunner.runChildren(ParentRunner.java:236) [junit-4.11.jar:na]
	at org.junit.runners.ParentRunner.access$000(ParentRunner.java:53) [junit-4.11.jar:na]
	at org.junit.runners.ParentRunner$2.evaluate(ParentRunner.java:229) [junit-4.11.jar:na]
	at org.junit.runners.ParentRunner.run(ParentRunner.java:309) [junit-4.11.jar:na]
	at org.eclipse.jdt.internal.junit4.runner.JUnit4TestReference.run(JUnit4TestReference.java:86) [.cp/:na]
	at org.eclipse.jdt.internal.junit.runner.TestExecution.run(TestExecution.java:38) [.cp/:na]
	at org.eclipse.jdt.internal.junit.runner.RemoteTestRunner.runTests(RemoteTestRunner.java:459) [.cp/:na]
	at org.eclipse.jdt.internal.junit.runner.RemoteTestRunner.runTests(RemoteTestRunner.java:678) [.cp/:na]
	at org.eclipse.jdt.internal.junit.runner.RemoteTestRunner.run(RemoteTestRunner.java:382) [.cp/:na]
	at org.eclipse.jdt.internal.junit.runner.RemoteTestRunner.main(RemoteTestRunner.java:192) [.cp/:na]
2018-06-19 16:40:42 [main] DEBUG com.wl.util.AesUtil [181] - Key Used :null
2018-06-19 16:40:42 [main] ERROR com.wl.util.AesUtil [109] - Error while generating key or iv
java.lang.NullPointerException: null
	at com.wl.util.AesUtil.generateKey(AesUtil.java:187) ~[classes/:na]
	at com.wl.util.AesUtil.init(AesUtil.java:102) ~[classes/:na]
	at com.wl.util.TestAesUtil.testAxisPSPEncryption(TestAesUtil.java:203) [test-classes/:na]
	at sun.reflect.NativeMethodAccessorImpl.invoke0(Native Method) ~[na:1.7.0_79]
	at sun.reflect.NativeMethodAccessorImpl.invoke(NativeMethodAccessorImpl.java:57) ~[na:1.7.0_79]
	at sun.reflect.DelegatingMethodAccessorImpl.invoke(DelegatingMethodAccessorImpl.java:43) ~[na:1.7.0_79]
	at java.lang.reflect.Method.invoke(Method.java:606) ~[na:1.7.0_79]
	at org.junit.runners.model.FrameworkMethod$1.runReflectiveCall(FrameworkMethod.java:47) [junit-4.11.jar:na]
	at org.junit.internal.runners.model.ReflectiveCallable.run(ReflectiveCallable.java:12) [junit-4.11.jar:na]
	at org.junit.runners.model.FrameworkMethod.invokeExplosively(FrameworkMethod.java:44) [junit-4.11.jar:na]
	at org.junit.internal.runners.statements.InvokeMethod.evaluate(InvokeMethod.java:17) [junit-4.11.jar:na]
	at org.junit.internal.runners.statements.RunBefores.evaluate(RunBefores.java:26) [junit-4.11.jar:na]
	at org.junit.runners.ParentRunner.runLeaf(ParentRunner.java:271) [junit-4.11.jar:na]
	at org.junit.runners.BlockJUnit4ClassRunner.runChild(BlockJUnit4ClassRunner.java:70) [junit-4.11.jar:na]
	at org.junit.runners.BlockJUnit4ClassRunner.runChild(BlockJUnit4ClassRunner.java:50) [junit-4.11.jar:na]
	at org.junit.runners.ParentRunner$3.run(ParentRunner.java:238) [junit-4.11.jar:na]
	at org.junit.runners.ParentRunner$1.schedule(ParentRunner.java:63) [junit-4.11.jar:na]
	at org.junit.runners.ParentRunner.runChildren(ParentRunner.java:236) [junit-4.11.jar:na]
	at org.junit.runners.ParentRunner.access$000(ParentRunner.java:53) [junit-4.11.jar:na]
	at org.junit.runners.ParentRunner$2.evaluate(ParentRunner.java:229) [junit-4.11.jar:na]
	at org.junit.runners.ParentRunner.run(ParentRunner.java:309) [junit-4.11.jar:na]
	at org.eclipse.jdt.internal.junit4.runner.JUnit4TestReference.run(JUnit4TestReference.java:86) [.cp/:na]
	at org.eclipse.jdt.internal.junit.runner.TestExecution.run(TestExecution.java:38) [.cp/:na]
	at org.eclipse.jdt.internal.junit.runner.RemoteTestRunner.runTests(RemoteTestRunner.java:459) [.cp/:na]
	at org.eclipse.jdt.internal.junit.runner.RemoteTestRunner.runTests(RemoteTestRunner.java:678) [.cp/:na]
	at org.eclipse.jdt.internal.junit.runner.RemoteTestRunner.run(RemoteTestRunner.java:382) [.cp/:na]
	at org.eclipse.jdt.internal.junit.runner.RemoteTestRunner.main(RemoteTestRunner.java:192) [.cp/:na]
2018-06-19 16:41:24 [main] ERROR com.wl.util.AesUtil [242] - Exception while setting private key
java.io.FileNotFoundException: D:\WL-DATA\documents\PROJECTS\mvisa_merchant_workspace\bharatqr-application\BharatQR\src\main\resources\paymod223.keystore (The system cannot find the path specified)
	at java.io.FileInputStream.open(Native Method) ~[na:1.7.0_79]
	at java.io.FileInputStream.<init>(FileInputStream.java:146) ~[na:1.7.0_79]
	at java.io.FileInputStream.<init>(FileInputStream.java:101) ~[na:1.7.0_79]
	at com.wl.util.AesUtil.setPrivateKey(AesUtil.java:227) ~[classes/:na]
	at com.wl.util.TestAesUtil.testEncryptSecretKey(TestAesUtil.java:78) [test-classes/:na]
	at sun.reflect.NativeMethodAccessorImpl.invoke0(Native Method) ~[na:1.7.0_79]
	at sun.reflect.NativeMethodAccessorImpl.invoke(NativeMethodAccessorImpl.java:57) ~[na:1.7.0_79]
	at sun.reflect.DelegatingMethodAccessorImpl.invoke(DelegatingMethodAccessorImpl.java:43) ~[na:1.7.0_79]
	at java.lang.reflect.Method.invoke(Method.java:606) ~[na:1.7.0_79]
	at org.junit.runners.model.FrameworkMethod$1.runReflectiveCall(FrameworkMethod.java:47) [junit-4.11.jar:na]
	at org.junit.internal.runners.model.ReflectiveCallable.run(ReflectiveCallable.java:12) [junit-4.11.jar:na]
	at org.junit.runners.model.FrameworkMethod.invokeExplosively(FrameworkMethod.java:44) [junit-4.11.jar:na]
	at org.junit.internal.runners.statements.InvokeMethod.evaluate(InvokeMethod.java:17) [junit-4.11.jar:na]
	at org.junit.internal.runners.statements.RunBefores.evaluate(RunBefores.java:26) [junit-4.11.jar:na]
	at org.junit.runners.ParentRunner.runLeaf(ParentRunner.java:271) [junit-4.11.jar:na]
	at org.junit.runners.BlockJUnit4ClassRunner.runChild(BlockJUnit4ClassRunner.java:70) [junit-4.11.jar:na]
	at org.junit.runners.BlockJUnit4ClassRunner.runChild(BlockJUnit4ClassRunner.java:50) [junit-4.11.jar:na]
	at org.junit.runners.ParentRunner$3.run(ParentRunner.java:238) [junit-4.11.jar:na]
	at org.junit.runners.ParentRunner$1.schedule(ParentRunner.java:63) [junit-4.11.jar:na]
	at org.junit.runners.ParentRunner.runChildren(ParentRunner.java:236) [junit-4.11.jar:na]
	at org.junit.runners.ParentRunner.access$000(ParentRunner.java:53) [junit-4.11.jar:na]
	at org.junit.runners.ParentRunner$2.evaluate(ParentRunner.java:229) [junit-4.11.jar:na]
	at org.junit.runners.ParentRunner.run(ParentRunner.java:309) [junit-4.11.jar:na]
	at org.eclipse.jdt.internal.junit4.runner.JUnit4TestReference.run(JUnit4TestReference.java:86) [.cp/:na]
	at org.eclipse.jdt.internal.junit.runner.TestExecution.run(TestExecution.java:38) [.cp/:na]
	at org.eclipse.jdt.internal.junit.runner.RemoteTestRunner.runTests(RemoteTestRunner.java:459) [.cp/:na]
	at org.eclipse.jdt.internal.junit.runner.RemoteTestRunner.runTests(RemoteTestRunner.java:678) [.cp/:na]
	at org.eclipse.jdt.internal.junit.runner.RemoteTestRunner.run(RemoteTestRunner.java:382) [.cp/:na]
	at org.eclipse.jdt.internal.junit.runner.RemoteTestRunner.main(RemoteTestRunner.java:192) [.cp/:na]
2018-06-19 16:41:24 [main] ERROR com.wl.util.AesUtil [208] - Exception while setting private key
java.io.FileNotFoundException: D:\WL-DATA\documents\PROJECTS\mvisa_merchant_workspace\bharatqr-application\BharatQR\src\main\resources\irctc.cer (The system cannot find the path specified)
	at java.io.FileInputStream.open(Native Method) ~[na:1.7.0_79]
	at java.io.FileInputStream.<init>(FileInputStream.java:146) ~[na:1.7.0_79]
	at com.wl.util.AesUtil.setPublicKey(AesUtil.java:204) ~[classes/:na]
	at com.wl.util.TestAesUtil.testAxisPSPEncryption(TestAesUtil.java:201) [test-classes/:na]
	at sun.reflect.NativeMethodAccessorImpl.invoke0(Native Method) ~[na:1.7.0_79]
	at sun.reflect.NativeMethodAccessorImpl.invoke(NativeMethodAccessorImpl.java:57) ~[na:1.7.0_79]
	at sun.reflect.DelegatingMethodAccessorImpl.invoke(DelegatingMethodAccessorImpl.java:43) ~[na:1.7.0_79]
	at java.lang.reflect.Method.invoke(Method.java:606) ~[na:1.7.0_79]
	at org.junit.runners.model.FrameworkMethod$1.runReflectiveCall(FrameworkMethod.java:47) [junit-4.11.jar:na]
	at org.junit.internal.runners.model.ReflectiveCallable.run(ReflectiveCallable.java:12) [junit-4.11.jar:na]
	at org.junit.runners.model.FrameworkMethod.invokeExplosively(FrameworkMethod.java:44) [junit-4.11.jar:na]
	at org.junit.internal.runners.statements.InvokeMethod.evaluate(InvokeMethod.java:17) [junit-4.11.jar:na]
	at org.junit.internal.runners.statements.RunBefores.evaluate(RunBefores.java:26) [junit-4.11.jar:na]
	at org.junit.runners.ParentRunner.runLeaf(ParentRunner.java:271) [junit-4.11.jar:na]
	at org.junit.runners.BlockJUnit4ClassRunner.runChild(BlockJUnit4ClassRunner.java:70) [junit-4.11.jar:na]
	at org.junit.runners.BlockJUnit4ClassRunner.runChild(BlockJUnit4ClassRunner.java:50) [junit-4.11.jar:na]
	at org.junit.runners.ParentRunner$3.run(ParentRunner.java:238) [junit-4.11.jar:na]
	at org.junit.runners.ParentRunner$1.schedule(ParentRunner.java:63) [junit-4.11.jar:na]
	at org.junit.runners.ParentRunner.runChildren(ParentRunner.java:236) [junit-4.11.jar:na]
	at org.junit.runners.ParentRunner.access$000(ParentRunner.java:53) [junit-4.11.jar:na]
	at org.junit.runners.ParentRunner$2.evaluate(ParentRunner.java:229) [junit-4.11.jar:na]
	at org.junit.runners.ParentRunner.run(ParentRunner.java:309) [junit-4.11.jar:na]
	at org.eclipse.jdt.internal.junit4.runner.JUnit4TestReference.run(JUnit4TestReference.java:86) [.cp/:na]
	at org.eclipse.jdt.internal.junit.runner.TestExecution.run(TestExecution.java:38) [.cp/:na]
	at org.eclipse.jdt.internal.junit.runner.RemoteTestRunner.runTests(RemoteTestRunner.java:459) [.cp/:na]
	at org.eclipse.jdt.internal.junit.runner.RemoteTestRunner.runTests(RemoteTestRunner.java:678) [.cp/:na]
	at org.eclipse.jdt.internal.junit.runner.RemoteTestRunner.run(RemoteTestRunner.java:382) [.cp/:na]
	at org.eclipse.jdt.internal.junit.runner.RemoteTestRunner.main(RemoteTestRunner.java:192) [.cp/:na]
2018-06-19 16:41:24 [main] DEBUG com.wl.util.AesUtil [95] - Aes|Encrypted key:Bvo0gjI18RtfI/QzDA/ngtbzhaZu0mCtUStz2AQV3yDeLKKlGcQBnkwnRCyD5tlzH5I0nmBDnGqdUcH7hIwXGmVvydq5SLCGTY3CJldCH3kabQKj1i4H7CmshvL3+VDaZoVuSnKPJrdFHQ9flyV0e4epa6/gJcw4Ja79JL5zcKQu29E7HPZKJALGMHVvPAjIoNzDljDGEZ+H++Kl8nAAR2nAhlmEfTg7vv0Zxx20IWBcnaCraqybtcMjlSTTwvl6dRrHjnJG9CGLClfYlh8OE6vMzkdoE76B8D1b+KrmzfwJx01Hl9FquVdrUvTZJynGHVzQ0ZKdPfg5DXRNvNP2ig==
2018-06-19 16:41:24 [main] DEBUG com.wl.util.AesUtil [96] - AES|Encrypted iv:null
2018-06-19 16:41:24 [main] DEBUG com.wl.util.AesUtil [97] - AES|Encrypted salt:null
2018-06-19 16:41:24 [main] DEBUG com.wl.util.AesUtil [100] - IV dec :null
2018-06-19 16:41:24 [main] DEBUG com.wl.util.AesUtil [101] - SALT dec :null
2018-06-19 16:41:24 [main] ERROR com.wl.util.AesUtil [280] - Exception while decrypting secret key
java.security.InvalidKeyException: Unsupported key type: null
	at sun.security.mscapi.RSACipher.init(RSACipher.java:243) ~[sunmscapi.jar:1.7.0_80]
	at sun.security.mscapi.RSACipher.engineInit(RSACipher.java:158) ~[sunmscapi.jar:1.7.0_80]
	at javax.crypto.Cipher.implInit(Cipher.java:787) ~[na:1.7.0_71]
	at javax.crypto.Cipher.chooseProvider(Cipher.java:849) ~[na:1.7.0_71]
	at javax.crypto.Cipher.init(Cipher.java:1213) ~[na:1.7.0_71]
	at javax.crypto.Cipher.init(Cipher.java:1153) ~[na:1.7.0_71]
	at com.wl.util.AesUtil.decryptSecretKey(AesUtil.java:276) [classes/:na]
	at com.wl.util.AesUtil.init(AesUtil.java:102) [classes/:na]
	at com.wl.util.TestAesUtil.testAxisPSPEncryption(TestAesUtil.java:204) [test-classes/:na]
	at sun.reflect.NativeMethodAccessorImpl.invoke0(Native Method) ~[na:1.7.0_79]
	at sun.reflect.NativeMethodAccessorImpl.invoke(NativeMethodAccessorImpl.java:57) ~[na:1.7.0_79]
	at sun.reflect.DelegatingMethodAccessorImpl.invoke(DelegatingMethodAccessorImpl.java:43) ~[na:1.7.0_79]
	at java.lang.reflect.Method.invoke(Method.java:606) ~[na:1.7.0_79]
	at org.junit.runners.model.FrameworkMethod$1.runReflectiveCall(FrameworkMethod.java:47) [junit-4.11.jar:na]
	at org.junit.internal.runners.model.ReflectiveCallable.run(ReflectiveCallable.java:12) [junit-4.11.jar:na]
	at org.junit.runners.model.FrameworkMethod.invokeExplosively(FrameworkMethod.java:44) [junit-4.11.jar:na]
	at org.junit.internal.runners.statements.InvokeMethod.evaluate(InvokeMethod.java:17) [junit-4.11.jar:na]
	at org.junit.internal.runners.statements.RunBefores.evaluate(RunBefores.java:26) [junit-4.11.jar:na]
	at org.junit.runners.ParentRunner.runLeaf(ParentRunner.java:271) [junit-4.11.jar:na]
	at org.junit.runners.BlockJUnit4ClassRunner.runChild(BlockJUnit4ClassRunner.java:70) [junit-4.11.jar:na]
	at org.junit.runners.BlockJUnit4ClassRunner.runChild(BlockJUnit4ClassRunner.java:50) [junit-4.11.jar:na]
	at org.junit.runners.ParentRunner$3.run(ParentRunner.java:238) [junit-4.11.jar:na]
	at org.junit.runners.ParentRunner$1.schedule(ParentRunner.java:63) [junit-4.11.jar:na]
	at org.junit.runners.ParentRunner.runChildren(ParentRunner.java:236) [junit-4.11.jar:na]
	at org.junit.runners.ParentRunner.access$000(ParentRunner.java:53) [junit-4.11.jar:na]
	at org.junit.runners.ParentRunner$2.evaluate(ParentRunner.java:229) [junit-4.11.jar:na]
	at org.junit.runners.ParentRunner.run(ParentRunner.java:309) [junit-4.11.jar:na]
	at org.eclipse.jdt.internal.junit4.runner.JUnit4TestReference.run(JUnit4TestReference.java:86) [.cp/:na]
	at org.eclipse.jdt.internal.junit.runner.TestExecution.run(TestExecution.java:38) [.cp/:na]
	at org.eclipse.jdt.internal.junit.runner.RemoteTestRunner.runTests(RemoteTestRunner.java:459) [.cp/:na]
	at org.eclipse.jdt.internal.junit.runner.RemoteTestRunner.runTests(RemoteTestRunner.java:678) [.cp/:na]
	at org.eclipse.jdt.internal.junit.runner.RemoteTestRunner.run(RemoteTestRunner.java:382) [.cp/:na]
	at org.eclipse.jdt.internal.junit.runner.RemoteTestRunner.main(RemoteTestRunner.java:192) [.cp/:na]
2018-06-19 16:41:24 [main] DEBUG com.wl.util.AesUtil [181] - Key Used :null
2018-06-19 16:41:24 [main] ERROR com.wl.util.AesUtil [109] - Error while generating key or iv
java.lang.NullPointerException: null
	at com.wl.util.AesUtil.generateKey(AesUtil.java:187) ~[classes/:na]
	at com.wl.util.AesUtil.init(AesUtil.java:102) ~[classes/:na]
	at com.wl.util.TestAesUtil.testAxisPSPEncryption(TestAesUtil.java:204) [test-classes/:na]
	at sun.reflect.NativeMethodAccessorImpl.invoke0(Native Method) ~[na:1.7.0_79]
	at sun.reflect.NativeMethodAccessorImpl.invoke(NativeMethodAccessorImpl.java:57) ~[na:1.7.0_79]
	at sun.reflect.DelegatingMethodAccessorImpl.invoke(DelegatingMethodAccessorImpl.java:43) ~[na:1.7.0_79]
	at java.lang.reflect.Method.invoke(Method.java:606) ~[na:1.7.0_79]
	at org.junit.runners.model.FrameworkMethod$1.runReflectiveCall(FrameworkMethod.java:47) [junit-4.11.jar:na]
	at org.junit.internal.runners.model.ReflectiveCallable.run(ReflectiveCallable.java:12) [junit-4.11.jar:na]
	at org.junit.runners.model.FrameworkMethod.invokeExplosively(FrameworkMethod.java:44) [junit-4.11.jar:na]
	at org.junit.internal.runners.statements.InvokeMethod.evaluate(InvokeMethod.java:17) [junit-4.11.jar:na]
	at org.junit.internal.runners.statements.RunBefores.evaluate(RunBefores.java:26) [junit-4.11.jar:na]
	at org.junit.runners.ParentRunner.runLeaf(ParentRunner.java:271) [junit-4.11.jar:na]
	at org.junit.runners.BlockJUnit4ClassRunner.runChild(BlockJUnit4ClassRunner.java:70) [junit-4.11.jar:na]
	at org.junit.runners.BlockJUnit4ClassRunner.runChild(BlockJUnit4ClassRunner.java:50) [junit-4.11.jar:na]
	at org.junit.runners.ParentRunner$3.run(ParentRunner.java:238) [junit-4.11.jar:na]
	at org.junit.runners.ParentRunner$1.schedule(ParentRunner.java:63) [junit-4.11.jar:na]
	at org.junit.runners.ParentRunner.runChildren(ParentRunner.java:236) [junit-4.11.jar:na]
	at org.junit.runners.ParentRunner.access$000(ParentRunner.java:53) [junit-4.11.jar:na]
	at org.junit.runners.ParentRunner$2.evaluate(ParentRunner.java:229) [junit-4.11.jar:na]
	at org.junit.runners.ParentRunner.run(ParentRunner.java:309) [junit-4.11.jar:na]
	at org.eclipse.jdt.internal.junit4.runner.JUnit4TestReference.run(JUnit4TestReference.java:86) [.cp/:na]
	at org.eclipse.jdt.internal.junit.runner.TestExecution.run(TestExecution.java:38) [.cp/:na]
	at org.eclipse.jdt.internal.junit.runner.RemoteTestRunner.runTests(RemoteTestRunner.java:459) [.cp/:na]
	at org.eclipse.jdt.internal.junit.runner.RemoteTestRunner.runTests(RemoteTestRunner.java:678) [.cp/:na]
	at org.eclipse.jdt.internal.junit.runner.RemoteTestRunner.run(RemoteTestRunner.java:382) [.cp/:na]
	at org.eclipse.jdt.internal.junit.runner.RemoteTestRunner.main(RemoteTestRunner.java:192) [.cp/:na]
2018-06-19 16:42:17 [main] ERROR com.wl.util.AesUtil [242] - Exception while setting private key
java.io.FileNotFoundException: D:\WL-DATA\documents\PROJECTS\mvisa_merchant_workspace\bharatqr-application\BharatQR\src\main\resources\paymod223.keystore (The system cannot find the path specified)
	at java.io.FileInputStream.open(Native Method) ~[na:1.7.0_79]
	at java.io.FileInputStream.<init>(FileInputStream.java:146) ~[na:1.7.0_79]
	at java.io.FileInputStream.<init>(FileInputStream.java:101) ~[na:1.7.0_79]
	at com.wl.util.AesUtil.setPrivateKey(AesUtil.java:227) ~[classes/:na]
	at com.wl.util.TestAesUtil.testEncryptSecretKey(TestAesUtil.java:78) [test-classes/:na]
	at sun.reflect.NativeMethodAccessorImpl.invoke0(Native Method) ~[na:1.7.0_79]
	at sun.reflect.NativeMethodAccessorImpl.invoke(NativeMethodAccessorImpl.java:57) ~[na:1.7.0_79]
	at sun.reflect.DelegatingMethodAccessorImpl.invoke(DelegatingMethodAccessorImpl.java:43) ~[na:1.7.0_79]
	at java.lang.reflect.Method.invoke(Method.java:606) ~[na:1.7.0_79]
	at org.junit.runners.model.FrameworkMethod$1.runReflectiveCall(FrameworkMethod.java:47) [junit-4.11.jar:na]
	at org.junit.internal.runners.model.ReflectiveCallable.run(ReflectiveCallable.java:12) [junit-4.11.jar:na]
	at org.junit.runners.model.FrameworkMethod.invokeExplosively(FrameworkMethod.java:44) [junit-4.11.jar:na]
	at org.junit.internal.runners.statements.InvokeMethod.evaluate(InvokeMethod.java:17) [junit-4.11.jar:na]
	at org.junit.internal.runners.statements.RunBefores.evaluate(RunBefores.java:26) [junit-4.11.jar:na]
	at org.junit.runners.ParentRunner.runLeaf(ParentRunner.java:271) [junit-4.11.jar:na]
	at org.junit.runners.BlockJUnit4ClassRunner.runChild(BlockJUnit4ClassRunner.java:70) [junit-4.11.jar:na]
	at org.junit.runners.BlockJUnit4ClassRunner.runChild(BlockJUnit4ClassRunner.java:50) [junit-4.11.jar:na]
	at org.junit.runners.ParentRunner$3.run(ParentRunner.java:238) [junit-4.11.jar:na]
	at org.junit.runners.ParentRunner$1.schedule(ParentRunner.java:63) [junit-4.11.jar:na]
	at org.junit.runners.ParentRunner.runChildren(ParentRunner.java:236) [junit-4.11.jar:na]
	at org.junit.runners.ParentRunner.access$000(ParentRunner.java:53) [junit-4.11.jar:na]
	at org.junit.runners.ParentRunner$2.evaluate(ParentRunner.java:229) [junit-4.11.jar:na]
	at org.junit.runners.ParentRunner.run(ParentRunner.java:309) [junit-4.11.jar:na]
	at org.eclipse.jdt.internal.junit4.runner.JUnit4TestReference.run(JUnit4TestReference.java:86) [.cp/:na]
	at org.eclipse.jdt.internal.junit.runner.TestExecution.run(TestExecution.java:38) [.cp/:na]
	at org.eclipse.jdt.internal.junit.runner.RemoteTestRunner.runTests(RemoteTestRunner.java:459) [.cp/:na]
	at org.eclipse.jdt.internal.junit.runner.RemoteTestRunner.runTests(RemoteTestRunner.java:678) [.cp/:na]
	at org.eclipse.jdt.internal.junit.runner.RemoteTestRunner.run(RemoteTestRunner.java:382) [.cp/:na]
	at org.eclipse.jdt.internal.junit.runner.RemoteTestRunner.main(RemoteTestRunner.java:192) [.cp/:na]
2018-06-19 16:42:17 [main] DEBUG com.wl.util.AesUtil [95] - Aes|Encrypted key:Bvo0gjI18RtfI/QzDA/ngtbzhaZu0mCtUStz2AQV3yDeLKKlGcQBnkwnRCyD5tlzH5I0nmBDnGqdUcH7hIwXGmVvydq5SLCGTY3CJldCH3kabQKj1i4H7CmshvL3+VDaZoVuSnKPJrdFHQ9flyV0e4epa6/gJcw4Ja79JL5zcKQu29E7HPZKJALGMHVvPAjIoNzDljDGEZ+H++Kl8nAAR2nAhlmEfTg7vv0Zxx20IWBcnaCraqybtcMjlSTTwvl6dRrHjnJG9CGLClfYlh8OE6vMzkdoE76B8D1b+KrmzfwJx01Hl9FquVdrUvTZJynGHVzQ0ZKdPfg5DXRNvNP2ig==
2018-06-19 16:42:17 [main] DEBUG com.wl.util.AesUtil [96] - AES|Encrypted iv:null
2018-06-19 16:42:17 [main] DEBUG com.wl.util.AesUtil [97] - AES|Encrypted salt:null
2018-06-19 16:42:17 [main] DEBUG com.wl.util.AesUtil [100] - IV dec :null
2018-06-19 16:42:17 [main] DEBUG com.wl.util.AesUtil [101] - SALT dec :null
2018-06-19 16:42:17 [main] ERROR com.wl.util.AesUtil [280] - Exception while decrypting secret key
javax.crypto.BadPaddingException: Decryption error
	at sun.security.rsa.RSAPadding.unpadV15(RSAPadding.java:380) ~[na:1.7.0_79]
	at sun.security.rsa.RSAPadding.unpad(RSAPadding.java:291) ~[na:1.7.0_79]
	at com.sun.crypto.provider.RSACipher.doFinal(RSACipher.java:358) ~[sunjce_provider.jar:1.7.0_85]
	at com.sun.crypto.provider.RSACipher.engineDoFinal(RSACipher.java:391) ~[sunjce_provider.jar:1.7.0_85]
	at javax.crypto.Cipher.doFinal(Cipher.java:2087) ~[na:1.7.0_71]
	at com.wl.util.AesUtil.decryptSecretKey(AesUtil.java:277) [classes/:na]
	at com.wl.util.AesUtil.init(AesUtil.java:102) [classes/:na]
	at com.wl.util.TestAesUtil.testAxisPSPEncryption(TestAesUtil.java:204) [test-classes/:na]
	at sun.reflect.NativeMethodAccessorImpl.invoke0(Native Method) ~[na:1.7.0_79]
	at sun.reflect.NativeMethodAccessorImpl.invoke(NativeMethodAccessorImpl.java:57) ~[na:1.7.0_79]
	at sun.reflect.DelegatingMethodAccessorImpl.invoke(DelegatingMethodAccessorImpl.java:43) ~[na:1.7.0_79]
	at java.lang.reflect.Method.invoke(Method.java:606) ~[na:1.7.0_79]
	at org.junit.runners.model.FrameworkMethod$1.runReflectiveCall(FrameworkMethod.java:47) [junit-4.11.jar:na]
	at org.junit.internal.runners.model.ReflectiveCallable.run(ReflectiveCallable.java:12) [junit-4.11.jar:na]
	at org.junit.runners.model.FrameworkMethod.invokeExplosively(FrameworkMethod.java:44) [junit-4.11.jar:na]
	at org.junit.internal.runners.statements.InvokeMethod.evaluate(InvokeMethod.java:17) [junit-4.11.jar:na]
	at org.junit.internal.runners.statements.RunBefores.evaluate(RunBefores.java:26) [junit-4.11.jar:na]
	at org.junit.runners.ParentRunner.runLeaf(ParentRunner.java:271) [junit-4.11.jar:na]
	at org.junit.runners.BlockJUnit4ClassRunner.runChild(BlockJUnit4ClassRunner.java:70) [junit-4.11.jar:na]
	at org.junit.runners.BlockJUnit4ClassRunner.runChild(BlockJUnit4ClassRunner.java:50) [junit-4.11.jar:na]
	at org.junit.runners.ParentRunner$3.run(ParentRunner.java:238) [junit-4.11.jar:na]
	at org.junit.runners.ParentRunner$1.schedule(ParentRunner.java:63) [junit-4.11.jar:na]
	at org.junit.runners.ParentRunner.runChildren(ParentRunner.java:236) [junit-4.11.jar:na]
	at org.junit.runners.ParentRunner.access$000(ParentRunner.java:53) [junit-4.11.jar:na]
	at org.junit.runners.ParentRunner$2.evaluate(ParentRunner.java:229) [junit-4.11.jar:na]
	at org.junit.runners.ParentRunner.run(ParentRunner.java:309) [junit-4.11.jar:na]
	at org.eclipse.jdt.internal.junit4.runner.JUnit4TestReference.run(JUnit4TestReference.java:86) [.cp/:na]
	at org.eclipse.jdt.internal.junit.runner.TestExecution.run(TestExecution.java:38) [.cp/:na]
	at org.eclipse.jdt.internal.junit.runner.RemoteTestRunner.runTests(RemoteTestRunner.java:459) [.cp/:na]
	at org.eclipse.jdt.internal.junit.runner.RemoteTestRunner.runTests(RemoteTestRunner.java:678) [.cp/:na]
	at org.eclipse.jdt.internal.junit.runner.RemoteTestRunner.run(RemoteTestRunner.java:382) [.cp/:na]
	at org.eclipse.jdt.internal.junit.runner.RemoteTestRunner.main(RemoteTestRunner.java:192) [.cp/:na]
2018-06-19 16:42:17 [main] DEBUG com.wl.util.AesUtil [181] - Key Used :null
2018-06-19 16:42:17 [main] ERROR com.wl.util.AesUtil [109] - Error while generating key or iv
java.lang.NullPointerException: null
	at com.wl.util.AesUtil.generateKey(AesUtil.java:187) ~[classes/:na]
	at com.wl.util.AesUtil.init(AesUtil.java:102) ~[classes/:na]
	at com.wl.util.TestAesUtil.testAxisPSPEncryption(TestAesUtil.java:204) [test-classes/:na]
	at sun.reflect.NativeMethodAccessorImpl.invoke0(Native Method) ~[na:1.7.0_79]
	at sun.reflect.NativeMethodAccessorImpl.invoke(NativeMethodAccessorImpl.java:57) ~[na:1.7.0_79]
	at sun.reflect.DelegatingMethodAccessorImpl.invoke(DelegatingMethodAccessorImpl.java:43) ~[na:1.7.0_79]
	at java.lang.reflect.Method.invoke(Method.java:606) ~[na:1.7.0_79]
	at org.junit.runners.model.FrameworkMethod$1.runReflectiveCall(FrameworkMethod.java:47) [junit-4.11.jar:na]
	at org.junit.internal.runners.model.ReflectiveCallable.run(ReflectiveCallable.java:12) [junit-4.11.jar:na]
	at org.junit.runners.model.FrameworkMethod.invokeExplosively(FrameworkMethod.java:44) [junit-4.11.jar:na]
	at org.junit.internal.runners.statements.InvokeMethod.evaluate(InvokeMethod.java:17) [junit-4.11.jar:na]
	at org.junit.internal.runners.statements.RunBefores.evaluate(RunBefores.java:26) [junit-4.11.jar:na]
	at org.junit.runners.ParentRunner.runLeaf(ParentRunner.java:271) [junit-4.11.jar:na]
	at org.junit.runners.BlockJUnit4ClassRunner.runChild(BlockJUnit4ClassRunner.java:70) [junit-4.11.jar:na]
	at org.junit.runners.BlockJUnit4ClassRunner.runChild(BlockJUnit4ClassRunner.java:50) [junit-4.11.jar:na]
	at org.junit.runners.ParentRunner$3.run(ParentRunner.java:238) [junit-4.11.jar:na]
	at org.junit.runners.ParentRunner$1.schedule(ParentRunner.java:63) [junit-4.11.jar:na]
	at org.junit.runners.ParentRunner.runChildren(ParentRunner.java:236) [junit-4.11.jar:na]
	at org.junit.runners.ParentRunner.access$000(ParentRunner.java:53) [junit-4.11.jar:na]
	at org.junit.runners.ParentRunner$2.evaluate(ParentRunner.java:229) [junit-4.11.jar:na]
	at org.junit.runners.ParentRunner.run(ParentRunner.java:309) [junit-4.11.jar:na]
	at org.eclipse.jdt.internal.junit4.runner.JUnit4TestReference.run(JUnit4TestReference.java:86) [.cp/:na]
	at org.eclipse.jdt.internal.junit.runner.TestExecution.run(TestExecution.java:38) [.cp/:na]
	at org.eclipse.jdt.internal.junit.runner.RemoteTestRunner.runTests(RemoteTestRunner.java:459) [.cp/:na]
	at org.eclipse.jdt.internal.junit.runner.RemoteTestRunner.runTests(RemoteTestRunner.java:678) [.cp/:na]
	at org.eclipse.jdt.internal.junit.runner.RemoteTestRunner.run(RemoteTestRunner.java:382) [.cp/:na]
	at org.eclipse.jdt.internal.junit.runner.RemoteTestRunner.main(RemoteTestRunner.java:192) [.cp/:na]
2018-06-19 16:42:51 [main] DEBUG com.wl.util.TestAesUtil [85] - instaMer key |XypT5WgW8+Kdqj8UQHYf7RfUrbp7LWLr69QklLQps0vBZfOqpLNVkpiLaDMZXs1ySzDgEGV/nWdWBcpJmnXKB0uaZHy/APCOUQovkrpBfYonSUCEqfu1a0CT/egJfpQdxifWsmB2DshuBbKT1oXf2Qp0rWaBlmjHyDEVN+39vexMxLrAYzARg/eJ4BoDeDi6VlSTlOUbGaxi9Qf+XEaktBwV0tquJRLu54G/THL2X4WkcxneShUMGlMCdJc7XUPv7ovnMKbgdlYV1X2YwaAn0Fb6TgzZANRXmUNH2KrfA5IusAZ2yuSidxg5OrxCb+TxQZTouEo+f3YJ8rZt4/B0rQ==
2018-06-19 16:42:51 [main] DEBUG com.wl.util.TestAesUtil [87] - instaMer iv |BOQVVNR7qbyfzauACGfX+CwCmnx1pKcKsZJnUTjbuD/BQNXf6p+nXyDHpmQNKnVFSpY9s91zrPIZWYAMMlIDQSd1Jn6UGPo7NRF12IDFVB5b1MyAWumnft56aJMx/MQL5A+6X3K8TFLz0xvduHGJB6Q3wnuvDtwPFfSbYDkBiHLAvnaO6ASgILdGcx5KQJ2wEbGaq1zTaAjtVpRx4FhGgB+3HySzQdSGlqH9KZBt+292b0bBO0XMXJnnSIxtjBmp5XyjI75DPoKIr5hldkgfFZIk5Yz1RZMrdzIYtGiG2jZxLv0gBTgkDVMrXkl/D0ahWJ3xm3PR2Xps9OmWbnZ/dw==
2018-06-19 16:42:51 [main] DEBUG com.wl.util.TestAesUtil [89] - instaMer des key |HtqxXEDYSaI+O7pX0Jx1PkW2SZGhohOYYd4qLrL9KjboK6J1QcshY9bL81jy9blcecDsORG5P88dPmO7E7ke2CfZnmmBXrke3H9BeZj6f808A66XHncdFtnj74hknlMs9NbEZUldLOiWRerXftK3sbvemKIjJm+hrsjdu1BoCdY7bnAdnsgWCEughnSgxDmwnhs6OywPYx5wJbiJys8nf5tv7C9JkdBCnUhv7kNYdHq29xHNMGeK7hXMHOL0638+KQmu2fd3vmvwdOI3h8l2z9d6q4BgfDYXHV9jEvl/bloGNPjWPApi7b680UTc/mr69gMeIdrlK7SoijyjdWJ+OA==
2018-06-19 16:42:51 [main] DEBUG com.wl.util.TestAesUtil [91] - instaMer des iv |HCje2V5Cdxd+kVX/GR+0Hu+5QMA4w93AOlDY4nDmmGN0EowNDKAucfNFc4IboWemAfMDWswdtKNXK6Dn5Ok785w6ilCf+9n4FUGa41Ha5ih+4dkSOzqOME+neH0C09hXx8CiyltcCAX9M1EivtOWpFcM9DQla7uYOQV+rZhEAzMfsAUAD4bORA3eQQAP6iS1qc9O4c6meB3jMYXklPux2fKPB+U1daPKcYjMkzgf1NSvDat8YNVMJPzaLdhqj63xHZYkY8nyN0g23Cq/KS4sGbye8RCwUaQBS9kOwPhYsUBIMmwurF4fUzUZiiaPDRFTLAcuhXLm5qOk+RCXFLLsIg==
2018-06-19 16:42:51 [main] DEBUG com.wl.util.TestAesUtil [95] - mobile iv |eW0Y3lm8F/rPZNuYEuXMEsGtXQExsMGpBCUKMTJCtYUNSnhh0LWpUdzui3S1cyfqODu7OobpSeHcwW5JICbaHiSSEmbl2OhYoce/kZnvEn4Oe4QqOWcaYq+4e85HNGzpRSMdORzMxeQ8tQZ3buSW1SRqNFYw4qhfDrY7wU+gujDr6v+qy6vQH1l7L8F3eQYBukg75rlNF/pCdseJHwSE+vRslHRNu09yElRcfnq1egKTSEuXN/5wOUNMIeq0WZreWrBpG4jAT4EUMnckNl4L6YclBkuM0wHlsqJZXsE1UVfJA9xR27WoCgWMyUCNYgYhEN/hOz2tzszhlAXMNGcYzA==
2018-06-19 16:42:51 [main] DEBUG com.wl.util.TestAesUtil [97] - mobile salt |e85bNhathwsxLtds6Sukv9RgPHMIBvp90F5DLiVVjiT+c5RXfBErknUHPTP9SB9xkPjoV1XruQg6CKre9KGHRI/azwcj1AxsyZH7+ao5aFeVNHneliE4zTUmHou03dz6Df45nmKIiFa2C44em01htl8VV0Bo+uw9Tbh8Y3muIP/GCDnETuVR/+K5sEEHqS4QWW94QYkk9VJzj/a1cZ/yPsmdLci58EJSyT+NkStdr8iWY1XaQ1Mde28zoe/zFll93NTmeSvIKM5RqooKWonwZky7s7cMsgvTirNPnLd/5nZaMPYHnh94jFrkUvq/VOQ3Q5PqWuCgkf+eZQ+9Zsphvg==
2018-06-19 16:42:51 [main] DEBUG com.wl.util.TestAesUtil [99] - mobile key |V38Vh31e9ZQNCEPt6bBY8dh9KJAdQ1zDqH5mgs79999ZRVobLzdIXiKZxO/cKbXqfYv6Ilwt5tmHG0pc/e8zpF1EJEwX87ZnS8BW/oOT7tNTgr2tdHGRKYXCHuvtwIJLPY2dbM1W2Oz2Uo9kmhG3wLCfCZOTjuMz140hBc4h9xzRpFnSq5XXhT5QoeFe8ytnJ27ZauR6dzVrlnFhDqw3Dg0blIsC3RQ9ypq52meq6Jz74jPiOi1Z+8VAQs+S1PIGhFzN5ohzqWbXiXyQUwqdqiU+Z+cxzkQlThcf56iQgz8nfPup10Y7WsskoEpTWz5dyoKr6IZfJar1E/jFBC2gwQ==
2018-06-19 16:42:51 [main] DEBUG com.wl.util.TestAesUtil [102] - mobile paycraft key |MnsPggtkS5W+tFRas0pjZzVHyG3aiM7zEG3xIG6uengNzf0lUR3Y7SkzxWqxnvxCLweHBs0N9jsd6j1s+JaqYXrEoQY3c/8eEPIqiJ3FCvmd2mPW5KX1buydZYoKzu8ryZt7JVzUmXnPqr6UkuJlx1aovNL4rIhVvSbT7sqduIth5HEIa780awo/SNtF4Xycx3NsX26hPAA76c8QBte4FBFZk/jz49bkKy/FfCgEbQw89xEb8+QYTtftxyDPqj+bgHJG1+3jx9yEKo6/A2gyRenptUEFx7cwEMMa8FfQpYEosbnv1/N5PvtHo8Xp/0lavWD4jwwStcxECvwig4pm7g==
2018-06-19 16:42:51 [main] DEBUG com.wl.util.TestAesUtil [104] - mobile paycraft iv |FYGfJqTkkmWi7Nj04Ov1GGNollIFUg41jpvlqehXkVu3bH8cGa6yIHi7+s3Wr3c4b6e3QzrOu9tqx8HdynPSzvFL4NJDDcxdkGVRC8HEIQw06ExPOD/Vjt1eT8ThCxiyt7MQosEd129CLFFprNxcIWp+3x7rEbLAoZiyKa3uuV8Pj4emwkBj1J9tyXV4hucRSGgyaCuOx1AvDry8WWDZUySBFFkNaK2raDpkIrV5dxZOOnwd+Pb+HIkbNEDGH1h/I+56S1oXkkI0VpLci+/tA8Hl47wCTTqAmYrzt51hjzKmfR+xxpSUd70Q5V/j7ClKbPojvnTaesP9o02Z/86/EQ==
2018-06-19 16:42:51 [main] DEBUG com.wl.util.TestAesUtil [108] - customer pan encrption key |XdVauafoUNywhpddFu9Eq/de4+95vf5hIIE3RCtxtIluWP175i3HRSJjUyfq6JYrT7IVlAeY6RlwELfEI/XHKzTMyKUVY51KKRusK+rYFBBPM/wpdLyiXT967/+bCjTF/wF1Zmb4Iu6FyyZxFMFXkWUsFgugqrjByDCuPiRuMtLfY0o0FcgX2Fy0nw7oBMilerec1Hs3Wx9Iy/4cS/mI3XjdxL/16rYNieB0D1jbDiqNFSoUQ1Kubm2e5g3S6QtZhogv5NaOREOfnuGx4iPw8wF5Q6A0Jzz2DkK8i9PYWwximfJBOQdjBHH+fmcjznhAHnUAslDT82e2fsiSW2tTyQ==
2018-06-19 16:42:51 [main] DEBUG com.wl.util.TestAesUtil [111] - AXIS PSP encryption key|Y2sxMwW1o9fhMSvUU1LA6YmPACXvobh4ruG7456bdEMLzdALyftB0DTA3E0Bc8MSWO7F0NCBORrUIKa4nDkJg3+plznl2VRZ9/hbfWtlxa0/PCgWiN82EfnC6yB5/KQPcQOpsegBp7xUkIf4ZKDYjUQaKQMHeYmPmaAe0O/wEF/LDaURdb4ZwoReo4374gvWSEgpvke7v0DVx66GZY8rtDD4jvPGF97HKkBmofG3W+CvgIvTbTZhvLrGt22TNYe4Q/W9LFjbHY/JpHQkL0RDOBHw/UWUpgHNf7z5bzXM+wdhMbuz4Z9ctizUnR7EiTNv+ghx5Jr8plKJ8kl+p0MdlA==
2018-06-19 16:42:51 [main] DEBUG com.wl.util.TestAesUtil [114] - SBI PSP encryption key|gkldaf1WJJsPQRRrg7RASu4F+zdbxv368BIDZh11QoUJs+Li04gsK86RVXCHGfxtD/De7W/0lIAcP6dL1aW/cEKajlDYCvVubR+1dMHOW8FL4Aok2Jn33WVWdpYl4IZGev6ZfgSL+WM0fBA39r+yT2JYS+zaPxF8Q3YoE7W1im8YQBEc10P0g5GJ0Affw7nEXbRV7ABhsOm37vNbBDDkFud0vEbMYvT7yK1fiF/ax3ePkCtK2iRv3/GeAX/F/w9rq8wChY+tRu0wimQGV2CPD1n77wKeq9v11+pBDOkiByL80b2NWoCdV56tUsAUd3fMtIam3aVkz7Ry08BLN3PB9Q==
2018-06-19 16:42:51 [main] DEBUG com.wl.util.TestAesUtil [117] - YES PSP encryption key|JNyRvltc2ybRRGcckXzWCUD+k23oWEWFqQJ9uIEZC6dga20iMhaL0a+2Y7OVaLzKZbG76zZBahmhqNcFPpFobddPoEW8BWDHWFm2tB6n1Evh9wgQszYNSUGYwR/NqM33jlaz2HQKr9MB/YCvyMHerWYFcIC95Ypxc6Htv1q4+LOdWrlyQO+nVLQP7mswinX+5OzAYONw/+CNShYf2TzQsbNb0gqat0xnu5SMnADV7tWtznFt0ZMOauwpMPKVF173KeWMZSQxYpa6VQVxMZMt/TXcj/1lIV0gxWS8GiUSSoef1tOdoJWkVewno2GpDw2aVFGKd5Fy7OS16SmiSN/vbQ==
2018-06-19 16:42:51 [main] DEBUG com.wl.util.TestAesUtil [120] - BOB PSP encryption key|Z0JnYhOh/7GCm9ADs2Nm2xA3Dm3d22caSM3YdGK7uKlehekXThlSI6NP6DN6oabI9bowkiknwcbXyAw0o/E8huWzi84QDvENUfc+QHiddowctM+phdlOC8pjgFjVFowdONH8zU0XOSTf69zTKdi/fCTS+eiqZwxoiTl8WN/JKA24MzXjOX5Xrn6iwtAag7sZWq5ZMxOMO9KAwswYrPo8ZJQNevR6/3JpE4kThKYkFnhcqo1mNX08hCAVK9kEGvPaSWoVVFoQhNPNkAN8P1DG2pnpAjxVqLTxOjL/W9L20gMD1DK6Oo5MSeOQUnYmHmw+Er5t6gSmsj9D0BsuPSI84w==
2018-06-19 16:42:51 [main] DEBUG com.wl.util.TestAesUtil [123] - SIB PSP encryption key|SIm1UozIqzqlmL27LBmyj2hdpEqNvH5VUmQf3IZPzzSuf+2cfyCNMVNG+sgYcuvj5/ZtJkjXHFfYGxXZraB2P9CRRG/m6pQWzn1NS7ngg/qe841sNRDdDqchPpzJeC9YQGVIePpshcAsecCClMe1nlXOFwfAwoZ46rEMkHlfxRAqwh6dQs/0gjKFlW9oAdKh/sBA4Hg1FpoTmCXmEXYM0t/sFf0yxX/RQLJvD30xSmFTNl8ozlzHnyiXomTo2cJlrCEQBK9gjKBKU28DsJvqUKTgZk1106nIwJR1hpXsMWqPoDgn6CWauHPkCDXMz3zasJM8tkCxKkNkn2yyoaDa1A==
2018-06-19 16:42:51 [main] DEBUG com.wl.util.TestAesUtil [126] - IDBI PSP encryption key|AoPc4bdWyimtW42IltX42o794PdVtQ+uEhW6sNaY+grcmwf5qe/z3CFpNYIL2LyCMy+XbOgbrmnepZZqXNfxnUP641WXW0jnG+8UNfr3G92sXxK4y6c56kueXKeeSLpUqFkYy/7G1Q7XFhQjeYTrJ9YjY/t/l5vIJ8w555gMszqef3MQwLVQ+y3qsuc+nH9ge06WLvhElba1ehyKIDPl8PwCS5Z+B3JEl2cG+naMAnEEJB/wBptYQNFI1mRhbmz2wToY7kvM6GLSoBT2d70lgIZJ3FDXJHhmKOZedtWNoazsaXboUwa9lZQq0mAmRDOL+3HPGLUrxrumxDeOu+rjQg==
2018-06-19 16:42:51 [main] DEBUG com.wl.util.TestAesUtil [129] - CBI PSP encryption key|aRZIcxCqvueytpOhwPuII8EJICuQchH60+5pSvBpzT7JGNVqonMSdaRV+2yoGG7Gzkb7QA4E7o7uppws0IYoEw+QdnFP4jWItPQ16xPSQYjiC0dCjjmiYGtK3dS1Xa0Mr7/nRfC1qEsLiqeejMv//DnxWr8+DYZ2VxaN4hf+EISIEqTWIEcV92gvixnWPnX2mGMt3qCL10Erl0+M+AiTf2mvA09zHWZ/0lfKn9Pd1+a0J2wno+bNQhpJg5Gz3ELy71Wa39R+y3NzdLUQ8tjezKoY6tsz3l/4ahzFxFec69TYoKKE4wmxm6gcGLnHfik+oyDCa4Q2jopFLOkR4i50dQ==
2018-06-19 16:42:51 [main] DEBUG com.wl.util.TestAesUtil [132] - KOTAK PSP encryption key|FOFiYzXTwyd4jy5NWY1J68UWfcgwrt9w6Ba8kpbL5qRxQ6CYGTNQBlsapH++2CDWtSGukwYQlxqbJOiREB+YaGFqSqhafzcYD8eFodO/XJcDplSePSWVpDjBM0mcaNUtHf7LRhU3IczfbiDapbuFjV8xk9uWSrfwfwiKWViVz7b+hHQAqLGQ6HuJN9NIxhxo+IXAMiSSOid8yMm3rx6l15lw5ZiQODtslaTZQj822x8sr337whgubdsO8GDcm14uT6S2UsYz9gPv2e6h+Mk7lzD1SwfyqRth+1JvPhOwew1KNEQK08SHu7VZgpfetW9cTNyE+w1rtihViBCVUJZnxg==
2018-06-19 16:42:51 [main] DEBUG com.wl.util.AesUtil [95] - Aes|Encrypted key:Bvo0gjI18RtfI/QzDA/ngtbzhaZu0mCtUStz2AQV3yDeLKKlGcQBnkwnRCyD5tlzH5I0nmBDnGqdUcH7hIwXGmVvydq5SLCGTY3CJldCH3kabQKj1i4H7CmshvL3+VDaZoVuSnKPJrdFHQ9flyV0e4epa6/gJcw4Ja79JL5zcKQu29E7HPZKJALGMHVvPAjIoNzDljDGEZ+H++Kl8nAAR2nAhlmEfTg7vv0Zxx20IWBcnaCraqybtcMjlSTTwvl6dRrHjnJG9CGLClfYlh8OE6vMzkdoE76B8D1b+KrmzfwJx01Hl9FquVdrUvTZJynGHVzQ0ZKdPfg5DXRNvNP2ig==
2018-06-19 16:42:51 [main] DEBUG com.wl.util.AesUtil [96] - AES|Encrypted iv:null
2018-06-19 16:42:51 [main] DEBUG com.wl.util.AesUtil [97] - AES|Encrypted salt:null
2018-06-19 16:42:51 [main] DEBUG com.wl.util.AesUtil [100] - IV dec :null
2018-06-19 16:42:51 [main] DEBUG com.wl.util.AesUtil [101] - SALT dec :null
2018-06-19 16:42:51 [main] ERROR com.wl.util.AesUtil [280] - Exception while decrypting secret key
javax.crypto.BadPaddingException: Decryption error
	at sun.security.rsa.RSAPadding.unpadV15(RSAPadding.java:380) ~[na:1.7.0_79]
	at sun.security.rsa.RSAPadding.unpad(RSAPadding.java:291) ~[na:1.7.0_79]
	at com.sun.crypto.provider.RSACipher.doFinal(RSACipher.java:358) ~[sunjce_provider.jar:1.7.0_85]
	at com.sun.crypto.provider.RSACipher.engineDoFinal(RSACipher.java:391) ~[sunjce_provider.jar:1.7.0_85]
	at javax.crypto.Cipher.doFinal(Cipher.java:2087) ~[na:1.7.0_71]
	at com.wl.util.AesUtil.decryptSecretKey(AesUtil.java:277) [classes/:na]
	at com.wl.util.AesUtil.init(AesUtil.java:102) [classes/:na]
	at com.wl.util.TestAesUtil.testAxisPSPEncryption(TestAesUtil.java:204) [test-classes/:na]
	at sun.reflect.NativeMethodAccessorImpl.invoke0(Native Method) ~[na:1.7.0_79]
	at sun.reflect.NativeMethodAccessorImpl.invoke(NativeMethodAccessorImpl.java:57) ~[na:1.7.0_79]
	at sun.reflect.DelegatingMethodAccessorImpl.invoke(DelegatingMethodAccessorImpl.java:43) ~[na:1.7.0_79]
	at java.lang.reflect.Method.invoke(Method.java:606) ~[na:1.7.0_79]
	at org.junit.runners.model.FrameworkMethod$1.runReflectiveCall(FrameworkMethod.java:47) [junit-4.11.jar:na]
	at org.junit.internal.runners.model.ReflectiveCallable.run(ReflectiveCallable.java:12) [junit-4.11.jar:na]
	at org.junit.runners.model.FrameworkMethod.invokeExplosively(FrameworkMethod.java:44) [junit-4.11.jar:na]
	at org.junit.internal.runners.statements.InvokeMethod.evaluate(InvokeMethod.java:17) [junit-4.11.jar:na]
	at org.junit.internal.runners.statements.RunBefores.evaluate(RunBefores.java:26) [junit-4.11.jar:na]
	at org.junit.runners.ParentRunner.runLeaf(ParentRunner.java:271) [junit-4.11.jar:na]
	at org.junit.runners.BlockJUnit4ClassRunner.runChild(BlockJUnit4ClassRunner.java:70) [junit-4.11.jar:na]
	at org.junit.runners.BlockJUnit4ClassRunner.runChild(BlockJUnit4ClassRunner.java:50) [junit-4.11.jar:na]
	at org.junit.runners.ParentRunner$3.run(ParentRunner.java:238) [junit-4.11.jar:na]
	at org.junit.runners.ParentRunner$1.schedule(ParentRunner.java:63) [junit-4.11.jar:na]
	at org.junit.runners.ParentRunner.runChildren(ParentRunner.java:236) [junit-4.11.jar:na]
	at org.junit.runners.ParentRunner.access$000(ParentRunner.java:53) [junit-4.11.jar:na]
	at org.junit.runners.ParentRunner$2.evaluate(ParentRunner.java:229) [junit-4.11.jar:na]
	at org.junit.runners.ParentRunner.run(ParentRunner.java:309) [junit-4.11.jar:na]
	at org.eclipse.jdt.internal.junit4.runner.JUnit4TestReference.run(JUnit4TestReference.java:86) [.cp/:na]
	at org.eclipse.jdt.internal.junit.runner.TestExecution.run(TestExecution.java:38) [.cp/:na]
	at org.eclipse.jdt.internal.junit.runner.RemoteTestRunner.runTests(RemoteTestRunner.java:459) [.cp/:na]
	at org.eclipse.jdt.internal.junit.runner.RemoteTestRunner.runTests(RemoteTestRunner.java:678) [.cp/:na]
	at org.eclipse.jdt.internal.junit.runner.RemoteTestRunner.run(RemoteTestRunner.java:382) [.cp/:na]
	at org.eclipse.jdt.internal.junit.runner.RemoteTestRunner.main(RemoteTestRunner.java:192) [.cp/:na]
2018-06-19 16:42:51 [main] DEBUG com.wl.util.AesUtil [181] - Key Used :null
2018-06-19 16:42:51 [main] ERROR com.wl.util.AesUtil [109] - Error while generating key or iv
java.lang.NullPointerException: null
	at com.wl.util.AesUtil.generateKey(AesUtil.java:187) ~[classes/:na]
	at com.wl.util.AesUtil.init(AesUtil.java:102) ~[classes/:na]
	at com.wl.util.TestAesUtil.testAxisPSPEncryption(TestAesUtil.java:204) [test-classes/:na]
	at sun.reflect.NativeMethodAccessorImpl.invoke0(Native Method) ~[na:1.7.0_79]
	at sun.reflect.NativeMethodAccessorImpl.invoke(NativeMethodAccessorImpl.java:57) ~[na:1.7.0_79]
	at sun.reflect.DelegatingMethodAccessorImpl.invoke(DelegatingMethodAccessorImpl.java:43) ~[na:1.7.0_79]
	at java.lang.reflect.Method.invoke(Method.java:606) ~[na:1.7.0_79]
	at org.junit.runners.model.FrameworkMethod$1.runReflectiveCall(FrameworkMethod.java:47) [junit-4.11.jar:na]
	at org.junit.internal.runners.model.ReflectiveCallable.run(ReflectiveCallable.java:12) [junit-4.11.jar:na]
	at org.junit.runners.model.FrameworkMethod.invokeExplosively(FrameworkMethod.java:44) [junit-4.11.jar:na]
	at org.junit.internal.runners.statements.InvokeMethod.evaluate(InvokeMethod.java:17) [junit-4.11.jar:na]
	at org.junit.internal.runners.statements.RunBefores.evaluate(RunBefores.java:26) [junit-4.11.jar:na]
	at org.junit.runners.ParentRunner.runLeaf(ParentRunner.java:271) [junit-4.11.jar:na]
	at org.junit.runners.BlockJUnit4ClassRunner.runChild(BlockJUnit4ClassRunner.java:70) [junit-4.11.jar:na]
	at org.junit.runners.BlockJUnit4ClassRunner.runChild(BlockJUnit4ClassRunner.java:50) [junit-4.11.jar:na]
	at org.junit.runners.ParentRunner$3.run(ParentRunner.java:238) [junit-4.11.jar:na]
	at org.junit.runners.ParentRunner$1.schedule(ParentRunner.java:63) [junit-4.11.jar:na]
	at org.junit.runners.ParentRunner.runChildren(ParentRunner.java:236) [junit-4.11.jar:na]
	at org.junit.runners.ParentRunner.access$000(ParentRunner.java:53) [junit-4.11.jar:na]
	at org.junit.runners.ParentRunner$2.evaluate(ParentRunner.java:229) [junit-4.11.jar:na]
	at org.junit.runners.ParentRunner.run(ParentRunner.java:309) [junit-4.11.jar:na]
	at org.eclipse.jdt.internal.junit4.runner.JUnit4TestReference.run(JUnit4TestReference.java:86) [.cp/:na]
	at org.eclipse.jdt.internal.junit.runner.TestExecution.run(TestExecution.java:38) [.cp/:na]
	at org.eclipse.jdt.internal.junit.runner.RemoteTestRunner.runTests(RemoteTestRunner.java:459) [.cp/:na]
	at org.eclipse.jdt.internal.junit.runner.RemoteTestRunner.runTests(RemoteTestRunner.java:678) [.cp/:na]
	at org.eclipse.jdt.internal.junit.runner.RemoteTestRunner.run(RemoteTestRunner.java:382) [.cp/:na]
	at org.eclipse.jdt.internal.junit.runner.RemoteTestRunner.main(RemoteTestRunner.java:192) [.cp/:na]
2018-06-19 16:46:31 [main] ERROR com.wl.util.AesUtil [242] - Exception while setting private key
java.io.FileNotFoundException: D:\WL-DATA\documents\PROJECTS\mvisa_merchant_workspace\bharatqr-application\BharatQR\src\main\resources\testenvironment.jks (The system cannot find the path specified)
	at java.io.FileInputStream.open(Native Method) ~[na:1.7.0_79]
	at java.io.FileInputStream.<init>(FileInputStream.java:146) ~[na:1.7.0_79]
	at java.io.FileInputStream.<init>(FileInputStream.java:101) ~[na:1.7.0_79]
	at com.wl.util.AesUtil.setPrivateKey(AesUtil.java:227) ~[classes/:na]
	at com.wl.util.TestAesUtil.testEncryptSecretKey(TestAesUtil.java:80) [test-classes/:na]
	at sun.reflect.NativeMethodAccessorImpl.invoke0(Native Method) ~[na:1.7.0_79]
	at sun.reflect.NativeMethodAccessorImpl.invoke(NativeMethodAccessorImpl.java:57) ~[na:1.7.0_79]
	at sun.reflect.DelegatingMethodAccessorImpl.invoke(DelegatingMethodAccessorImpl.java:43) ~[na:1.7.0_79]
	at java.lang.reflect.Method.invoke(Method.java:606) ~[na:1.7.0_79]
	at org.junit.runners.model.FrameworkMethod$1.runReflectiveCall(FrameworkMethod.java:47) [junit-4.11.jar:na]
	at org.junit.internal.runners.model.ReflectiveCallable.run(ReflectiveCallable.java:12) [junit-4.11.jar:na]
	at org.junit.runners.model.FrameworkMethod.invokeExplosively(FrameworkMethod.java:44) [junit-4.11.jar:na]
	at org.junit.internal.runners.statements.InvokeMethod.evaluate(InvokeMethod.java:17) [junit-4.11.jar:na]
	at org.junit.internal.runners.statements.RunBefores.evaluate(RunBefores.java:26) [junit-4.11.jar:na]
	at org.junit.runners.ParentRunner.runLeaf(ParentRunner.java:271) [junit-4.11.jar:na]
	at org.junit.runners.BlockJUnit4ClassRunner.runChild(BlockJUnit4ClassRunner.java:70) [junit-4.11.jar:na]
	at org.junit.runners.BlockJUnit4ClassRunner.runChild(BlockJUnit4ClassRunner.java:50) [junit-4.11.jar:na]
	at org.junit.runners.ParentRunner$3.run(ParentRunner.java:238) [junit-4.11.jar:na]
	at org.junit.runners.ParentRunner$1.schedule(ParentRunner.java:63) [junit-4.11.jar:na]
	at org.junit.runners.ParentRunner.runChildren(ParentRunner.java:236) [junit-4.11.jar:na]
	at org.junit.runners.ParentRunner.access$000(ParentRunner.java:53) [junit-4.11.jar:na]
	at org.junit.runners.ParentRunner$2.evaluate(ParentRunner.java:229) [junit-4.11.jar:na]
	at org.junit.runners.ParentRunner.run(ParentRunner.java:309) [junit-4.11.jar:na]
	at org.eclipse.jdt.internal.junit4.runner.JUnit4TestReference.run(JUnit4TestReference.java:86) [.cp/:na]
	at org.eclipse.jdt.internal.junit.runner.TestExecution.run(TestExecution.java:38) [.cp/:na]
	at org.eclipse.jdt.internal.junit.runner.RemoteTestRunner.runTests(RemoteTestRunner.java:459) [.cp/:na]
	at org.eclipse.jdt.internal.junit.runner.RemoteTestRunner.runTests(RemoteTestRunner.java:678) [.cp/:na]
	at org.eclipse.jdt.internal.junit.runner.RemoteTestRunner.run(RemoteTestRunner.java:382) [.cp/:na]
	at org.eclipse.jdt.internal.junit.runner.RemoteTestRunner.main(RemoteTestRunner.java:192) [.cp/:na]
2018-06-19 16:46:31 [main] DEBUG com.wl.util.AesUtil [95] - Aes|Encrypted key:Bvo0gjI18RtfI/QzDA/ngtbzhaZu0mCtUStz2AQV3yDeLKKlGcQBnkwnRCyD5tlzH5I0nmBDnGqdUcH7hIwXGmVvydq5SLCGTY3CJldCH3kabQKj1i4H7CmshvL3+VDaZoVuSnKPJrdFHQ9flyV0e4epa6/gJcw4Ja79JL5zcKQu29E7HPZKJALGMHVvPAjIoNzDljDGEZ+H++Kl8nAAR2nAhlmEfTg7vv0Zxx20IWBcnaCraqybtcMjlSTTwvl6dRrHjnJG9CGLClfYlh8OE6vMzkdoE76B8D1b+KrmzfwJx01Hl9FquVdrUvTZJynGHVzQ0ZKdPfg5DXRNvNP2ig==
2018-06-19 16:46:31 [main] DEBUG com.wl.util.AesUtil [96] - AES|Encrypted iv:null
2018-06-19 16:46:31 [main] DEBUG com.wl.util.AesUtil [97] - AES|Encrypted salt:null
2018-06-19 16:46:31 [main] DEBUG com.wl.util.AesUtil [100] - IV dec :null
2018-06-19 16:46:31 [main] DEBUG com.wl.util.AesUtil [101] - SALT dec :null
2018-06-19 16:46:31 [main] DEBUG com.wl.util.AesUtil [181] - Key Used :1rRxDetyKKAusSve
2018-06-19 16:46:31 [main] DEBUG com.wl.util.AesUtil [155] - Key Used :1rRxDetyKKAusSve|16
2018-06-19 16:46:31 [main] DEBUG com.wl.util.AesUtil [156] - encrypted bytes :466
2018-06-19 16:46:31 [main] DEBUG com.wl.util.TestAesUtil [207] - enc data :qeKP62icn7G4Bzq+bMmT3nh/2lb98kkOQ4GivBHUGOkKhTfN1I0UMgD3qWwlrkfUY8gt80HLv7+FHn6bNftdijUlFcqiOZxNpdXIjgpkGfge0r30s6Q1/hRK7aFgUkKGrV8x8tP53LY6odUYUROT06KMIYNJqrf7lffSn6Z+Y+7ujG5p88cWCEbMK7dMdq/QQs0SurK6e9dF/rFNrbcV++Z2meeiEi7MN31DbT9nUjCVu30iaycMsHvhFCLKmheGdxQFEpLZqQmVvkKHrh7+k1z5G7Dlto+XhXVOfIuCYBa1+338xVx8lYvbRAGxc8pCa0Of0mqM6FfiVsjJtOVFaD6oxNku0f/jDTrwglhfNsKo4qpqj9jtqjsoGWvC6Z+bv0ufjqW5mlaEmDEdAn4jZgQHcZhagoXpX/qdB1G+NUWKfEUbHhu3QFHiSKkXV28b3BQmDAcKiQt4OvJ0RHu+TiHFXecIUhCiikyZV8Hjo99fWksBgiGaZOfQqUI7IQ1OPmMsAmTFZ0sv3f2jDWBhBxQQwPAMkOk9MuKJM9IV6XvS8QX02L87Qe5+UpTkugdli+inNTOQ5EFOJnfpNK8uCZuKbVwqzC6j9cynhgtxPRBE/VsHkjTNxW1DMdWeCT3V
2018-06-19 16:46:31 [main] DEBUG com.wl.util.AesUtil [155] - Key Used :1rRxDetyKKAusSve|16
2018-06-19 16:46:31 [main] DEBUG com.wl.util.AesUtil [156] - encrypted bytes :880
2018-06-19 16:46:31 [main] ERROR com.wl.util.AesUtil [144] - Decryption error
javax.crypto.BadPaddingException: Given final block not properly padded
	at com.sun.crypto.provider.CipherCore.doFinal(CipherCore.java:811) ~[sunjce_provider.jar:1.7.0_85]
	at com.sun.crypto.provider.CipherCore.doFinal(CipherCore.java:676) ~[sunjce_provider.jar:1.7.0_85]
	at com.sun.crypto.provider.AESCipher.engineDoFinal(AESCipher.java:313) ~[sunjce_provider.jar:1.7.0_85]
	at javax.crypto.Cipher.doFinal(Cipher.java:2087) ~[na:1.7.0_71]
	at com.wl.util.AesUtil.doFinal(AesUtil.java:164) ~[classes/:na]
	at com.wl.util.AesUtil.decrypt(AesUtil.java:140) ~[classes/:na]
	at com.wl.util.TestAesUtil.testAxisPSPEncryption(TestAesUtil.java:209) [test-classes/:na]
	at sun.reflect.NativeMethodAccessorImpl.invoke0(Native Method) ~[na:1.7.0_79]
	at sun.reflect.NativeMethodAccessorImpl.invoke(NativeMethodAccessorImpl.java:57) ~[na:1.7.0_79]
	at sun.reflect.DelegatingMethodAccessorImpl.invoke(DelegatingMethodAccessorImpl.java:43) ~[na:1.7.0_79]
	at java.lang.reflect.Method.invoke(Method.java:606) ~[na:1.7.0_79]
	at org.junit.runners.model.FrameworkMethod$1.runReflectiveCall(FrameworkMethod.java:47) [junit-4.11.jar:na]
	at org.junit.internal.runners.model.ReflectiveCallable.run(ReflectiveCallable.java:12) [junit-4.11.jar:na]
	at org.junit.runners.model.FrameworkMethod.invokeExplosively(FrameworkMethod.java:44) [junit-4.11.jar:na]
	at org.junit.internal.runners.statements.InvokeMethod.evaluate(InvokeMethod.java:17) [junit-4.11.jar:na]
	at org.junit.internal.runners.statements.RunBefores.evaluate(RunBefores.java:26) [junit-4.11.jar:na]
	at org.junit.runners.ParentRunner.runLeaf(ParentRunner.java:271) [junit-4.11.jar:na]
	at org.junit.runners.BlockJUnit4ClassRunner.runChild(BlockJUnit4ClassRunner.java:70) [junit-4.11.jar:na]
	at org.junit.runners.BlockJUnit4ClassRunner.runChild(BlockJUnit4ClassRunner.java:50) [junit-4.11.jar:na]
	at org.junit.runners.ParentRunner$3.run(ParentRunner.java:238) [junit-4.11.jar:na]
	at org.junit.runners.ParentRunner$1.schedule(ParentRunner.java:63) [junit-4.11.jar:na]
	at org.junit.runners.ParentRunner.runChildren(ParentRunner.java:236) [junit-4.11.jar:na]
	at org.junit.runners.ParentRunner.access$000(ParentRunner.java:53) [junit-4.11.jar:na]
	at org.junit.runners.ParentRunner$2.evaluate(ParentRunner.java:229) [junit-4.11.jar:na]
	at org.junit.runners.ParentRunner.run(ParentRunner.java:309) [junit-4.11.jar:na]
	at org.eclipse.jdt.internal.junit4.runner.JUnit4TestReference.run(JUnit4TestReference.java:86) [.cp/:na]
	at org.eclipse.jdt.internal.junit.runner.TestExecution.run(TestExecution.java:38) [.cp/:na]
	at org.eclipse.jdt.internal.junit.runner.RemoteTestRunner.runTests(RemoteTestRunner.java:459) [.cp/:na]
	at org.eclipse.jdt.internal.junit.runner.RemoteTestRunner.runTests(RemoteTestRunner.java:678) [.cp/:na]
	at org.eclipse.jdt.internal.junit.runner.RemoteTestRunner.run(RemoteTestRunner.java:382) [.cp/:na]
	at org.eclipse.jdt.internal.junit.runner.RemoteTestRunner.main(RemoteTestRunner.java:192) [.cp/:na]
2018-06-19 16:47:48 [main] DEBUG com.wl.util.TestAesUtil [85] - instaMer key |Bx6Rjhakkb7F+2eDqOcHY5nCC11F3+h+X9GwpGXm4PK9OU8F0FmG1/m6l517pvkdHvX1D3oKI7E3LaOBMCemo/n/+qMJ64fwi0WJlmB/P9LvRQGsk05KG4OskTPJQdMAP/R1jaOgwCp1+xfLkOho/kyaE0MyxDirzUil7teVfN1y/zWLCwKFivTsdYrwaNIqUAbkWDddulFALJZjU9beA1YgAWIt0YXAzKgowMb8O3tUj7uCfsM5il20xKbZXYrr4tFNN229pfj573DcDZgZ2RAepoRzvbQyOM992eu+BQ7080Fz+LqssajMZmLG2wbBfsbjP2FaUti3cYa/IsrmrA==
2018-06-19 16:47:48 [main] DEBUG com.wl.util.TestAesUtil [87] - instaMer iv |ejvJu7MU8ffjBM9JwZTFSxJwxzx+8OdqPJZlhZT1mk2D86oByi+x4k+r6XczeU56ew072i+158QjqNRQaTnuOZ0FobmRwjKCSocgLxAgfLKKOG+9JZYF5te90uYfeFsooZyaJ6T+HrLfNQUBitLWJpv75z00AnrrRQ9QFZmEBtvyIwh63EW95MvKpV4k6cxvV+xDw3qJYZoCbdshepdL0KAPEAS4stXC1014Pp0m4h/YZrkrvYubkWh1VHaS5918INfoqyQ2avKMAUrGAUHsfbxkvzRCmw6VPt/btk1OP6Y0jZHZv+Zp1AfRUjlR4vrgTkPajA2APCoui3qmQ1CFvQ==
2018-06-19 16:47:48 [main] DEBUG com.wl.util.TestAesUtil [89] - instaMer des key |WCM+vvjgl7SGfhW43nDHQmuWi+B2bv0W8UgxPOUpRY2XBnQkXU7uhaGxTnT+09oVFo/ao6YTeg1BWf6gGyyKuHhjD09YLIM2cLGWjXr4WUSD1Pbm52rslEE/q43fg3TsvvilScR5SrJsOjTREPGw9J9ZuqA2V5N7oj0UWofUCOn32zrzEL06GDHmifcwDXduzZ8DSjHXa00m16wLu1Jh2StjqfiGm3trJg6IncCl7kBjOUeEct9+0TJflqK72WHwhMf1RTp/hgZAIuFHBh1E8Yh3GLYnjADLFz+zANHwtjC6ZDlX+Ml/B9Q/CGxO7nRWVSg/SRRlZ131zub2EmpJjg==
2018-06-19 16:47:48 [main] DEBUG com.wl.util.TestAesUtil [91] - instaMer des iv |MTr8jPeTRtn8VkASOqgv3JoQaK60J7NYwjXIlsgsO93qb8itn7WhKGuZFb0Eoc92ALVgvYOJOlIcvM0uxIFwVTNSKsXdNVruz07Z3Du7JCFRV56np5C4CQ81wKz7mp7QjM2gjeVWRB0oBW4/A4b9WrmORU7TTNnMzyKtu+8rSM11yPQf7TF4AHZXPxjHJqDAhi8VdrF2IxoKnYqnkevwXm2wtt396nnNXa/BVhee3ejR+11VgDqarNdh+ytMHDtZqtiyJDf8aPpegidELia52pF4SC+F1fmFzTUl4YISPyIr554OUVGN/STtYR03EP0DmekhGQiSjLmM10BWA8QGLQ==
2018-06-19 16:47:48 [main] DEBUG com.wl.util.TestAesUtil [95] - mobile iv |jjtWp6/+PQ17HSuKEqs6OJzKJSGDdW4OH6k1zYuTrIDqnIm9LC3+jOfQx9pxRaRl3lKdXofhUTGYwUNcwFfMDCbRO+Bfl8rGUb0PFn/9DKsSeNg5od/uZT+VlXlz9hIjDU9j1JCnWyQK7xzvm80LPWNH3RfPMmOer2nY9sDB+Ktvr8sKjcuTi6cEFV+IqwOeleZPNsOA3sIWgHfoTbgVpeSyOVnCe6FJVhFSyd7oC/j2ocgP/LsdQTA3mQT2hk0Zmzzx7MywXiSRMGAQMswWTDQdb7iZV5zbSZ5DL7Gt2c3euxE6IlapmqIDaDoghxwlU/tqo3J9ENWpxGCOmUEPKQ==
2018-06-19 16:47:48 [main] DEBUG com.wl.util.TestAesUtil [97] - mobile salt |AJYdIH5MYaJ6zue6QF/zzc2WIrckNvIvXtVQ1p5cynps+KHR0Ylu266bM+JWsWg0ulycSd0s3bC6tlr6R6lMko5j/heCxUdtxXb2wEi8rMa7HOjZvvCGnfI52ykjr2pSudxJcWCuB1SLB5dHxSx8/YuMhsCYzGcor6tIhEVv3CoWTQrAYidD8bkCCyriqgv7C9YPma9lVI8QqSOvcMPgMBFJQPhTp4kwwpqvukJZaqum38p47fJOAG/WRJ2mzmLqmc4q0PLvj6tk06f1nNhh+9Eh3jyIwkgeE5j4f2/pXhbmBt8CqosxLoNA3YYcY3tgSm0qHR+YhRvZ7W0B5V4Vow==
2018-06-19 16:47:48 [main] DEBUG com.wl.util.TestAesUtil [99] - mobile key |L9Eplts/XDxqXAUEfWYFCBhEmnqvAAVt+xEO7iKpAC9XBhQeU708I8Mb9grMV6JyxqIpeLvz3HHFwXrpAvpDeu6MDwIE3RKM2aUpul6hC/RNZF+lXTsGjMPlFY9QmN6fsBlZMKHk5BkahZkxHrx07cOSezLj370nMR+PxDcYLeMzJmXalkTlPiNwrdBDhWfGQz5coiYcJInuDfDRTu+ka4HQAwRsaN0mCrxrw3HK5hGdcgf0VW5XmAOU9eKM+jrTLv+ROIp+GMe/fsW5dq6rr2lTMgE3NmFkrlwcgTc0FMhn5Nh7Ro6cS74HLV34eLTarIJqwW5gguIxDLstyjB6yw==
2018-06-19 16:47:48 [main] DEBUG com.wl.util.TestAesUtil [102] - mobile paycraft key |JvNcfW7onL41WYEvB6sDygSCTfLqqyy0MG0AOt87mUG/GjVaQSnCgJgnWyQky+rpaioegh5gBFYVG9OoQ41TsR3Y7qD4WdYHDAMFQm1LXvh0h48H7yDFVonUH2c6SWImfgMX5HjBvl8ufX7wlIDAwwwjOQU/kgxfDMI592Jdc4Yd0r+cV2bI+9wKhD6+Bcfz36euAz1Gq9HnCfgb3poUri/IpTUDg14hRSKbUA8CAvN64ONi+IbWJfoQ6Rnyiv7QE9eIdCFo5kqcBN9ig9jXHMJ8xQsq+X6NIDe/k22y5vmQ2amiGYN2nBJMYJm2l5OH8oCg5ubujpewYoANbzVbog==
2018-06-19 16:47:48 [main] DEBUG com.wl.util.TestAesUtil [104] - mobile paycraft iv |KnaKo9M///587Zd0G9CaAi4evpFKzad5V2RSgYQhjeGG/W2+XWRDlcgFb1Ng7mDdhXeR6hi1+r+GkGXoAmbcyAqrJo5h0WFefUeKhZ3Hz6xXuxiGMoLDwFe/FkNYXJO7O4oaq7IcYPXj1reEMTSFNH8T98CILa7uivRt0fxK1D1NfUAzsE8yQRUouyPGkGuUbD9XvBWCNoNN3UQeNkwHnL09wYbnDJ0wRiK+aClRbRK6tPBndly7NRdW8xpuYmNB1BAOIUrt17kJFGCa97z8wMnUpOk2YCjFlv2zVeot4ofcDaZZ272e3vqhdfmzLNSsG7FYazvGCWaQlly1JxRPIw==
2018-06-19 16:47:48 [main] DEBUG com.wl.util.TestAesUtil [108] - customer pan encrption key |o09Y3DjLWYh3u3MbXbm1Jurx831+0QwGrPNRri6yr7tOncP9hQJs/YzXG66YsDnWchSlBnpuRvbXmaRGxKx5yHu3oEI+ljyml39OCXU+I4MYUYoXEbBmQSaAfSmr52yDfS3KFj+ZcQKgQVabScMvVdlr0cSburs0HD+Iqv8TsaFBQ5U2hRlzbuurRC8X8VmcB5armgITQOyCLmXFIeJpPJwMktrjsM50wfmvL6iXaMp+x4FSlA6RTmS69WRGNdIslWdhv3ADmvRqS1fZKc33YgPQtfhNCqB7huBRUDJG/gMrpp+EAiOKLbtP0qy0NnTSEtVnUp7zA9RPVdtHdZnGrQ==
2018-06-19 16:47:48 [main] DEBUG com.wl.util.TestAesUtil [111] - AXIS PSP encryption key|fNbd3sCJ35nb6oOODdm1buf1rDzv5z9P6i5EZ7dD33SOO8oEqUUoX5+3K+8cRn+j5Ersb+H2+uvmkDfbQtSWaYZesD6drEzZ+fw/Bu/OrpUS6iCwv0e5sz24l/YOEvfd3Lt8c40EEkLvajjO6NSZ0UOHkj19jexdv7Ev/JWH8XaIk3sLoK0CHBM0now77gKadmniiV5reyiRgy77NUc/H7l7DpuWano1jkDqApRt4uwV4wpAgM/AcBfrHfNUZ71F/GrU/JQ1bNhUjxkysDuxRWITGlGNshj04ywDW5qvbAQRfpUDYM2D/D7QKWapyE95WLwvGF7NlvE6sVuy5S5/uA==
2018-06-19 16:47:48 [main] DEBUG com.wl.util.TestAesUtil [114] - SBI PSP encryption key|Wf37vtAwhXmC3b8miqC5JZilthK/N30YordKKmzz0npK7WMN8JvXUpGlVb/8kCYBl7XXog/E8Cf3Lk5eNvvU9f5xh0BSDYtNdVGnszI6/UWKLU+LDtkajlQtrdg31XboK6Nf7scKsNf6NneLNNfGlFfKQwhap5dzh7hnYFt6S7M4pKFSexW6+C2Vamrn9ZLmyLC5UDjzuL75VnlMFveAfFFbYA85GxoFSvGSX8Olp5For/cqxCGKfw+s13uacB9SEa2WZQhmBHZMDDKDH8S6L9q18GdHN/1CesiQrk6ScaBQ/N4OeNGobVQ+KqurtgoGW20/VnMoU+KpLBtOafrrDw==
2018-06-19 16:47:48 [main] DEBUG com.wl.util.TestAesUtil [117] - YES PSP encryption key|VIHFWnUxBOKi27lXmuri/16Vz7aOR5lPYjsFHerWSnsmzks8gH1eUXfuidyH2YK+2NVVAvRhAFzeIOYETeKPy6F3BRqqcGPzUDhgJ88Lpm3Bwj/JPCjbQraQXnh3mbFuwAlx4BBKr/us2LbyBc8ff5Aef7BeJIVbMcn3YsX6/CnP8SAt55e/mCLgGN3zn53T60s43ZteJBYHGeEqLvCwLfUMeoQ2wEZOXhjXNIAbYN4pMrqf5hd3IvQ/3djO+csiockwYUV+1nnxo9ZKZDK2yEd/GSceRxRN4aHX2UVIb798IOmX6qhXoR6GS2zQsh/cqz6tlyyL0s+74/SAcvkAcQ==
2018-06-19 16:47:48 [main] DEBUG com.wl.util.TestAesUtil [120] - BOB PSP encryption key|SgEd3ZhKl2fT9z31dyvqnwP5KQzxYyXFHS5IOacNI0NF4TCjwsWJUGusfCd0v7CJAnU35xyMAgy3asPFKWaeoETxzYlXBpS1Lw84AAOtNCSSJ/fQ/6ImwwSyo9XYxbQZOzcP6OH6st470nyV247h6Zp/V3aRXiRQ20DtOH04GfzwP98skjEM2u5vnrqlCCJ5E3ivCIAjr0LTMaSgDKubTkN17x8/cWR1sxkJmBJTJV5Mub5FeGWy/l1b8kRbEy/VQ6TWwZzF3HAxYI1JypJt5VPd9L2+q7jBa7GAKTS/owxNLoLl+bq+wXxx0l5p0t/hvl8W7KmhPNckyxeKqZKKxg==
2018-06-19 16:47:48 [main] DEBUG com.wl.util.TestAesUtil [123] - SIB PSP encryption key|P/i8w9dKmEkLz4VDqC/3r4DHhEeoLhMRl9M1/A1ScKMQLuwqvjFAeg88i8OjGEziivoCCu4OWBXQhqLBjNWZQMSgvD7ko4RUwez47fxVt6QcUFylBtvXbKZicBsky3hRzD1eNwrMq8tNYhf9WocDHGK6HnzyTWBE4SCkYK8jp5cAJZN0xxUEJ+oR3VafQJ1v+n88gjetRx+AGVNvTjDfKDTd6Mr7ll/qTtGKRR5nPa4yTcpDjmYxFDFyDvIpueWlZ0JZ8270XQ2fJRScy+hHNOAkf+LHvtsvxSu3DRur7yXxMk+f4J7UPPWohkTTBACywoHqG4i72GjrHZ66fQg+vA==
2018-06-19 16:47:48 [main] DEBUG com.wl.util.TestAesUtil [126] - IDBI PSP encryption key|XtEZ/wehW9SfU4I76+e9ZPd4fWjqFKDH4/agwLfEtnwqWpW9A9bK9+25cET1grApCGmxYLJimIzbN7TvoF2XUQZ96pU98if666tx0yAZ7smf7NJzudO1IWA73Wg8dAWgw4KHiurJtgcgG41t3/MR5dTCMSL8LGT/oYkyQpR9T3TLmaB/Z2KpOdH4fL9ejXaKnxev5+nWI/jxCGQ7d8qnlcyuskXPBUSUEjsdOuLF/IAKirp1TCTnQyB46ZURV4VAhYMj+byJg3rSwZU6vdgaSShhOEwu4LHxu1YcFbZ889pcF4CgJOBLaLqZ6/qDtMDekM4ATJcKVrK0JsncOiLs0g==
2018-06-19 16:47:48 [main] DEBUG com.wl.util.TestAesUtil [129] - CBI PSP encryption key|m4H6DljHIRqBFQACnAMp83Dvg9Nqd9cKkYpaUQge9UY/mx2xug1HmTL4gk9CZKE0dW4BvzdiYOxW9wsynwKsQ8+4+2Cr+pBebrPZSEpMVi3oDTNzp2DVZvBcbHwBUAbbrPpF6koI3bEKfP/RTK+TgVYCUWnM3sIgzAxTB+XdthEB+Gt0NBJ9EfS0zvx5X9QIWJ6WqOe7u2jFZTDj/lalxc+R7SSRmPaA1DdNhcCzwYvS09ZG59Ek8dVWnUiPWNcexbWbNMx3n3g9l58QNMrKG+8B0soLUluzNeixsRI8RhQzuAoqacnLRt2YwNNrwKgDiV8qX5iYHbiK8Nv6aCSdhw==
2018-06-19 16:47:48 [main] DEBUG com.wl.util.TestAesUtil [132] - KOTAK PSP encryption key|S1k16mXF9P2QUjxm64qz7Alsi4giRgl0Oaud1xj9mabnjlgJXLJ52vKuld18X4Q9od/hvCLfYcZOgpm5EyH9F5/8JLOnPdcrumQ6XRKhiYR+DJP0idpjd2285kZ4zJH/P6y+gOmuFEpZ8fv/DFn+1EDF2N8UTr2lOmIwll0zD6lOMDQQhF0qnqiM7LOzVOp5aMLRS8LnFudxgwlrzN91+Ew9l5LMAPPappvM7sQ0MJIAK12JhHfYn0Ry9FM0l6OdSCRuQoOIngg/Cw0thDHv0SojeNpHSvB3dY2nyF2zOMimk51zxJ3n4D4CFRYq0ngvc30wWr88xCyLkTLr7E+tuw==
2018-06-19 16:47:48 [main] DEBUG com.wl.util.AesUtil [95] - Aes|Encrypted key:Bvo0gjI18RtfI/QzDA/ngtbzhaZu0mCtUStz2AQV3yDeLKKlGcQBnkwnRCyD5tlzH5I0nmBDnGqdUcH7hIwXGmVvydq5SLCGTY3CJldCH3kabQKj1i4H7CmshvL3+VDaZoVuSnKPJrdFHQ9flyV0e4epa6/gJcw4Ja79JL5zcKQu29E7HPZKJALGMHVvPAjIoNzDljDGEZ+H++Kl8nAAR2nAhlmEfTg7vv0Zxx20IWBcnaCraqybtcMjlSTTwvl6dRrHjnJG9CGLClfYlh8OE6vMzkdoE76B8D1b+KrmzfwJx01Hl9FquVdrUvTZJynGHVzQ0ZKdPfg5DXRNvNP2ig==
2018-06-19 16:47:48 [main] DEBUG com.wl.util.AesUtil [96] - AES|Encrypted iv:null
2018-06-19 16:47:48 [main] DEBUG com.wl.util.AesUtil [97] - AES|Encrypted salt:null
2018-06-19 16:47:48 [main] DEBUG com.wl.util.AesUtil [100] - IV dec :null
2018-06-19 16:47:48 [main] DEBUG com.wl.util.AesUtil [101] - SALT dec :null
2018-06-19 16:47:48 [main] DEBUG com.wl.util.AesUtil [181] - Key Used :1rRxDetyKKAusSve
2018-06-19 16:47:48 [main] DEBUG com.wl.util.AesUtil [155] - Key Used :1rRxDetyKKAusSve|16
2018-06-19 16:47:48 [main] DEBUG com.wl.util.AesUtil [156] - encrypted bytes :466
2018-06-19 16:47:48 [main] DEBUG com.wl.util.TestAesUtil [207] - enc data :qeKP62icn7G4Bzq+bMmT3nh/2lb98kkOQ4GivBHUGOkKhTfN1I0UMgD3qWwlrkfUY8gt80HLv7+FHn6bNftdijUlFcqiOZxNpdXIjgpkGfge0r30s6Q1/hRK7aFgUkKGrV8x8tP53LY6odUYUROT06KMIYNJqrf7lffSn6Z+Y+7ujG5p88cWCEbMK7dMdq/QQs0SurK6e9dF/rFNrbcV++Z2meeiEi7MN31DbT9nUjCVu30iaycMsHvhFCLKmheGdxQFEpLZqQmVvkKHrh7+k1z5G7Dlto+XhXVOfIuCYBa1+338xVx8lYvbRAGxc8pCa0Of0mqM6FfiVsjJtOVFaD6oxNku0f/jDTrwglhfNsKo4qpqj9jtqjsoGWvC6Z+bv0ufjqW5mlaEmDEdAn4jZgQHcZhagoXpX/qdB1G+NUWKfEUbHhu3QFHiSKkXV28b3BQmDAcKiQt4OvJ0RHu+TiHFXecIUhCiikyZV8Hjo99fWksBgiGaZOfQqUI7IQ1OPmMsAmTFZ0sv3f2jDWBhBxQQwPAMkOk9MuKJM9IV6XvS8QX02L87Qe5+UpTkugdli+inNTOQ5EFOJnfpNK8uCZuKbVwqzC6j9cynhgtxPRBE/VsHkjTNxW1DMdWeCT3V
2018-06-19 16:47:48 [main] DEBUG com.wl.util.AesUtil [155] - Key Used :1rRxDetyKKAusSve|16
2018-06-19 16:47:48 [main] DEBUG com.wl.util.AesUtil [156] - encrypted bytes :880
2018-06-19 16:47:48 [main] ERROR com.wl.util.AesUtil [144] - Decryption error
javax.crypto.BadPaddingException: Given final block not properly padded
	at com.sun.crypto.provider.CipherCore.doFinal(CipherCore.java:811) ~[sunjce_provider.jar:1.7.0_85]
	at com.sun.crypto.provider.CipherCore.doFinal(CipherCore.java:676) ~[sunjce_provider.jar:1.7.0_85]
	at com.sun.crypto.provider.AESCipher.engineDoFinal(AESCipher.java:313) ~[sunjce_provider.jar:1.7.0_85]
	at javax.crypto.Cipher.doFinal(Cipher.java:2087) ~[na:1.7.0_71]
	at com.wl.util.AesUtil.doFinal(AesUtil.java:164) ~[classes/:na]
	at com.wl.util.AesUtil.decrypt(AesUtil.java:140) ~[classes/:na]
	at com.wl.util.TestAesUtil.testAxisPSPEncryption(TestAesUtil.java:209) [test-classes/:na]
	at sun.reflect.NativeMethodAccessorImpl.invoke0(Native Method) ~[na:1.7.0_79]
	at sun.reflect.NativeMethodAccessorImpl.invoke(NativeMethodAccessorImpl.java:57) ~[na:1.7.0_79]
	at sun.reflect.DelegatingMethodAccessorImpl.invoke(DelegatingMethodAccessorImpl.java:43) ~[na:1.7.0_79]
	at java.lang.reflect.Method.invoke(Method.java:606) ~[na:1.7.0_79]
	at org.junit.runners.model.FrameworkMethod$1.runReflectiveCall(FrameworkMethod.java:47) [junit-4.11.jar:na]
	at org.junit.internal.runners.model.ReflectiveCallable.run(ReflectiveCallable.java:12) [junit-4.11.jar:na]
	at org.junit.runners.model.FrameworkMethod.invokeExplosively(FrameworkMethod.java:44) [junit-4.11.jar:na]
	at org.junit.internal.runners.statements.InvokeMethod.evaluate(InvokeMethod.java:17) [junit-4.11.jar:na]
	at org.junit.internal.runners.statements.RunBefores.evaluate(RunBefores.java:26) [junit-4.11.jar:na]
	at org.junit.runners.ParentRunner.runLeaf(ParentRunner.java:271) [junit-4.11.jar:na]
	at org.junit.runners.BlockJUnit4ClassRunner.runChild(BlockJUnit4ClassRunner.java:70) [junit-4.11.jar:na]
	at org.junit.runners.BlockJUnit4ClassRunner.runChild(BlockJUnit4ClassRunner.java:50) [junit-4.11.jar:na]
	at org.junit.runners.ParentRunner$3.run(ParentRunner.java:238) [junit-4.11.jar:na]
	at org.junit.runners.ParentRunner$1.schedule(ParentRunner.java:63) [junit-4.11.jar:na]
	at org.junit.runners.ParentRunner.runChildren(ParentRunner.java:236) [junit-4.11.jar:na]
	at org.junit.runners.ParentRunner.access$000(ParentRunner.java:53) [junit-4.11.jar:na]
	at org.junit.runners.ParentRunner$2.evaluate(ParentRunner.java:229) [junit-4.11.jar:na]
	at org.junit.runners.ParentRunner.run(ParentRunner.java:309) [junit-4.11.jar:na]
	at org.eclipse.jdt.internal.junit4.runner.JUnit4TestReference.run(JUnit4TestReference.java:86) [.cp/:na]
	at org.eclipse.jdt.internal.junit.runner.TestExecution.run(TestExecution.java:38) [.cp/:na]
	at org.eclipse.jdt.internal.junit.runner.RemoteTestRunner.runTests(RemoteTestRunner.java:459) [.cp/:na]
	at org.eclipse.jdt.internal.junit.runner.RemoteTestRunner.runTests(RemoteTestRunner.java:678) [.cp/:na]
	at org.eclipse.jdt.internal.junit.runner.RemoteTestRunner.run(RemoteTestRunner.java:382) [.cp/:na]
	at org.eclipse.jdt.internal.junit.runner.RemoteTestRunner.main(RemoteTestRunner.java:192) [.cp/:na]
2018-06-19 16:49:53 [main] DEBUG com.wl.util.TestAesUtil [85] - instaMer key |Bx6Rjhakkb7F+2eDqOcHY5nCC11F3+h+X9GwpGXm4PK9OU8F0FmG1/m6l517pvkdHvX1D3oKI7E3LaOBMCemo/n/+qMJ64fwi0WJlmB/P9LvRQGsk05KG4OskTPJQdMAP/R1jaOgwCp1+xfLkOho/kyaE0MyxDirzUil7teVfN1y/zWLCwKFivTsdYrwaNIqUAbkWDddulFALJZjU9beA1YgAWIt0YXAzKgowMb8O3tUj7uCfsM5il20xKbZXYrr4tFNN229pfj573DcDZgZ2RAepoRzvbQyOM992eu+BQ7080Fz+LqssajMZmLG2wbBfsbjP2FaUti3cYa/IsrmrA==
2018-06-19 16:49:53 [main] DEBUG com.wl.util.TestAesUtil [87] - instaMer iv |ejvJu7MU8ffjBM9JwZTFSxJwxzx+8OdqPJZlhZT1mk2D86oByi+x4k+r6XczeU56ew072i+158QjqNRQaTnuOZ0FobmRwjKCSocgLxAgfLKKOG+9JZYF5te90uYfeFsooZyaJ6T+HrLfNQUBitLWJpv75z00AnrrRQ9QFZmEBtvyIwh63EW95MvKpV4k6cxvV+xDw3qJYZoCbdshepdL0KAPEAS4stXC1014Pp0m4h/YZrkrvYubkWh1VHaS5918INfoqyQ2avKMAUrGAUHsfbxkvzRCmw6VPt/btk1OP6Y0jZHZv+Zp1AfRUjlR4vrgTkPajA2APCoui3qmQ1CFvQ==
2018-06-19 16:49:53 [main] DEBUG com.wl.util.TestAesUtil [89] - instaMer des key |WCM+vvjgl7SGfhW43nDHQmuWi+B2bv0W8UgxPOUpRY2XBnQkXU7uhaGxTnT+09oVFo/ao6YTeg1BWf6gGyyKuHhjD09YLIM2cLGWjXr4WUSD1Pbm52rslEE/q43fg3TsvvilScR5SrJsOjTREPGw9J9ZuqA2V5N7oj0UWofUCOn32zrzEL06GDHmifcwDXduzZ8DSjHXa00m16wLu1Jh2StjqfiGm3trJg6IncCl7kBjOUeEct9+0TJflqK72WHwhMf1RTp/hgZAIuFHBh1E8Yh3GLYnjADLFz+zANHwtjC6ZDlX+Ml/B9Q/CGxO7nRWVSg/SRRlZ131zub2EmpJjg==
2018-06-19 16:49:53 [main] DEBUG com.wl.util.TestAesUtil [91] - instaMer des iv |MTr8jPeTRtn8VkASOqgv3JoQaK60J7NYwjXIlsgsO93qb8itn7WhKGuZFb0Eoc92ALVgvYOJOlIcvM0uxIFwVTNSKsXdNVruz07Z3Du7JCFRV56np5C4CQ81wKz7mp7QjM2gjeVWRB0oBW4/A4b9WrmORU7TTNnMzyKtu+8rSM11yPQf7TF4AHZXPxjHJqDAhi8VdrF2IxoKnYqnkevwXm2wtt396nnNXa/BVhee3ejR+11VgDqarNdh+ytMHDtZqtiyJDf8aPpegidELia52pF4SC+F1fmFzTUl4YISPyIr554OUVGN/STtYR03EP0DmekhGQiSjLmM10BWA8QGLQ==
2018-06-19 16:49:53 [main] DEBUG com.wl.util.TestAesUtil [95] - mobile iv |jjtWp6/+PQ17HSuKEqs6OJzKJSGDdW4OH6k1zYuTrIDqnIm9LC3+jOfQx9pxRaRl3lKdXofhUTGYwUNcwFfMDCbRO+Bfl8rGUb0PFn/9DKsSeNg5od/uZT+VlXlz9hIjDU9j1JCnWyQK7xzvm80LPWNH3RfPMmOer2nY9sDB+Ktvr8sKjcuTi6cEFV+IqwOeleZPNsOA3sIWgHfoTbgVpeSyOVnCe6FJVhFSyd7oC/j2ocgP/LsdQTA3mQT2hk0Zmzzx7MywXiSRMGAQMswWTDQdb7iZV5zbSZ5DL7Gt2c3euxE6IlapmqIDaDoghxwlU/tqo3J9ENWpxGCOmUEPKQ==
2018-06-19 16:49:53 [main] DEBUG com.wl.util.TestAesUtil [97] - mobile salt |AJYdIH5MYaJ6zue6QF/zzc2WIrckNvIvXtVQ1p5cynps+KHR0Ylu266bM+JWsWg0ulycSd0s3bC6tlr6R6lMko5j/heCxUdtxXb2wEi8rMa7HOjZvvCGnfI52ykjr2pSudxJcWCuB1SLB5dHxSx8/YuMhsCYzGcor6tIhEVv3CoWTQrAYidD8bkCCyriqgv7C9YPma9lVI8QqSOvcMPgMBFJQPhTp4kwwpqvukJZaqum38p47fJOAG/WRJ2mzmLqmc4q0PLvj6tk06f1nNhh+9Eh3jyIwkgeE5j4f2/pXhbmBt8CqosxLoNA3YYcY3tgSm0qHR+YhRvZ7W0B5V4Vow==
2018-06-19 16:49:53 [main] DEBUG com.wl.util.TestAesUtil [99] - mobile key |L9Eplts/XDxqXAUEfWYFCBhEmnqvAAVt+xEO7iKpAC9XBhQeU708I8Mb9grMV6JyxqIpeLvz3HHFwXrpAvpDeu6MDwIE3RKM2aUpul6hC/RNZF+lXTsGjMPlFY9QmN6fsBlZMKHk5BkahZkxHrx07cOSezLj370nMR+PxDcYLeMzJmXalkTlPiNwrdBDhWfGQz5coiYcJInuDfDRTu+ka4HQAwRsaN0mCrxrw3HK5hGdcgf0VW5XmAOU9eKM+jrTLv+ROIp+GMe/fsW5dq6rr2lTMgE3NmFkrlwcgTc0FMhn5Nh7Ro6cS74HLV34eLTarIJqwW5gguIxDLstyjB6yw==
2018-06-19 16:49:53 [main] DEBUG com.wl.util.TestAesUtil [102] - mobile paycraft key |JvNcfW7onL41WYEvB6sDygSCTfLqqyy0MG0AOt87mUG/GjVaQSnCgJgnWyQky+rpaioegh5gBFYVG9OoQ41TsR3Y7qD4WdYHDAMFQm1LXvh0h48H7yDFVonUH2c6SWImfgMX5HjBvl8ufX7wlIDAwwwjOQU/kgxfDMI592Jdc4Yd0r+cV2bI+9wKhD6+Bcfz36euAz1Gq9HnCfgb3poUri/IpTUDg14hRSKbUA8CAvN64ONi+IbWJfoQ6Rnyiv7QE9eIdCFo5kqcBN9ig9jXHMJ8xQsq+X6NIDe/k22y5vmQ2amiGYN2nBJMYJm2l5OH8oCg5ubujpewYoANbzVbog==
2018-06-19 16:49:53 [main] DEBUG com.wl.util.TestAesUtil [104] - mobile paycraft iv |KnaKo9M///587Zd0G9CaAi4evpFKzad5V2RSgYQhjeGG/W2+XWRDlcgFb1Ng7mDdhXeR6hi1+r+GkGXoAmbcyAqrJo5h0WFefUeKhZ3Hz6xXuxiGMoLDwFe/FkNYXJO7O4oaq7IcYPXj1reEMTSFNH8T98CILa7uivRt0fxK1D1NfUAzsE8yQRUouyPGkGuUbD9XvBWCNoNN3UQeNkwHnL09wYbnDJ0wRiK+aClRbRK6tPBndly7NRdW8xpuYmNB1BAOIUrt17kJFGCa97z8wMnUpOk2YCjFlv2zVeot4ofcDaZZ272e3vqhdfmzLNSsG7FYazvGCWaQlly1JxRPIw==
2018-06-19 16:49:53 [main] DEBUG com.wl.util.TestAesUtil [108] - customer pan encrption key |o09Y3DjLWYh3u3MbXbm1Jurx831+0QwGrPNRri6yr7tOncP9hQJs/YzXG66YsDnWchSlBnpuRvbXmaRGxKx5yHu3oEI+ljyml39OCXU+I4MYUYoXEbBmQSaAfSmr52yDfS3KFj+ZcQKgQVabScMvVdlr0cSburs0HD+Iqv8TsaFBQ5U2hRlzbuurRC8X8VmcB5armgITQOyCLmXFIeJpPJwMktrjsM50wfmvL6iXaMp+x4FSlA6RTmS69WRGNdIslWdhv3ADmvRqS1fZKc33YgPQtfhNCqB7huBRUDJG/gMrpp+EAiOKLbtP0qy0NnTSEtVnUp7zA9RPVdtHdZnGrQ==
2018-06-19 16:49:53 [main] DEBUG com.wl.util.TestAesUtil [111] - AXIS PSP encryption key|fNbd3sCJ35nb6oOODdm1buf1rDzv5z9P6i5EZ7dD33SOO8oEqUUoX5+3K+8cRn+j5Ersb+H2+uvmkDfbQtSWaYZesD6drEzZ+fw/Bu/OrpUS6iCwv0e5sz24l/YOEvfd3Lt8c40EEkLvajjO6NSZ0UOHkj19jexdv7Ev/JWH8XaIk3sLoK0CHBM0now77gKadmniiV5reyiRgy77NUc/H7l7DpuWano1jkDqApRt4uwV4wpAgM/AcBfrHfNUZ71F/GrU/JQ1bNhUjxkysDuxRWITGlGNshj04ywDW5qvbAQRfpUDYM2D/D7QKWapyE95WLwvGF7NlvE6sVuy5S5/uA==
2018-06-19 16:49:53 [main] DEBUG com.wl.util.TestAesUtil [114] - SBI PSP encryption key|Wf37vtAwhXmC3b8miqC5JZilthK/N30YordKKmzz0npK7WMN8JvXUpGlVb/8kCYBl7XXog/E8Cf3Lk5eNvvU9f5xh0BSDYtNdVGnszI6/UWKLU+LDtkajlQtrdg31XboK6Nf7scKsNf6NneLNNfGlFfKQwhap5dzh7hnYFt6S7M4pKFSexW6+C2Vamrn9ZLmyLC5UDjzuL75VnlMFveAfFFbYA85GxoFSvGSX8Olp5For/cqxCGKfw+s13uacB9SEa2WZQhmBHZMDDKDH8S6L9q18GdHN/1CesiQrk6ScaBQ/N4OeNGobVQ+KqurtgoGW20/VnMoU+KpLBtOafrrDw==
2018-06-19 16:49:53 [main] DEBUG com.wl.util.TestAesUtil [117] - YES PSP encryption key|VIHFWnUxBOKi27lXmuri/16Vz7aOR5lPYjsFHerWSnsmzks8gH1eUXfuidyH2YK+2NVVAvRhAFzeIOYETeKPy6F3BRqqcGPzUDhgJ88Lpm3Bwj/JPCjbQraQXnh3mbFuwAlx4BBKr/us2LbyBc8ff5Aef7BeJIVbMcn3YsX6/CnP8SAt55e/mCLgGN3zn53T60s43ZteJBYHGeEqLvCwLfUMeoQ2wEZOXhjXNIAbYN4pMrqf5hd3IvQ/3djO+csiockwYUV+1nnxo9ZKZDK2yEd/GSceRxRN4aHX2UVIb798IOmX6qhXoR6GS2zQsh/cqz6tlyyL0s+74/SAcvkAcQ==
2018-06-19 16:49:53 [main] DEBUG com.wl.util.TestAesUtil [120] - BOB PSP encryption key|SgEd3ZhKl2fT9z31dyvqnwP5KQzxYyXFHS5IOacNI0NF4TCjwsWJUGusfCd0v7CJAnU35xyMAgy3asPFKWaeoETxzYlXBpS1Lw84AAOtNCSSJ/fQ/6ImwwSyo9XYxbQZOzcP6OH6st470nyV247h6Zp/V3aRXiRQ20DtOH04GfzwP98skjEM2u5vnrqlCCJ5E3ivCIAjr0LTMaSgDKubTkN17x8/cWR1sxkJmBJTJV5Mub5FeGWy/l1b8kRbEy/VQ6TWwZzF3HAxYI1JypJt5VPd9L2+q7jBa7GAKTS/owxNLoLl+bq+wXxx0l5p0t/hvl8W7KmhPNckyxeKqZKKxg==
2018-06-19 16:49:53 [main] DEBUG com.wl.util.TestAesUtil [123] - SIB PSP encryption key|P/i8w9dKmEkLz4VDqC/3r4DHhEeoLhMRl9M1/A1ScKMQLuwqvjFAeg88i8OjGEziivoCCu4OWBXQhqLBjNWZQMSgvD7ko4RUwez47fxVt6QcUFylBtvXbKZicBsky3hRzD1eNwrMq8tNYhf9WocDHGK6HnzyTWBE4SCkYK8jp5cAJZN0xxUEJ+oR3VafQJ1v+n88gjetRx+AGVNvTjDfKDTd6Mr7ll/qTtGKRR5nPa4yTcpDjmYxFDFyDvIpueWlZ0JZ8270XQ2fJRScy+hHNOAkf+LHvtsvxSu3DRur7yXxMk+f4J7UPPWohkTTBACywoHqG4i72GjrHZ66fQg+vA==
2018-06-19 16:49:53 [main] DEBUG com.wl.util.TestAesUtil [126] - IDBI PSP encryption key|XtEZ/wehW9SfU4I76+e9ZPd4fWjqFKDH4/agwLfEtnwqWpW9A9bK9+25cET1grApCGmxYLJimIzbN7TvoF2XUQZ96pU98if666tx0yAZ7smf7NJzudO1IWA73Wg8dAWgw4KHiurJtgcgG41t3/MR5dTCMSL8LGT/oYkyQpR9T3TLmaB/Z2KpOdH4fL9ejXaKnxev5+nWI/jxCGQ7d8qnlcyuskXPBUSUEjsdOuLF/IAKirp1TCTnQyB46ZURV4VAhYMj+byJg3rSwZU6vdgaSShhOEwu4LHxu1YcFbZ889pcF4CgJOBLaLqZ6/qDtMDekM4ATJcKVrK0JsncOiLs0g==
2018-06-19 16:49:53 [main] DEBUG com.wl.util.TestAesUtil [129] - CBI PSP encryption key|m4H6DljHIRqBFQACnAMp83Dvg9Nqd9cKkYpaUQge9UY/mx2xug1HmTL4gk9CZKE0dW4BvzdiYOxW9wsynwKsQ8+4+2Cr+pBebrPZSEpMVi3oDTNzp2DVZvBcbHwBUAbbrPpF6koI3bEKfP/RTK+TgVYCUWnM3sIgzAxTB+XdthEB+Gt0NBJ9EfS0zvx5X9QIWJ6WqOe7u2jFZTDj/lalxc+R7SSRmPaA1DdNhcCzwYvS09ZG59Ek8dVWnUiPWNcexbWbNMx3n3g9l58QNMrKG+8B0soLUluzNeixsRI8RhQzuAoqacnLRt2YwNNrwKgDiV8qX5iYHbiK8Nv6aCSdhw==
2018-06-19 16:49:53 [main] DEBUG com.wl.util.TestAesUtil [132] - KOTAK PSP encryption key|S1k16mXF9P2QUjxm64qz7Alsi4giRgl0Oaud1xj9mabnjlgJXLJ52vKuld18X4Q9od/hvCLfYcZOgpm5EyH9F5/8JLOnPdcrumQ6XRKhiYR+DJP0idpjd2285kZ4zJH/P6y+gOmuFEpZ8fv/DFn+1EDF2N8UTr2lOmIwll0zD6lOMDQQhF0qnqiM7LOzVOp5aMLRS8LnFudxgwlrzN91+Ew9l5LMAPPappvM7sQ0MJIAK12JhHfYn0Ry9FM0l6OdSCRuQoOIngg/Cw0thDHv0SojeNpHSvB3dY2nyF2zOMimk51zxJ3n4D4CFRYq0ngvc30wWr88xCyLkTLr7E+tuw==
2018-06-19 16:49:53 [main] DEBUG com.wl.util.AesUtil [95] - Aes|Encrypted key:Bvo0gjI18RtfI/QzDA/ngtbzhaZu0mCtUStz2AQV3yDeLKKlGcQBnkwnRCyD5tlzH5I0nmBDnGqdUcH7hIwXGmVvydq5SLCGTY3CJldCH3kabQKj1i4H7CmshvL3+VDaZoVuSnKPJrdFHQ9flyV0e4epa6/gJcw4Ja79JL5zcKQu29E7HPZKJALGMHVvPAjIoNzDljDGEZ+H++Kl8nAAR2nAhlmEfTg7vv0Zxx20IWBcnaCraqybtcMjlSTTwvl6dRrHjnJG9CGLClfYlh8OE6vMzkdoE76B8D1b+KrmzfwJx01Hl9FquVdrUvTZJynGHVzQ0ZKdPfg5DXRNvNP2ig==
2018-06-19 16:49:53 [main] DEBUG com.wl.util.AesUtil [96] - AES|Encrypted iv:null
2018-06-19 16:49:53 [main] DEBUG com.wl.util.AesUtil [97] - AES|Encrypted salt:null
2018-06-19 16:49:53 [main] DEBUG com.wl.util.AesUtil [100] - IV dec :null
2018-06-19 16:49:53 [main] DEBUG com.wl.util.AesUtil [101] - SALT dec :null
2018-06-19 16:49:53 [main] DEBUG com.wl.util.AesUtil [181] - Key Used :1rRxDetyKKAusSve
2018-06-19 16:49:53 [main] DEBUG com.wl.util.AesUtil [155] - Key Used :1rRxDetyKKAusSve|16
2018-06-19 16:49:53 [main] DEBUG com.wl.util.AesUtil [156] - encrypted bytes :466
2018-06-19 16:49:53 [main] DEBUG com.wl.util.TestAesUtil [207] - enc data :qeKP62icn7G4Bzq+bMmT3nh/2lb98kkOQ4GivBHUGOkKhTfN1I0UMgD3qWwlrkfUY8gt80HLv7+FHn6bNftdijUlFcqiOZxNpdXIjgpkGfge0r30s6Q1/hRK7aFgUkKGrV8x8tP53LY6odUYUROT06KMIYNJqrf7lffSn6Z+Y+7ujG5p88cWCEbMK7dMdq/QQs0SurK6e9dF/rFNrbcV++Z2meeiEi7MN31DbT9nUjCVu30iaycMsHvhFCLKmheGdxQFEpLZqQmVvkKHrh7+k1z5G7Dlto+XhXVOfIuCYBa1+338xVx8lYvbRAGxc8pCa0Of0mqM6FfiVsjJtOVFaD6oxNku0f/jDTrwglhfNsKo4qpqj9jtqjsoGWvC6Z+bv0ufjqW5mlaEmDEdAn4jZgQHcZhagoXpX/qdB1G+NUWKfEUbHhu3QFHiSKkXV28b3BQmDAcKiQt4OvJ0RHu+TiHFXecIUhCiikyZV8Hjo99fWksBgiGaZOfQqUI7IQ1OPmMsAmTFZ0sv3f2jDWBhBxQQwPAMkOk9MuKJM9IV6XvS8QX02L87Qe5+UpTkugdli+inNTOQ5EFOJnfpNK8uCZuKbVwqzC6j9cynhgtxPRBE/VsHkjTNxW1DMdWeCT3V
2018-06-19 16:49:53 [main] DEBUG com.wl.util.AesUtil [155] - Key Used :1rRxDetyKKAusSve|16
2018-06-19 16:49:53 [main] DEBUG com.wl.util.AesUtil [156] - encrypted bytes :480
2018-06-19 16:49:53 [main] DEBUG com.wl.util.TestAesUtil [210] - dec data :{"merchId":"075010184200367","merchantVpa":"wsbimab.075010184200367-12345678@sbi","customerVpa":"bandhan@bandhan","merchantTransactionId":"0740010010029036100260000000949","transactionTimestamp":"2018-03-06 13:06:08","transactionAmount":"1.00","gatewayTransactionId":"SIB42708262702E4639A0DD75977B62AFC1","gatewayResponseCode":"00","gatewayResponseMessage":"Success","rrn":"806513346800","checksum":"6069fe14b088e38b781c054f10a3e0401ec81c26baf7595843e4b3b9df11cfa0"}
2019-09-19 13:33:24 [main] ERROR com.wl.util.AesUtil [261] - Exception while encrypting secret key
java.security.InvalidKeyException: Unsupported key type: null
	at sun.security.mscapi.RSACipher.init(RSACipher.java:243) ~[sunmscapi.jar:1.8.0_201]
	at sun.security.mscapi.RSACipher.engineInit(RSACipher.java:158) ~[sunmscapi.jar:1.8.0_201]
	at javax.crypto.Cipher.implInit(Cipher.java:801) ~[na:1.8.0_191]
	at javax.crypto.Cipher.chooseProvider(Cipher.java:863) ~[na:1.8.0_191]
	at javax.crypto.Cipher.init(Cipher.java:1248) ~[na:1.8.0_191]
	at javax.crypto.Cipher.init(Cipher.java:1185) ~[na:1.8.0_191]
	at com.wl.util.AesUtil.encryptSecretKey(AesUtil.java:256) ~[classes/:na]
	at com.wl.util.TestAesUtil.testEncryptSecretKey(TestAesUtil.java:84) [test-classes/:na]
	at sun.reflect.NativeMethodAccessorImpl.invoke0(Native Method) ~[na:1.8.0_221]
	at sun.reflect.NativeMethodAccessorImpl.invoke(NativeMethodAccessorImpl.java:62) ~[na:1.8.0_221]
	at sun.reflect.DelegatingMethodAccessorImpl.invoke(DelegatingMethodAccessorImpl.java:43) ~[na:1.8.0_221]
	at java.lang.reflect.Method.invoke(Method.java:498) ~[na:1.8.0_221]
	at org.junit.runners.model.FrameworkMethod$1.runReflectiveCall(FrameworkMethod.java:47) [junit-4.11.jar:na]
	at org.junit.internal.runners.model.ReflectiveCallable.run(ReflectiveCallable.java:12) [junit-4.11.jar:na]
	at org.junit.runners.model.FrameworkMethod.invokeExplosively(FrameworkMethod.java:44) [junit-4.11.jar:na]
	at org.junit.internal.runners.statements.InvokeMethod.evaluate(InvokeMethod.java:17) [junit-4.11.jar:na]
	at org.junit.internal.runners.statements.RunBefores.evaluate(RunBefores.java:26) [junit-4.11.jar:na]
	at org.junit.runners.ParentRunner.runLeaf(ParentRunner.java:271) [junit-4.11.jar:na]
	at org.junit.runners.BlockJUnit4ClassRunner.runChild(BlockJUnit4ClassRunner.java:70) [junit-4.11.jar:na]
	at org.junit.runners.BlockJUnit4ClassRunner.runChild(BlockJUnit4ClassRunner.java:50) [junit-4.11.jar:na]
	at org.junit.runners.ParentRunner$3.run(ParentRunner.java:238) [junit-4.11.jar:na]
	at org.junit.runners.ParentRunner$1.schedule(ParentRunner.java:63) [junit-4.11.jar:na]
	at org.junit.runners.ParentRunner.runChildren(ParentRunner.java:236) [junit-4.11.jar:na]
	at org.junit.runners.ParentRunner.access$000(ParentRunner.java:53) [junit-4.11.jar:na]
	at org.junit.runners.ParentRunner$2.evaluate(ParentRunner.java:229) [junit-4.11.jar:na]
	at org.junit.runners.ParentRunner.run(ParentRunner.java:309) [junit-4.11.jar:na]
	at org.apache.maven.surefire.junit4.JUnit4Provider.execute(JUnit4Provider.java:252) [surefire-junit4-2.12.4.jar:2.12.4]
	at org.apache.maven.surefire.junit4.JUnit4Provider.executeTestSet(JUnit4Provider.java:141) [surefire-junit4-2.12.4.jar:2.12.4]
	at org.apache.maven.surefire.junit4.JUnit4Provider.invoke(JUnit4Provider.java:112) [surefire-junit4-2.12.4.jar:2.12.4]
	at sun.reflect.NativeMethodAccessorImpl.invoke0(Native Method) ~[na:1.8.0_221]
	at sun.reflect.NativeMethodAccessorImpl.invoke(NativeMethodAccessorImpl.java:62) ~[na:1.8.0_221]
	at sun.reflect.DelegatingMethodAccessorImpl.invoke(DelegatingMethodAccessorImpl.java:43) ~[na:1.8.0_221]
	at java.lang.reflect.Method.invoke(Method.java:498) ~[na:1.8.0_221]
	at org.apache.maven.surefire.util.ReflectionUtils.invokeMethodWithArray(ReflectionUtils.java:189) [surefire-api-2.12.4.jar:2.12.4]
	at org.apache.maven.surefire.booter.ProviderFactory$ProviderProxy.invoke(ProviderFactory.java:165) [surefire-booter-2.12.4.jar:2.12.4]
	at org.apache.maven.surefire.booter.ProviderFactory.invokeProvider(ProviderFactory.java:85) [surefire-booter-2.12.4.jar:2.12.4]
	at org.apache.maven.surefire.booter.ForkedBooter.runSuitesInProcess(ForkedBooter.java:115) [surefire-booter-2.12.4.jar:2.12.4]
	at org.apache.maven.surefire.booter.ForkedBooter.main(ForkedBooter.java:75) [surefire-booter-2.12.4.jar:2.12.4]
2019-09-19 13:33:24 [main] DEBUG com.wl.util.TestAesUtil [85] - instaMer key |null
2019-09-19 13:33:24 [main] ERROR com.wl.util.AesUtil [261] - Exception while encrypting secret key
java.security.InvalidKeyException: Unsupported key type: null
	at sun.security.mscapi.RSACipher.init(RSACipher.java:243) ~[sunmscapi.jar:1.8.0_201]
	at sun.security.mscapi.RSACipher.engineInit(RSACipher.java:158) ~[sunmscapi.jar:1.8.0_201]
	at javax.crypto.Cipher.implInit(Cipher.java:801) ~[na:1.8.0_191]
	at javax.crypto.Cipher.chooseProvider(Cipher.java:863) ~[na:1.8.0_191]
	at javax.crypto.Cipher.init(Cipher.java:1248) ~[na:1.8.0_191]
	at javax.crypto.Cipher.init(Cipher.java:1185) ~[na:1.8.0_191]
	at com.wl.util.AesUtil.encryptSecretKey(AesUtil.java:256) ~[classes/:na]
	at com.wl.util.TestAesUtil.testEncryptSecretKey(TestAesUtil.java:86) [test-classes/:na]
	at sun.reflect.NativeMethodAccessorImpl.invoke0(Native Method) ~[na:1.8.0_221]
	at sun.reflect.NativeMethodAccessorImpl.invoke(NativeMethodAccessorImpl.java:62) ~[na:1.8.0_221]
	at sun.reflect.DelegatingMethodAccessorImpl.invoke(DelegatingMethodAccessorImpl.java:43) ~[na:1.8.0_221]
	at java.lang.reflect.Method.invoke(Method.java:498) ~[na:1.8.0_221]
	at org.junit.runners.model.FrameworkMethod$1.runReflectiveCall(FrameworkMethod.java:47) [junit-4.11.jar:na]
	at org.junit.internal.runners.model.ReflectiveCallable.run(ReflectiveCallable.java:12) [junit-4.11.jar:na]
	at org.junit.runners.model.FrameworkMethod.invokeExplosively(FrameworkMethod.java:44) [junit-4.11.jar:na]
	at org.junit.internal.runners.statements.InvokeMethod.evaluate(InvokeMethod.java:17) [junit-4.11.jar:na]
	at org.junit.internal.runners.statements.RunBefores.evaluate(RunBefores.java:26) [junit-4.11.jar:na]
	at org.junit.runners.ParentRunner.runLeaf(ParentRunner.java:271) [junit-4.11.jar:na]
	at org.junit.runners.BlockJUnit4ClassRunner.runChild(BlockJUnit4ClassRunner.java:70) [junit-4.11.jar:na]
	at org.junit.runners.BlockJUnit4ClassRunner.runChild(BlockJUnit4ClassRunner.java:50) [junit-4.11.jar:na]
	at org.junit.runners.ParentRunner$3.run(ParentRunner.java:238) [junit-4.11.jar:na]
	at org.junit.runners.ParentRunner$1.schedule(ParentRunner.java:63) [junit-4.11.jar:na]
	at org.junit.runners.ParentRunner.runChildren(ParentRunner.java:236) [junit-4.11.jar:na]
	at org.junit.runners.ParentRunner.access$000(ParentRunner.java:53) [junit-4.11.jar:na]
	at org.junit.runners.ParentRunner$2.evaluate(ParentRunner.java:229) [junit-4.11.jar:na]
	at org.junit.runners.ParentRunner.run(ParentRunner.java:309) [junit-4.11.jar:na]
	at org.apache.maven.surefire.junit4.JUnit4Provider.execute(JUnit4Provider.java:252) [surefire-junit4-2.12.4.jar:2.12.4]
	at org.apache.maven.surefire.junit4.JUnit4Provider.executeTestSet(JUnit4Provider.java:141) [surefire-junit4-2.12.4.jar:2.12.4]
	at org.apache.maven.surefire.junit4.JUnit4Provider.invoke(JUnit4Provider.java:112) [surefire-junit4-2.12.4.jar:2.12.4]
	at sun.reflect.NativeMethodAccessorImpl.invoke0(Native Method) ~[na:1.8.0_221]
	at sun.reflect.NativeMethodAccessorImpl.invoke(NativeMethodAccessorImpl.java:62) ~[na:1.8.0_221]
	at sun.reflect.DelegatingMethodAccessorImpl.invoke(DelegatingMethodAccessorImpl.java:43) ~[na:1.8.0_221]
	at java.lang.reflect.Method.invoke(Method.java:498) ~[na:1.8.0_221]
	at org.apache.maven.surefire.util.ReflectionUtils.invokeMethodWithArray(ReflectionUtils.java:189) [surefire-api-2.12.4.jar:2.12.4]
	at org.apache.maven.surefire.booter.ProviderFactory$ProviderProxy.invoke(ProviderFactory.java:165) [surefire-booter-2.12.4.jar:2.12.4]
	at org.apache.maven.surefire.booter.ProviderFactory.invokeProvider(ProviderFactory.java:85) [surefire-booter-2.12.4.jar:2.12.4]
	at org.apache.maven.surefire.booter.ForkedBooter.runSuitesInProcess(ForkedBooter.java:115) [surefire-booter-2.12.4.jar:2.12.4]
	at org.apache.maven.surefire.booter.ForkedBooter.main(ForkedBooter.java:75) [surefire-booter-2.12.4.jar:2.12.4]
2019-09-19 13:33:24 [main] DEBUG com.wl.util.TestAesUtil [87] - instaMer iv |null
2019-09-19 13:33:24 [main] ERROR com.wl.util.AesUtil [261] - Exception while encrypting secret key
java.security.InvalidKeyException: Unsupported key type: null
	at sun.security.mscapi.RSACipher.init(RSACipher.java:243) ~[sunmscapi.jar:1.8.0_201]
	at sun.security.mscapi.RSACipher.engineInit(RSACipher.java:158) ~[sunmscapi.jar:1.8.0_201]
	at javax.crypto.Cipher.implInit(Cipher.java:801) ~[na:1.8.0_191]
	at javax.crypto.Cipher.chooseProvider(Cipher.java:863) ~[na:1.8.0_191]
	at javax.crypto.Cipher.init(Cipher.java:1248) ~[na:1.8.0_191]
	at javax.crypto.Cipher.init(Cipher.java:1185) ~[na:1.8.0_191]
	at com.wl.util.AesUtil.encryptSecretKey(AesUtil.java:256) ~[classes/:na]
	at com.wl.util.TestAesUtil.testEncryptSecretKey(TestAesUtil.java:88) [test-classes/:na]
	at sun.reflect.NativeMethodAccessorImpl.invoke0(Native Method) ~[na:1.8.0_221]
	at sun.reflect.NativeMethodAccessorImpl.invoke(NativeMethodAccessorImpl.java:62) ~[na:1.8.0_221]
	at sun.reflect.DelegatingMethodAccessorImpl.invoke(DelegatingMethodAccessorImpl.java:43) ~[na:1.8.0_221]
	at java.lang.reflect.Method.invoke(Method.java:498) ~[na:1.8.0_221]
	at org.junit.runners.model.FrameworkMethod$1.runReflectiveCall(FrameworkMethod.java:47) [junit-4.11.jar:na]
	at org.junit.internal.runners.model.ReflectiveCallable.run(ReflectiveCallable.java:12) [junit-4.11.jar:na]
	at org.junit.runners.model.FrameworkMethod.invokeExplosively(FrameworkMethod.java:44) [junit-4.11.jar:na]
	at org.junit.internal.runners.statements.InvokeMethod.evaluate(InvokeMethod.java:17) [junit-4.11.jar:na]
	at org.junit.internal.runners.statements.RunBefores.evaluate(RunBefores.java:26) [junit-4.11.jar:na]
	at org.junit.runners.ParentRunner.runLeaf(ParentRunner.java:271) [junit-4.11.jar:na]
	at org.junit.runners.BlockJUnit4ClassRunner.runChild(BlockJUnit4ClassRunner.java:70) [junit-4.11.jar:na]
	at org.junit.runners.BlockJUnit4ClassRunner.runChild(BlockJUnit4ClassRunner.java:50) [junit-4.11.jar:na]
	at org.junit.runners.ParentRunner$3.run(ParentRunner.java:238) [junit-4.11.jar:na]
	at org.junit.runners.ParentRunner$1.schedule(ParentRunner.java:63) [junit-4.11.jar:na]
	at org.junit.runners.ParentRunner.runChildren(ParentRunner.java:236) [junit-4.11.jar:na]
	at org.junit.runners.ParentRunner.access$000(ParentRunner.java:53) [junit-4.11.jar:na]
	at org.junit.runners.ParentRunner$2.evaluate(ParentRunner.java:229) [junit-4.11.jar:na]
	at org.junit.runners.ParentRunner.run(ParentRunner.java:309) [junit-4.11.jar:na]
	at org.apache.maven.surefire.junit4.JUnit4Provider.execute(JUnit4Provider.java:252) [surefire-junit4-2.12.4.jar:2.12.4]
	at org.apache.maven.surefire.junit4.JUnit4Provider.executeTestSet(JUnit4Provider.java:141) [surefire-junit4-2.12.4.jar:2.12.4]
	at org.apache.maven.surefire.junit4.JUnit4Provider.invoke(JUnit4Provider.java:112) [surefire-junit4-2.12.4.jar:2.12.4]
	at sun.reflect.NativeMethodAccessorImpl.invoke0(Native Method) ~[na:1.8.0_221]
	at sun.reflect.NativeMethodAccessorImpl.invoke(NativeMethodAccessorImpl.java:62) ~[na:1.8.0_221]
	at sun.reflect.DelegatingMethodAccessorImpl.invoke(DelegatingMethodAccessorImpl.java:43) ~[na:1.8.0_221]
	at java.lang.reflect.Method.invoke(Method.java:498) ~[na:1.8.0_221]
	at org.apache.maven.surefire.util.ReflectionUtils.invokeMethodWithArray(ReflectionUtils.java:189) [surefire-api-2.12.4.jar:2.12.4]
	at org.apache.maven.surefire.booter.ProviderFactory$ProviderProxy.invoke(ProviderFactory.java:165) [surefire-booter-2.12.4.jar:2.12.4]
	at org.apache.maven.surefire.booter.ProviderFactory.invokeProvider(ProviderFactory.java:85) [surefire-booter-2.12.4.jar:2.12.4]
	at org.apache.maven.surefire.booter.ForkedBooter.runSuitesInProcess(ForkedBooter.java:115) [surefire-booter-2.12.4.jar:2.12.4]
	at org.apache.maven.surefire.booter.ForkedBooter.main(ForkedBooter.java:75) [surefire-booter-2.12.4.jar:2.12.4]
2019-09-19 13:33:24 [main] DEBUG com.wl.util.TestAesUtil [89] - instaMer des key |null
2019-09-19 13:33:24 [main] ERROR com.wl.util.AesUtil [261] - Exception while encrypting secret key
java.security.InvalidKeyException: Unsupported key type: null
	at sun.security.mscapi.RSACipher.init(RSACipher.java:243) ~[sunmscapi.jar:1.8.0_201]
	at sun.security.mscapi.RSACipher.engineInit(RSACipher.java:158) ~[sunmscapi.jar:1.8.0_201]
	at javax.crypto.Cipher.implInit(Cipher.java:801) ~[na:1.8.0_191]
	at javax.crypto.Cipher.chooseProvider(Cipher.java:863) ~[na:1.8.0_191]
	at javax.crypto.Cipher.init(Cipher.java:1248) ~[na:1.8.0_191]
	at javax.crypto.Cipher.init(Cipher.java:1185) ~[na:1.8.0_191]
	at com.wl.util.AesUtil.encryptSecretKey(AesUtil.java:256) ~[classes/:na]
	at com.wl.util.TestAesUtil.testEncryptSecretKey(TestAesUtil.java:90) [test-classes/:na]
	at sun.reflect.NativeMethodAccessorImpl.invoke0(Native Method) ~[na:1.8.0_221]
	at sun.reflect.NativeMethodAccessorImpl.invoke(NativeMethodAccessorImpl.java:62) ~[na:1.8.0_221]
	at sun.reflect.DelegatingMethodAccessorImpl.invoke(DelegatingMethodAccessorImpl.java:43) ~[na:1.8.0_221]
	at java.lang.reflect.Method.invoke(Method.java:498) ~[na:1.8.0_221]
	at org.junit.runners.model.FrameworkMethod$1.runReflectiveCall(FrameworkMethod.java:47) [junit-4.11.jar:na]
	at org.junit.internal.runners.model.ReflectiveCallable.run(ReflectiveCallable.java:12) [junit-4.11.jar:na]
	at org.junit.runners.model.FrameworkMethod.invokeExplosively(FrameworkMethod.java:44) [junit-4.11.jar:na]
	at org.junit.internal.runners.statements.InvokeMethod.evaluate(InvokeMethod.java:17) [junit-4.11.jar:na]
	at org.junit.internal.runners.statements.RunBefores.evaluate(RunBefores.java:26) [junit-4.11.jar:na]
	at org.junit.runners.ParentRunner.runLeaf(ParentRunner.java:271) [junit-4.11.jar:na]
	at org.junit.runners.BlockJUnit4ClassRunner.runChild(BlockJUnit4ClassRunner.java:70) [junit-4.11.jar:na]
	at org.junit.runners.BlockJUnit4ClassRunner.runChild(BlockJUnit4ClassRunner.java:50) [junit-4.11.jar:na]
	at org.junit.runners.ParentRunner$3.run(ParentRunner.java:238) [junit-4.11.jar:na]
	at org.junit.runners.ParentRunner$1.schedule(ParentRunner.java:63) [junit-4.11.jar:na]
	at org.junit.runners.ParentRunner.runChildren(ParentRunner.java:236) [junit-4.11.jar:na]
	at org.junit.runners.ParentRunner.access$000(ParentRunner.java:53) [junit-4.11.jar:na]
	at org.junit.runners.ParentRunner$2.evaluate(ParentRunner.java:229) [junit-4.11.jar:na]
	at org.junit.runners.ParentRunner.run(ParentRunner.java:309) [junit-4.11.jar:na]
	at org.apache.maven.surefire.junit4.JUnit4Provider.execute(JUnit4Provider.java:252) [surefire-junit4-2.12.4.jar:2.12.4]
	at org.apache.maven.surefire.junit4.JUnit4Provider.executeTestSet(JUnit4Provider.java:141) [surefire-junit4-2.12.4.jar:2.12.4]
	at org.apache.maven.surefire.junit4.JUnit4Provider.invoke(JUnit4Provider.java:112) [surefire-junit4-2.12.4.jar:2.12.4]
	at sun.reflect.NativeMethodAccessorImpl.invoke0(Native Method) ~[na:1.8.0_221]
	at sun.reflect.NativeMethodAccessorImpl.invoke(NativeMethodAccessorImpl.java:62) ~[na:1.8.0_221]
	at sun.reflect.DelegatingMethodAccessorImpl.invoke(DelegatingMethodAccessorImpl.java:43) ~[na:1.8.0_221]
	at java.lang.reflect.Method.invoke(Method.java:498) ~[na:1.8.0_221]
	at org.apache.maven.surefire.util.ReflectionUtils.invokeMethodWithArray(ReflectionUtils.java:189) [surefire-api-2.12.4.jar:2.12.4]
	at org.apache.maven.surefire.booter.ProviderFactory$ProviderProxy.invoke(ProviderFactory.java:165) [surefire-booter-2.12.4.jar:2.12.4]
	at org.apache.maven.surefire.booter.ProviderFactory.invokeProvider(ProviderFactory.java:85) [surefire-booter-2.12.4.jar:2.12.4]
	at org.apache.maven.surefire.booter.ForkedBooter.runSuitesInProcess(ForkedBooter.java:115) [surefire-booter-2.12.4.jar:2.12.4]
	at org.apache.maven.surefire.booter.ForkedBooter.main(ForkedBooter.java:75) [surefire-booter-2.12.4.jar:2.12.4]
2019-09-19 13:33:24 [main] DEBUG com.wl.util.TestAesUtil [91] - instaMer des iv |null
2019-09-19 13:33:24 [main] ERROR com.wl.util.AesUtil [261] - Exception while encrypting secret key
java.security.InvalidKeyException: Unsupported key type: null
	at sun.security.mscapi.RSACipher.init(RSACipher.java:243) ~[sunmscapi.jar:1.8.0_201]
	at sun.security.mscapi.RSACipher.engineInit(RSACipher.java:158) ~[sunmscapi.jar:1.8.0_201]
	at javax.crypto.Cipher.implInit(Cipher.java:801) ~[na:1.8.0_191]
	at javax.crypto.Cipher.chooseProvider(Cipher.java:863) ~[na:1.8.0_191]
	at javax.crypto.Cipher.init(Cipher.java:1248) ~[na:1.8.0_191]
	at javax.crypto.Cipher.init(Cipher.java:1185) ~[na:1.8.0_191]
	at com.wl.util.AesUtil.encryptSecretKey(AesUtil.java:256) ~[classes/:na]
	at com.wl.util.TestAesUtil.testEncryptSecretKey(TestAesUtil.java:94) [test-classes/:na]
	at sun.reflect.NativeMethodAccessorImpl.invoke0(Native Method) ~[na:1.8.0_221]
	at sun.reflect.NativeMethodAccessorImpl.invoke(NativeMethodAccessorImpl.java:62) ~[na:1.8.0_221]
	at sun.reflect.DelegatingMethodAccessorImpl.invoke(DelegatingMethodAccessorImpl.java:43) ~[na:1.8.0_221]
	at java.lang.reflect.Method.invoke(Method.java:498) ~[na:1.8.0_221]
	at org.junit.runners.model.FrameworkMethod$1.runReflectiveCall(FrameworkMethod.java:47) [junit-4.11.jar:na]
	at org.junit.internal.runners.model.ReflectiveCallable.run(ReflectiveCallable.java:12) [junit-4.11.jar:na]
	at org.junit.runners.model.FrameworkMethod.invokeExplosively(FrameworkMethod.java:44) [junit-4.11.jar:na]
	at org.junit.internal.runners.statements.InvokeMethod.evaluate(InvokeMethod.java:17) [junit-4.11.jar:na]
	at org.junit.internal.runners.statements.RunBefores.evaluate(RunBefores.java:26) [junit-4.11.jar:na]
	at org.junit.runners.ParentRunner.runLeaf(ParentRunner.java:271) [junit-4.11.jar:na]
	at org.junit.runners.BlockJUnit4ClassRunner.runChild(BlockJUnit4ClassRunner.java:70) [junit-4.11.jar:na]
	at org.junit.runners.BlockJUnit4ClassRunner.runChild(BlockJUnit4ClassRunner.java:50) [junit-4.11.jar:na]
	at org.junit.runners.ParentRunner$3.run(ParentRunner.java:238) [junit-4.11.jar:na]
	at org.junit.runners.ParentRunner$1.schedule(ParentRunner.java:63) [junit-4.11.jar:na]
	at org.junit.runners.ParentRunner.runChildren(ParentRunner.java:236) [junit-4.11.jar:na]
	at org.junit.runners.ParentRunner.access$000(ParentRunner.java:53) [junit-4.11.jar:na]
	at org.junit.runners.ParentRunner$2.evaluate(ParentRunner.java:229) [junit-4.11.jar:na]
	at org.junit.runners.ParentRunner.run(ParentRunner.java:309) [junit-4.11.jar:na]
	at org.apache.maven.surefire.junit4.JUnit4Provider.execute(JUnit4Provider.java:252) [surefire-junit4-2.12.4.jar:2.12.4]
	at org.apache.maven.surefire.junit4.JUnit4Provider.executeTestSet(JUnit4Provider.java:141) [surefire-junit4-2.12.4.jar:2.12.4]
	at org.apache.maven.surefire.junit4.JUnit4Provider.invoke(JUnit4Provider.java:112) [surefire-junit4-2.12.4.jar:2.12.4]
	at sun.reflect.NativeMethodAccessorImpl.invoke0(Native Method) ~[na:1.8.0_221]
	at sun.reflect.NativeMethodAccessorImpl.invoke(NativeMethodAccessorImpl.java:62) ~[na:1.8.0_221]
	at sun.reflect.DelegatingMethodAccessorImpl.invoke(DelegatingMethodAccessorImpl.java:43) ~[na:1.8.0_221]
	at java.lang.reflect.Method.invoke(Method.java:498) ~[na:1.8.0_221]
	at org.apache.maven.surefire.util.ReflectionUtils.invokeMethodWithArray(ReflectionUtils.java:189) [surefire-api-2.12.4.jar:2.12.4]
	at org.apache.maven.surefire.booter.ProviderFactory$ProviderProxy.invoke(ProviderFactory.java:165) [surefire-booter-2.12.4.jar:2.12.4]
	at org.apache.maven.surefire.booter.ProviderFactory.invokeProvider(ProviderFactory.java:85) [surefire-booter-2.12.4.jar:2.12.4]
	at org.apache.maven.surefire.booter.ForkedBooter.runSuitesInProcess(ForkedBooter.java:115) [surefire-booter-2.12.4.jar:2.12.4]
	at org.apache.maven.surefire.booter.ForkedBooter.main(ForkedBooter.java:75) [surefire-booter-2.12.4.jar:2.12.4]
2019-09-19 13:33:24 [main] DEBUG com.wl.util.TestAesUtil [95] - mobile iv |null
2019-09-19 13:33:24 [main] ERROR com.wl.util.AesUtil [261] - Exception while encrypting secret key
java.security.InvalidKeyException: Unsupported key type: null
	at sun.security.mscapi.RSACipher.init(RSACipher.java:243) ~[sunmscapi.jar:1.8.0_201]
	at sun.security.mscapi.RSACipher.engineInit(RSACipher.java:158) ~[sunmscapi.jar:1.8.0_201]
	at javax.crypto.Cipher.implInit(Cipher.java:801) ~[na:1.8.0_191]
	at javax.crypto.Cipher.chooseProvider(Cipher.java:863) ~[na:1.8.0_191]
	at javax.crypto.Cipher.init(Cipher.java:1248) ~[na:1.8.0_191]
	at javax.crypto.Cipher.init(Cipher.java:1185) ~[na:1.8.0_191]
	at com.wl.util.AesUtil.encryptSecretKey(AesUtil.java:256) ~[classes/:na]
	at com.wl.util.TestAesUtil.testEncryptSecretKey(TestAesUtil.java:96) [test-classes/:na]
	at sun.reflect.NativeMethodAccessorImpl.invoke0(Native Method) ~[na:1.8.0_221]
	at sun.reflect.NativeMethodAccessorImpl.invoke(NativeMethodAccessorImpl.java:62) ~[na:1.8.0_221]
	at sun.reflect.DelegatingMethodAccessorImpl.invoke(DelegatingMethodAccessorImpl.java:43) ~[na:1.8.0_221]
	at java.lang.reflect.Method.invoke(Method.java:498) ~[na:1.8.0_221]
	at org.junit.runners.model.FrameworkMethod$1.runReflectiveCall(FrameworkMethod.java:47) [junit-4.11.jar:na]
	at org.junit.internal.runners.model.ReflectiveCallable.run(ReflectiveCallable.java:12) [junit-4.11.jar:na]
	at org.junit.runners.model.FrameworkMethod.invokeExplosively(FrameworkMethod.java:44) [junit-4.11.jar:na]
	at org.junit.internal.runners.statements.InvokeMethod.evaluate(InvokeMethod.java:17) [junit-4.11.jar:na]
	at org.junit.internal.runners.statements.RunBefores.evaluate(RunBefores.java:26) [junit-4.11.jar:na]
	at org.junit.runners.ParentRunner.runLeaf(ParentRunner.java:271) [junit-4.11.jar:na]
	at org.junit.runners.BlockJUnit4ClassRunner.runChild(BlockJUnit4ClassRunner.java:70) [junit-4.11.jar:na]
	at org.junit.runners.BlockJUnit4ClassRunner.runChild(BlockJUnit4ClassRunner.java:50) [junit-4.11.jar:na]
	at org.junit.runners.ParentRunner$3.run(ParentRunner.java:238) [junit-4.11.jar:na]
	at org.junit.runners.ParentRunner$1.schedule(ParentRunner.java:63) [junit-4.11.jar:na]
	at org.junit.runners.ParentRunner.runChildren(ParentRunner.java:236) [junit-4.11.jar:na]
	at org.junit.runners.ParentRunner.access$000(ParentRunner.java:53) [junit-4.11.jar:na]
	at org.junit.runners.ParentRunner$2.evaluate(ParentRunner.java:229) [junit-4.11.jar:na]
	at org.junit.runners.ParentRunner.run(ParentRunner.java:309) [junit-4.11.jar:na]
	at org.apache.maven.surefire.junit4.JUnit4Provider.execute(JUnit4Provider.java:252) [surefire-junit4-2.12.4.jar:2.12.4]
	at org.apache.maven.surefire.junit4.JUnit4Provider.executeTestSet(JUnit4Provider.java:141) [surefire-junit4-2.12.4.jar:2.12.4]
	at org.apache.maven.surefire.junit4.JUnit4Provider.invoke(JUnit4Provider.java:112) [surefire-junit4-2.12.4.jar:2.12.4]
	at sun.reflect.NativeMethodAccessorImpl.invoke0(Native Method) ~[na:1.8.0_221]
	at sun.reflect.NativeMethodAccessorImpl.invoke(NativeMethodAccessorImpl.java:62) ~[na:1.8.0_221]
	at sun.reflect.DelegatingMethodAccessorImpl.invoke(DelegatingMethodAccessorImpl.java:43) ~[na:1.8.0_221]
	at java.lang.reflect.Method.invoke(Method.java:498) ~[na:1.8.0_221]
	at org.apache.maven.surefire.util.ReflectionUtils.invokeMethodWithArray(ReflectionUtils.java:189) [surefire-api-2.12.4.jar:2.12.4]
	at org.apache.maven.surefire.booter.ProviderFactory$ProviderProxy.invoke(ProviderFactory.java:165) [surefire-booter-2.12.4.jar:2.12.4]
	at org.apache.maven.surefire.booter.ProviderFactory.invokeProvider(ProviderFactory.java:85) [surefire-booter-2.12.4.jar:2.12.4]
	at org.apache.maven.surefire.booter.ForkedBooter.runSuitesInProcess(ForkedBooter.java:115) [surefire-booter-2.12.4.jar:2.12.4]
	at org.apache.maven.surefire.booter.ForkedBooter.main(ForkedBooter.java:75) [surefire-booter-2.12.4.jar:2.12.4]
2019-09-19 13:33:24 [main] DEBUG com.wl.util.TestAesUtil [97] - mobile salt |null
2019-09-19 13:33:24 [main] ERROR com.wl.util.AesUtil [261] - Exception while encrypting secret key
java.security.InvalidKeyException: Unsupported key type: null
	at sun.security.mscapi.RSACipher.init(RSACipher.java:243) ~[sunmscapi.jar:1.8.0_201]
	at sun.security.mscapi.RSACipher.engineInit(RSACipher.java:158) ~[sunmscapi.jar:1.8.0_201]
	at javax.crypto.Cipher.implInit(Cipher.java:801) ~[na:1.8.0_191]
	at javax.crypto.Cipher.chooseProvider(Cipher.java:863) ~[na:1.8.0_191]
	at javax.crypto.Cipher.init(Cipher.java:1248) ~[na:1.8.0_191]
	at javax.crypto.Cipher.init(Cipher.java:1185) ~[na:1.8.0_191]
	at com.wl.util.AesUtil.encryptSecretKey(AesUtil.java:256) ~[classes/:na]
	at com.wl.util.TestAesUtil.testEncryptSecretKey(TestAesUtil.java:98) [test-classes/:na]
	at sun.reflect.NativeMethodAccessorImpl.invoke0(Native Method) ~[na:1.8.0_221]
	at sun.reflect.NativeMethodAccessorImpl.invoke(NativeMethodAccessorImpl.java:62) ~[na:1.8.0_221]
	at sun.reflect.DelegatingMethodAccessorImpl.invoke(DelegatingMethodAccessorImpl.java:43) ~[na:1.8.0_221]
	at java.lang.reflect.Method.invoke(Method.java:498) ~[na:1.8.0_221]
	at org.junit.runners.model.FrameworkMethod$1.runReflectiveCall(FrameworkMethod.java:47) [junit-4.11.jar:na]
	at org.junit.internal.runners.model.ReflectiveCallable.run(ReflectiveCallable.java:12) [junit-4.11.jar:na]
	at org.junit.runners.model.FrameworkMethod.invokeExplosively(FrameworkMethod.java:44) [junit-4.11.jar:na]
	at org.junit.internal.runners.statements.InvokeMethod.evaluate(InvokeMethod.java:17) [junit-4.11.jar:na]
	at org.junit.internal.runners.statements.RunBefores.evaluate(RunBefores.java:26) [junit-4.11.jar:na]
	at org.junit.runners.ParentRunner.runLeaf(ParentRunner.java:271) [junit-4.11.jar:na]
	at org.junit.runners.BlockJUnit4ClassRunner.runChild(BlockJUnit4ClassRunner.java:70) [junit-4.11.jar:na]
	at org.junit.runners.BlockJUnit4ClassRunner.runChild(BlockJUnit4ClassRunner.java:50) [junit-4.11.jar:na]
	at org.junit.runners.ParentRunner$3.run(ParentRunner.java:238) [junit-4.11.jar:na]
	at org.junit.runners.ParentRunner$1.schedule(ParentRunner.java:63) [junit-4.11.jar:na]
	at org.junit.runners.ParentRunner.runChildren(ParentRunner.java:236) [junit-4.11.jar:na]
	at org.junit.runners.ParentRunner.access$000(ParentRunner.java:53) [junit-4.11.jar:na]
	at org.junit.runners.ParentRunner$2.evaluate(ParentRunner.java:229) [junit-4.11.jar:na]
	at org.junit.runners.ParentRunner.run(ParentRunner.java:309) [junit-4.11.jar:na]
	at org.apache.maven.surefire.junit4.JUnit4Provider.execute(JUnit4Provider.java:252) [surefire-junit4-2.12.4.jar:2.12.4]
	at org.apache.maven.surefire.junit4.JUnit4Provider.executeTestSet(JUnit4Provider.java:141) [surefire-junit4-2.12.4.jar:2.12.4]
	at org.apache.maven.surefire.junit4.JUnit4Provider.invoke(JUnit4Provider.java:112) [surefire-junit4-2.12.4.jar:2.12.4]
	at sun.reflect.NativeMethodAccessorImpl.invoke0(Native Method) ~[na:1.8.0_221]
	at sun.reflect.NativeMethodAccessorImpl.invoke(NativeMethodAccessorImpl.java:62) ~[na:1.8.0_221]
	at sun.reflect.DelegatingMethodAccessorImpl.invoke(DelegatingMethodAccessorImpl.java:43) ~[na:1.8.0_221]
	at java.lang.reflect.Method.invoke(Method.java:498) ~[na:1.8.0_221]
	at org.apache.maven.surefire.util.ReflectionUtils.invokeMethodWithArray(ReflectionUtils.java:189) [surefire-api-2.12.4.jar:2.12.4]
	at org.apache.maven.surefire.booter.ProviderFactory$ProviderProxy.invoke(ProviderFactory.java:165) [surefire-booter-2.12.4.jar:2.12.4]
	at org.apache.maven.surefire.booter.ProviderFactory.invokeProvider(ProviderFactory.java:85) [surefire-booter-2.12.4.jar:2.12.4]
	at org.apache.maven.surefire.booter.ForkedBooter.runSuitesInProcess(ForkedBooter.java:115) [surefire-booter-2.12.4.jar:2.12.4]
	at org.apache.maven.surefire.booter.ForkedBooter.main(ForkedBooter.java:75) [surefire-booter-2.12.4.jar:2.12.4]
2019-09-19 13:33:24 [main] DEBUG com.wl.util.TestAesUtil [99] - mobile key |null
2019-09-19 13:33:24 [main] ERROR com.wl.util.AesUtil [261] - Exception while encrypting secret key
java.security.InvalidKeyException: Unsupported key type: null
	at sun.security.mscapi.RSACipher.init(RSACipher.java:243) ~[sunmscapi.jar:1.8.0_201]
	at sun.security.mscapi.RSACipher.engineInit(RSACipher.java:158) ~[sunmscapi.jar:1.8.0_201]
	at javax.crypto.Cipher.implInit(Cipher.java:801) ~[na:1.8.0_191]
	at javax.crypto.Cipher.chooseProvider(Cipher.java:863) ~[na:1.8.0_191]
	at javax.crypto.Cipher.init(Cipher.java:1248) ~[na:1.8.0_191]
	at javax.crypto.Cipher.init(Cipher.java:1185) ~[na:1.8.0_191]
	at com.wl.util.AesUtil.encryptSecretKey(AesUtil.java:256) ~[classes/:na]
	at com.wl.util.TestAesUtil.testEncryptSecretKey(TestAesUtil.java:101) [test-classes/:na]
	at sun.reflect.NativeMethodAccessorImpl.invoke0(Native Method) ~[na:1.8.0_221]
	at sun.reflect.NativeMethodAccessorImpl.invoke(NativeMethodAccessorImpl.java:62) ~[na:1.8.0_221]
	at sun.reflect.DelegatingMethodAccessorImpl.invoke(DelegatingMethodAccessorImpl.java:43) ~[na:1.8.0_221]
	at java.lang.reflect.Method.invoke(Method.java:498) ~[na:1.8.0_221]
	at org.junit.runners.model.FrameworkMethod$1.runReflectiveCall(FrameworkMethod.java:47) [junit-4.11.jar:na]
	at org.junit.internal.runners.model.ReflectiveCallable.run(ReflectiveCallable.java:12) [junit-4.11.jar:na]
	at org.junit.runners.model.FrameworkMethod.invokeExplosively(FrameworkMethod.java:44) [junit-4.11.jar:na]
	at org.junit.internal.runners.statements.InvokeMethod.evaluate(InvokeMethod.java:17) [junit-4.11.jar:na]
	at org.junit.internal.runners.statements.RunBefores.evaluate(RunBefores.java:26) [junit-4.11.jar:na]
	at org.junit.runners.ParentRunner.runLeaf(ParentRunner.java:271) [junit-4.11.jar:na]
	at org.junit.runners.BlockJUnit4ClassRunner.runChild(BlockJUnit4ClassRunner.java:70) [junit-4.11.jar:na]
	at org.junit.runners.BlockJUnit4ClassRunner.runChild(BlockJUnit4ClassRunner.java:50) [junit-4.11.jar:na]
	at org.junit.runners.ParentRunner$3.run(ParentRunner.java:238) [junit-4.11.jar:na]
	at org.junit.runners.ParentRunner$1.schedule(ParentRunner.java:63) [junit-4.11.jar:na]
	at org.junit.runners.ParentRunner.runChildren(ParentRunner.java:236) [junit-4.11.jar:na]
	at org.junit.runners.ParentRunner.access$000(ParentRunner.java:53) [junit-4.11.jar:na]
	at org.junit.runners.ParentRunner$2.evaluate(ParentRunner.java:229) [junit-4.11.jar:na]
	at org.junit.runners.ParentRunner.run(ParentRunner.java:309) [junit-4.11.jar:na]
	at org.apache.maven.surefire.junit4.JUnit4Provider.execute(JUnit4Provider.java:252) [surefire-junit4-2.12.4.jar:2.12.4]
	at org.apache.maven.surefire.junit4.JUnit4Provider.executeTestSet(JUnit4Provider.java:141) [surefire-junit4-2.12.4.jar:2.12.4]
	at org.apache.maven.surefire.junit4.JUnit4Provider.invoke(JUnit4Provider.java:112) [surefire-junit4-2.12.4.jar:2.12.4]
	at sun.reflect.NativeMethodAccessorImpl.invoke0(Native Method) ~[na:1.8.0_221]
	at sun.reflect.NativeMethodAccessorImpl.invoke(NativeMethodAccessorImpl.java:62) ~[na:1.8.0_221]
	at sun.reflect.DelegatingMethodAccessorImpl.invoke(DelegatingMethodAccessorImpl.java:43) ~[na:1.8.0_221]
	at java.lang.reflect.Method.invoke(Method.java:498) ~[na:1.8.0_221]
	at org.apache.maven.surefire.util.ReflectionUtils.invokeMethodWithArray(ReflectionUtils.java:189) [surefire-api-2.12.4.jar:2.12.4]
	at org.apache.maven.surefire.booter.ProviderFactory$ProviderProxy.invoke(ProviderFactory.java:165) [surefire-booter-2.12.4.jar:2.12.4]
	at org.apache.maven.surefire.booter.ProviderFactory.invokeProvider(ProviderFactory.java:85) [surefire-booter-2.12.4.jar:2.12.4]
	at org.apache.maven.surefire.booter.ForkedBooter.runSuitesInProcess(ForkedBooter.java:115) [surefire-booter-2.12.4.jar:2.12.4]
	at org.apache.maven.surefire.booter.ForkedBooter.main(ForkedBooter.java:75) [surefire-booter-2.12.4.jar:2.12.4]
2019-09-19 13:33:24 [main] DEBUG com.wl.util.TestAesUtil [102] - mobile paycraft key |null
2019-09-19 13:33:24 [main] ERROR com.wl.util.AesUtil [261] - Exception while encrypting secret key
java.security.InvalidKeyException: Unsupported key type: null
	at sun.security.mscapi.RSACipher.init(RSACipher.java:243) ~[sunmscapi.jar:1.8.0_201]
	at sun.security.mscapi.RSACipher.engineInit(RSACipher.java:158) ~[sunmscapi.jar:1.8.0_201]
	at javax.crypto.Cipher.implInit(Cipher.java:801) ~[na:1.8.0_191]
	at javax.crypto.Cipher.chooseProvider(Cipher.java:863) ~[na:1.8.0_191]
	at javax.crypto.Cipher.init(Cipher.java:1248) ~[na:1.8.0_191]
	at javax.crypto.Cipher.init(Cipher.java:1185) ~[na:1.8.0_191]
	at com.wl.util.AesUtil.encryptSecretKey(AesUtil.java:256) ~[classes/:na]
	at com.wl.util.TestAesUtil.testEncryptSecretKey(TestAesUtil.java:103) [test-classes/:na]
	at sun.reflect.NativeMethodAccessorImpl.invoke0(Native Method) ~[na:1.8.0_221]
	at sun.reflect.NativeMethodAccessorImpl.invoke(NativeMethodAccessorImpl.java:62) ~[na:1.8.0_221]
	at sun.reflect.DelegatingMethodAccessorImpl.invoke(DelegatingMethodAccessorImpl.java:43) ~[na:1.8.0_221]
	at java.lang.reflect.Method.invoke(Method.java:498) ~[na:1.8.0_221]
	at org.junit.runners.model.FrameworkMethod$1.runReflectiveCall(FrameworkMethod.java:47) [junit-4.11.jar:na]
	at org.junit.internal.runners.model.ReflectiveCallable.run(ReflectiveCallable.java:12) [junit-4.11.jar:na]
	at org.junit.runners.model.FrameworkMethod.invokeExplosively(FrameworkMethod.java:44) [junit-4.11.jar:na]
	at org.junit.internal.runners.statements.InvokeMethod.evaluate(InvokeMethod.java:17) [junit-4.11.jar:na]
	at org.junit.internal.runners.statements.RunBefores.evaluate(RunBefores.java:26) [junit-4.11.jar:na]
	at org.junit.runners.ParentRunner.runLeaf(ParentRunner.java:271) [junit-4.11.jar:na]
	at org.junit.runners.BlockJUnit4ClassRunner.runChild(BlockJUnit4ClassRunner.java:70) [junit-4.11.jar:na]
	at org.junit.runners.BlockJUnit4ClassRunner.runChild(BlockJUnit4ClassRunner.java:50) [junit-4.11.jar:na]
	at org.junit.runners.ParentRunner$3.run(ParentRunner.java:238) [junit-4.11.jar:na]
	at org.junit.runners.ParentRunner$1.schedule(ParentRunner.java:63) [junit-4.11.jar:na]
	at org.junit.runners.ParentRunner.runChildren(ParentRunner.java:236) [junit-4.11.jar:na]
	at org.junit.runners.ParentRunner.access$000(ParentRunner.java:53) [junit-4.11.jar:na]
	at org.junit.runners.ParentRunner$2.evaluate(ParentRunner.java:229) [junit-4.11.jar:na]
	at org.junit.runners.ParentRunner.run(ParentRunner.java:309) [junit-4.11.jar:na]
	at org.apache.maven.surefire.junit4.JUnit4Provider.execute(JUnit4Provider.java:252) [surefire-junit4-2.12.4.jar:2.12.4]
	at org.apache.maven.surefire.junit4.JUnit4Provider.executeTestSet(JUnit4Provider.java:141) [surefire-junit4-2.12.4.jar:2.12.4]
	at org.apache.maven.surefire.junit4.JUnit4Provider.invoke(JUnit4Provider.java:112) [surefire-junit4-2.12.4.jar:2.12.4]
	at sun.reflect.NativeMethodAccessorImpl.invoke0(Native Method) ~[na:1.8.0_221]
	at sun.reflect.NativeMethodAccessorImpl.invoke(NativeMethodAccessorImpl.java:62) ~[na:1.8.0_221]
	at sun.reflect.DelegatingMethodAccessorImpl.invoke(DelegatingMethodAccessorImpl.java:43) ~[na:1.8.0_221]
	at java.lang.reflect.Method.invoke(Method.java:498) ~[na:1.8.0_221]
	at org.apache.maven.surefire.util.ReflectionUtils.invokeMethodWithArray(ReflectionUtils.java:189) [surefire-api-2.12.4.jar:2.12.4]
	at org.apache.maven.surefire.booter.ProviderFactory$ProviderProxy.invoke(ProviderFactory.java:165) [surefire-booter-2.12.4.jar:2.12.4]
	at org.apache.maven.surefire.booter.ProviderFactory.invokeProvider(ProviderFactory.java:85) [surefire-booter-2.12.4.jar:2.12.4]
	at org.apache.maven.surefire.booter.ForkedBooter.runSuitesInProcess(ForkedBooter.java:115) [surefire-booter-2.12.4.jar:2.12.4]
	at org.apache.maven.surefire.booter.ForkedBooter.main(ForkedBooter.java:75) [surefire-booter-2.12.4.jar:2.12.4]
2019-09-19 13:33:24 [main] DEBUG com.wl.util.TestAesUtil [104] - mobile paycraft iv |null
2019-09-19 13:33:24 [main] ERROR com.wl.util.AesUtil [261] - Exception while encrypting secret key
java.security.InvalidKeyException: Unsupported key type: null
	at sun.security.mscapi.RSACipher.init(RSACipher.java:243) ~[sunmscapi.jar:1.8.0_201]
	at sun.security.mscapi.RSACipher.engineInit(RSACipher.java:158) ~[sunmscapi.jar:1.8.0_201]
	at javax.crypto.Cipher.implInit(Cipher.java:801) ~[na:1.8.0_191]
	at javax.crypto.Cipher.chooseProvider(Cipher.java:863) ~[na:1.8.0_191]
	at javax.crypto.Cipher.init(Cipher.java:1248) ~[na:1.8.0_191]
	at javax.crypto.Cipher.init(Cipher.java:1185) ~[na:1.8.0_191]
	at com.wl.util.AesUtil.encryptSecretKey(AesUtil.java:256) ~[classes/:na]
	at com.wl.util.TestAesUtil.testEncryptSecretKey(TestAesUtil.java:107) [test-classes/:na]
	at sun.reflect.NativeMethodAccessorImpl.invoke0(Native Method) ~[na:1.8.0_221]
	at sun.reflect.NativeMethodAccessorImpl.invoke(NativeMethodAccessorImpl.java:62) ~[na:1.8.0_221]
	at sun.reflect.DelegatingMethodAccessorImpl.invoke(DelegatingMethodAccessorImpl.java:43) ~[na:1.8.0_221]
	at java.lang.reflect.Method.invoke(Method.java:498) ~[na:1.8.0_221]
	at org.junit.runners.model.FrameworkMethod$1.runReflectiveCall(FrameworkMethod.java:47) [junit-4.11.jar:na]
	at org.junit.internal.runners.model.ReflectiveCallable.run(ReflectiveCallable.java:12) [junit-4.11.jar:na]
	at org.junit.runners.model.FrameworkMethod.invokeExplosively(FrameworkMethod.java:44) [junit-4.11.jar:na]
	at org.junit.internal.runners.statements.InvokeMethod.evaluate(InvokeMethod.java:17) [junit-4.11.jar:na]
	at org.junit.internal.runners.statements.RunBefores.evaluate(RunBefores.java:26) [junit-4.11.jar:na]
	at org.junit.runners.ParentRunner.runLeaf(ParentRunner.java:271) [junit-4.11.jar:na]
	at org.junit.runners.BlockJUnit4ClassRunner.runChild(BlockJUnit4ClassRunner.java:70) [junit-4.11.jar:na]
	at org.junit.runners.BlockJUnit4ClassRunner.runChild(BlockJUnit4ClassRunner.java:50) [junit-4.11.jar:na]
	at org.junit.runners.ParentRunner$3.run(ParentRunner.java:238) [junit-4.11.jar:na]
	at org.junit.runners.ParentRunner$1.schedule(ParentRunner.java:63) [junit-4.11.jar:na]
	at org.junit.runners.ParentRunner.runChildren(ParentRunner.java:236) [junit-4.11.jar:na]
	at org.junit.runners.ParentRunner.access$000(ParentRunner.java:53) [junit-4.11.jar:na]
	at org.junit.runners.ParentRunner$2.evaluate(ParentRunner.java:229) [junit-4.11.jar:na]
	at org.junit.runners.ParentRunner.run(ParentRunner.java:309) [junit-4.11.jar:na]
	at org.apache.maven.surefire.junit4.JUnit4Provider.execute(JUnit4Provider.java:252) [surefire-junit4-2.12.4.jar:2.12.4]
	at org.apache.maven.surefire.junit4.JUnit4Provider.executeTestSet(JUnit4Provider.java:141) [surefire-junit4-2.12.4.jar:2.12.4]
	at org.apache.maven.surefire.junit4.JUnit4Provider.invoke(JUnit4Provider.java:112) [surefire-junit4-2.12.4.jar:2.12.4]
	at sun.reflect.NativeMethodAccessorImpl.invoke0(Native Method) ~[na:1.8.0_221]
	at sun.reflect.NativeMethodAccessorImpl.invoke(NativeMethodAccessorImpl.java:62) ~[na:1.8.0_221]
	at sun.reflect.DelegatingMethodAccessorImpl.invoke(DelegatingMethodAccessorImpl.java:43) ~[na:1.8.0_221]
	at java.lang.reflect.Method.invoke(Method.java:498) ~[na:1.8.0_221]
	at org.apache.maven.surefire.util.ReflectionUtils.invokeMethodWithArray(ReflectionUtils.java:189) [surefire-api-2.12.4.jar:2.12.4]
	at org.apache.maven.surefire.booter.ProviderFactory$ProviderProxy.invoke(ProviderFactory.java:165) [surefire-booter-2.12.4.jar:2.12.4]
	at org.apache.maven.surefire.booter.ProviderFactory.invokeProvider(ProviderFactory.java:85) [surefire-booter-2.12.4.jar:2.12.4]
	at org.apache.maven.surefire.booter.ForkedBooter.runSuitesInProcess(ForkedBooter.java:115) [surefire-booter-2.12.4.jar:2.12.4]
	at org.apache.maven.surefire.booter.ForkedBooter.main(ForkedBooter.java:75) [surefire-booter-2.12.4.jar:2.12.4]
2019-09-19 13:33:24 [main] DEBUG com.wl.util.TestAesUtil [108] - customer pan encrption key |null
2019-09-19 13:33:24 [main] ERROR com.wl.util.AesUtil [261] - Exception while encrypting secret key
java.security.InvalidKeyException: Unsupported key type: null
	at sun.security.mscapi.RSACipher.init(RSACipher.java:243) ~[sunmscapi.jar:1.8.0_201]
	at sun.security.mscapi.RSACipher.engineInit(RSACipher.java:158) ~[sunmscapi.jar:1.8.0_201]
	at javax.crypto.Cipher.implInit(Cipher.java:801) ~[na:1.8.0_191]
	at javax.crypto.Cipher.chooseProvider(Cipher.java:863) ~[na:1.8.0_191]
	at javax.crypto.Cipher.init(Cipher.java:1248) ~[na:1.8.0_191]
	at javax.crypto.Cipher.init(Cipher.java:1185) ~[na:1.8.0_191]
	at com.wl.util.AesUtil.encryptSecretKey(AesUtil.java:256) ~[classes/:na]
	at com.wl.util.TestAesUtil.testEncryptSecretKey(TestAesUtil.java:110) [test-classes/:na]
	at sun.reflect.NativeMethodAccessorImpl.invoke0(Native Method) ~[na:1.8.0_221]
	at sun.reflect.NativeMethodAccessorImpl.invoke(NativeMethodAccessorImpl.java:62) ~[na:1.8.0_221]
	at sun.reflect.DelegatingMethodAccessorImpl.invoke(DelegatingMethodAccessorImpl.java:43) ~[na:1.8.0_221]
	at java.lang.reflect.Method.invoke(Method.java:498) ~[na:1.8.0_221]
	at org.junit.runners.model.FrameworkMethod$1.runReflectiveCall(FrameworkMethod.java:47) [junit-4.11.jar:na]
	at org.junit.internal.runners.model.ReflectiveCallable.run(ReflectiveCallable.java:12) [junit-4.11.jar:na]
	at org.junit.runners.model.FrameworkMethod.invokeExplosively(FrameworkMethod.java:44) [junit-4.11.jar:na]
	at org.junit.internal.runners.statements.InvokeMethod.evaluate(InvokeMethod.java:17) [junit-4.11.jar:na]
	at org.junit.internal.runners.statements.RunBefores.evaluate(RunBefores.java:26) [junit-4.11.jar:na]
	at org.junit.runners.ParentRunner.runLeaf(ParentRunner.java:271) [junit-4.11.jar:na]
	at org.junit.runners.BlockJUnit4ClassRunner.runChild(BlockJUnit4ClassRunner.java:70) [junit-4.11.jar:na]
	at org.junit.runners.BlockJUnit4ClassRunner.runChild(BlockJUnit4ClassRunner.java:50) [junit-4.11.jar:na]
	at org.junit.runners.ParentRunner$3.run(ParentRunner.java:238) [junit-4.11.jar:na]
	at org.junit.runners.ParentRunner$1.schedule(ParentRunner.java:63) [junit-4.11.jar:na]
	at org.junit.runners.ParentRunner.runChildren(ParentRunner.java:236) [junit-4.11.jar:na]
	at org.junit.runners.ParentRunner.access$000(ParentRunner.java:53) [junit-4.11.jar:na]
	at org.junit.runners.ParentRunner$2.evaluate(ParentRunner.java:229) [junit-4.11.jar:na]
	at org.junit.runners.ParentRunner.run(ParentRunner.java:309) [junit-4.11.jar:na]
	at org.apache.maven.surefire.junit4.JUnit4Provider.execute(JUnit4Provider.java:252) [surefire-junit4-2.12.4.jar:2.12.4]
	at org.apache.maven.surefire.junit4.JUnit4Provider.executeTestSet(JUnit4Provider.java:141) [surefire-junit4-2.12.4.jar:2.12.4]
	at org.apache.maven.surefire.junit4.JUnit4Provider.invoke(JUnit4Provider.java:112) [surefire-junit4-2.12.4.jar:2.12.4]
	at sun.reflect.NativeMethodAccessorImpl.invoke0(Native Method) ~[na:1.8.0_221]
	at sun.reflect.NativeMethodAccessorImpl.invoke(NativeMethodAccessorImpl.java:62) ~[na:1.8.0_221]
	at sun.reflect.DelegatingMethodAccessorImpl.invoke(DelegatingMethodAccessorImpl.java:43) ~[na:1.8.0_221]
	at java.lang.reflect.Method.invoke(Method.java:498) ~[na:1.8.0_221]
	at org.apache.maven.surefire.util.ReflectionUtils.invokeMethodWithArray(ReflectionUtils.java:189) [surefire-api-2.12.4.jar:2.12.4]
	at org.apache.maven.surefire.booter.ProviderFactory$ProviderProxy.invoke(ProviderFactory.java:165) [surefire-booter-2.12.4.jar:2.12.4]
	at org.apache.maven.surefire.booter.ProviderFactory.invokeProvider(ProviderFactory.java:85) [surefire-booter-2.12.4.jar:2.12.4]
	at org.apache.maven.surefire.booter.ForkedBooter.runSuitesInProcess(ForkedBooter.java:115) [surefire-booter-2.12.4.jar:2.12.4]
	at org.apache.maven.surefire.booter.ForkedBooter.main(ForkedBooter.java:75) [surefire-booter-2.12.4.jar:2.12.4]
2019-09-19 13:33:24 [main] DEBUG com.wl.util.TestAesUtil [111] - AXIS PSP encryption key|null
2019-09-19 13:33:24 [main] ERROR com.wl.util.AesUtil [261] - Exception while encrypting secret key
java.security.InvalidKeyException: Unsupported key type: null
	at sun.security.mscapi.RSACipher.init(RSACipher.java:243) ~[sunmscapi.jar:1.8.0_201]
	at sun.security.mscapi.RSACipher.engineInit(RSACipher.java:158) ~[sunmscapi.jar:1.8.0_201]
	at javax.crypto.Cipher.implInit(Cipher.java:801) ~[na:1.8.0_191]
	at javax.crypto.Cipher.chooseProvider(Cipher.java:863) ~[na:1.8.0_191]
	at javax.crypto.Cipher.init(Cipher.java:1248) ~[na:1.8.0_191]
	at javax.crypto.Cipher.init(Cipher.java:1185) ~[na:1.8.0_191]
	at com.wl.util.AesUtil.encryptSecretKey(AesUtil.java:256) ~[classes/:na]
	at com.wl.util.TestAesUtil.testEncryptSecretKey(TestAesUtil.java:113) [test-classes/:na]
	at sun.reflect.NativeMethodAccessorImpl.invoke0(Native Method) ~[na:1.8.0_221]
	at sun.reflect.NativeMethodAccessorImpl.invoke(NativeMethodAccessorImpl.java:62) ~[na:1.8.0_221]
	at sun.reflect.DelegatingMethodAccessorImpl.invoke(DelegatingMethodAccessorImpl.java:43) ~[na:1.8.0_221]
	at java.lang.reflect.Method.invoke(Method.java:498) ~[na:1.8.0_221]
	at org.junit.runners.model.FrameworkMethod$1.runReflectiveCall(FrameworkMethod.java:47) [junit-4.11.jar:na]
	at org.junit.internal.runners.model.ReflectiveCallable.run(ReflectiveCallable.java:12) [junit-4.11.jar:na]
	at org.junit.runners.model.FrameworkMethod.invokeExplosively(FrameworkMethod.java:44) [junit-4.11.jar:na]
	at org.junit.internal.runners.statements.InvokeMethod.evaluate(InvokeMethod.java:17) [junit-4.11.jar:na]
	at org.junit.internal.runners.statements.RunBefores.evaluate(RunBefores.java:26) [junit-4.11.jar:na]
	at org.junit.runners.ParentRunner.runLeaf(ParentRunner.java:271) [junit-4.11.jar:na]
	at org.junit.runners.BlockJUnit4ClassRunner.runChild(BlockJUnit4ClassRunner.java:70) [junit-4.11.jar:na]
	at org.junit.runners.BlockJUnit4ClassRunner.runChild(BlockJUnit4ClassRunner.java:50) [junit-4.11.jar:na]
	at org.junit.runners.ParentRunner$3.run(ParentRunner.java:238) [junit-4.11.jar:na]
	at org.junit.runners.ParentRunner$1.schedule(ParentRunner.java:63) [junit-4.11.jar:na]
	at org.junit.runners.ParentRunner.runChildren(ParentRunner.java:236) [junit-4.11.jar:na]
	at org.junit.runners.ParentRunner.access$000(ParentRunner.java:53) [junit-4.11.jar:na]
	at org.junit.runners.ParentRunner$2.evaluate(ParentRunner.java:229) [junit-4.11.jar:na]
	at org.junit.runners.ParentRunner.run(ParentRunner.java:309) [junit-4.11.jar:na]
	at org.apache.maven.surefire.junit4.JUnit4Provider.execute(JUnit4Provider.java:252) [surefire-junit4-2.12.4.jar:2.12.4]
	at org.apache.maven.surefire.junit4.JUnit4Provider.executeTestSet(JUnit4Provider.java:141) [surefire-junit4-2.12.4.jar:2.12.4]
	at org.apache.maven.surefire.junit4.JUnit4Provider.invoke(JUnit4Provider.java:112) [surefire-junit4-2.12.4.jar:2.12.4]
	at sun.reflect.NativeMethodAccessorImpl.invoke0(Native Method) ~[na:1.8.0_221]
	at sun.reflect.NativeMethodAccessorImpl.invoke(NativeMethodAccessorImpl.java:62) ~[na:1.8.0_221]
	at sun.reflect.DelegatingMethodAccessorImpl.invoke(DelegatingMethodAccessorImpl.java:43) ~[na:1.8.0_221]
	at java.lang.reflect.Method.invoke(Method.java:498) ~[na:1.8.0_221]
	at org.apache.maven.surefire.util.ReflectionUtils.invokeMethodWithArray(ReflectionUtils.java:189) [surefire-api-2.12.4.jar:2.12.4]
	at org.apache.maven.surefire.booter.ProviderFactory$ProviderProxy.invoke(ProviderFactory.java:165) [surefire-booter-2.12.4.jar:2.12.4]
	at org.apache.maven.surefire.booter.ProviderFactory.invokeProvider(ProviderFactory.java:85) [surefire-booter-2.12.4.jar:2.12.4]
	at org.apache.maven.surefire.booter.ForkedBooter.runSuitesInProcess(ForkedBooter.java:115) [surefire-booter-2.12.4.jar:2.12.4]
	at org.apache.maven.surefire.booter.ForkedBooter.main(ForkedBooter.java:75) [surefire-booter-2.12.4.jar:2.12.4]
2019-09-19 13:33:24 [main] DEBUG com.wl.util.TestAesUtil [114] - SBI PSP encryption key|null
2019-09-19 13:33:24 [main] ERROR com.wl.util.AesUtil [261] - Exception while encrypting secret key
java.security.InvalidKeyException: Unsupported key type: null
	at sun.security.mscapi.RSACipher.init(RSACipher.java:243) ~[sunmscapi.jar:1.8.0_201]
	at sun.security.mscapi.RSACipher.engineInit(RSACipher.java:158) ~[sunmscapi.jar:1.8.0_201]
	at javax.crypto.Cipher.implInit(Cipher.java:801) ~[na:1.8.0_191]
	at javax.crypto.Cipher.chooseProvider(Cipher.java:863) ~[na:1.8.0_191]
	at javax.crypto.Cipher.init(Cipher.java:1248) ~[na:1.8.0_191]
	at javax.crypto.Cipher.init(Cipher.java:1185) ~[na:1.8.0_191]
	at com.wl.util.AesUtil.encryptSecretKey(AesUtil.java:256) ~[classes/:na]
	at com.wl.util.TestAesUtil.testEncryptSecretKey(TestAesUtil.java:116) [test-classes/:na]
	at sun.reflect.NativeMethodAccessorImpl.invoke0(Native Method) ~[na:1.8.0_221]
	at sun.reflect.NativeMethodAccessorImpl.invoke(NativeMethodAccessorImpl.java:62) ~[na:1.8.0_221]
	at sun.reflect.DelegatingMethodAccessorImpl.invoke(DelegatingMethodAccessorImpl.java:43) ~[na:1.8.0_221]
	at java.lang.reflect.Method.invoke(Method.java:498) ~[na:1.8.0_221]
	at org.junit.runners.model.FrameworkMethod$1.runReflectiveCall(FrameworkMethod.java:47) [junit-4.11.jar:na]
	at org.junit.internal.runners.model.ReflectiveCallable.run(ReflectiveCallable.java:12) [junit-4.11.jar:na]
	at org.junit.runners.model.FrameworkMethod.invokeExplosively(FrameworkMethod.java:44) [junit-4.11.jar:na]
	at org.junit.internal.runners.statements.InvokeMethod.evaluate(InvokeMethod.java:17) [junit-4.11.jar:na]
	at org.junit.internal.runners.statements.RunBefores.evaluate(RunBefores.java:26) [junit-4.11.jar:na]
	at org.junit.runners.ParentRunner.runLeaf(ParentRunner.java:271) [junit-4.11.jar:na]
	at org.junit.runners.BlockJUnit4ClassRunner.runChild(BlockJUnit4ClassRunner.java:70) [junit-4.11.jar:na]
	at org.junit.runners.BlockJUnit4ClassRunner.runChild(BlockJUnit4ClassRunner.java:50) [junit-4.11.jar:na]
	at org.junit.runners.ParentRunner$3.run(ParentRunner.java:238) [junit-4.11.jar:na]
	at org.junit.runners.ParentRunner$1.schedule(ParentRunner.java:63) [junit-4.11.jar:na]
	at org.junit.runners.ParentRunner.runChildren(ParentRunner.java:236) [junit-4.11.jar:na]
	at org.junit.runners.ParentRunner.access$000(ParentRunner.java:53) [junit-4.11.jar:na]
	at org.junit.runners.ParentRunner$2.evaluate(ParentRunner.java:229) [junit-4.11.jar:na]
	at org.junit.runners.ParentRunner.run(ParentRunner.java:309) [junit-4.11.jar:na]
	at org.apache.maven.surefire.junit4.JUnit4Provider.execute(JUnit4Provider.java:252) [surefire-junit4-2.12.4.jar:2.12.4]
	at org.apache.maven.surefire.junit4.JUnit4Provider.executeTestSet(JUnit4Provider.java:141) [surefire-junit4-2.12.4.jar:2.12.4]
	at org.apache.maven.surefire.junit4.JUnit4Provider.invoke(JUnit4Provider.java:112) [surefire-junit4-2.12.4.jar:2.12.4]
	at sun.reflect.NativeMethodAccessorImpl.invoke0(Native Method) ~[na:1.8.0_221]
	at sun.reflect.NativeMethodAccessorImpl.invoke(NativeMethodAccessorImpl.java:62) ~[na:1.8.0_221]
	at sun.reflect.DelegatingMethodAccessorImpl.invoke(DelegatingMethodAccessorImpl.java:43) ~[na:1.8.0_221]
	at java.lang.reflect.Method.invoke(Method.java:498) ~[na:1.8.0_221]
	at org.apache.maven.surefire.util.ReflectionUtils.invokeMethodWithArray(ReflectionUtils.java:189) [surefire-api-2.12.4.jar:2.12.4]
	at org.apache.maven.surefire.booter.ProviderFactory$ProviderProxy.invoke(ProviderFactory.java:165) [surefire-booter-2.12.4.jar:2.12.4]
	at org.apache.maven.surefire.booter.ProviderFactory.invokeProvider(ProviderFactory.java:85) [surefire-booter-2.12.4.jar:2.12.4]
	at org.apache.maven.surefire.booter.ForkedBooter.runSuitesInProcess(ForkedBooter.java:115) [surefire-booter-2.12.4.jar:2.12.4]
	at org.apache.maven.surefire.booter.ForkedBooter.main(ForkedBooter.java:75) [surefire-booter-2.12.4.jar:2.12.4]
2019-09-19 13:33:24 [main] DEBUG com.wl.util.TestAesUtil [117] - YES PSP encryption key|null
2019-09-19 13:33:24 [main] ERROR com.wl.util.AesUtil [261] - Exception while encrypting secret key
java.security.InvalidKeyException: Unsupported key type: null
	at sun.security.mscapi.RSACipher.init(RSACipher.java:243) ~[sunmscapi.jar:1.8.0_201]
	at sun.security.mscapi.RSACipher.engineInit(RSACipher.java:158) ~[sunmscapi.jar:1.8.0_201]
	at javax.crypto.Cipher.implInit(Cipher.java:801) ~[na:1.8.0_191]
	at javax.crypto.Cipher.chooseProvider(Cipher.java:863) ~[na:1.8.0_191]
	at javax.crypto.Cipher.init(Cipher.java:1248) ~[na:1.8.0_191]
	at javax.crypto.Cipher.init(Cipher.java:1185) ~[na:1.8.0_191]
	at com.wl.util.AesUtil.encryptSecretKey(AesUtil.java:256) ~[classes/:na]
	at com.wl.util.TestAesUtil.testEncryptSecretKey(TestAesUtil.java:119) [test-classes/:na]
	at sun.reflect.NativeMethodAccessorImpl.invoke0(Native Method) ~[na:1.8.0_221]
	at sun.reflect.NativeMethodAccessorImpl.invoke(NativeMethodAccessorImpl.java:62) ~[na:1.8.0_221]
	at sun.reflect.DelegatingMethodAccessorImpl.invoke(DelegatingMethodAccessorImpl.java:43) ~[na:1.8.0_221]
	at java.lang.reflect.Method.invoke(Method.java:498) ~[na:1.8.0_221]
	at org.junit.runners.model.FrameworkMethod$1.runReflectiveCall(FrameworkMethod.java:47) [junit-4.11.jar:na]
	at org.junit.internal.runners.model.ReflectiveCallable.run(ReflectiveCallable.java:12) [junit-4.11.jar:na]
	at org.junit.runners.model.FrameworkMethod.invokeExplosively(FrameworkMethod.java:44) [junit-4.11.jar:na]
	at org.junit.internal.runners.statements.InvokeMethod.evaluate(InvokeMethod.java:17) [junit-4.11.jar:na]
	at org.junit.internal.runners.statements.RunBefores.evaluate(RunBefores.java:26) [junit-4.11.jar:na]
	at org.junit.runners.ParentRunner.runLeaf(ParentRunner.java:271) [junit-4.11.jar:na]
	at org.junit.runners.BlockJUnit4ClassRunner.runChild(BlockJUnit4ClassRunner.java:70) [junit-4.11.jar:na]
	at org.junit.runners.BlockJUnit4ClassRunner.runChild(BlockJUnit4ClassRunner.java:50) [junit-4.11.jar:na]
	at org.junit.runners.ParentRunner$3.run(ParentRunner.java:238) [junit-4.11.jar:na]
	at org.junit.runners.ParentRunner$1.schedule(ParentRunner.java:63) [junit-4.11.jar:na]
	at org.junit.runners.ParentRunner.runChildren(ParentRunner.java:236) [junit-4.11.jar:na]
	at org.junit.runners.ParentRunner.access$000(ParentRunner.java:53) [junit-4.11.jar:na]
	at org.junit.runners.ParentRunner$2.evaluate(ParentRunner.java:229) [junit-4.11.jar:na]
	at org.junit.runners.ParentRunner.run(ParentRunner.java:309) [junit-4.11.jar:na]
	at org.apache.maven.surefire.junit4.JUnit4Provider.execute(JUnit4Provider.java:252) [surefire-junit4-2.12.4.jar:2.12.4]
	at org.apache.maven.surefire.junit4.JUnit4Provider.executeTestSet(JUnit4Provider.java:141) [surefire-junit4-2.12.4.jar:2.12.4]
	at org.apache.maven.surefire.junit4.JUnit4Provider.invoke(JUnit4Provider.java:112) [surefire-junit4-2.12.4.jar:2.12.4]
	at sun.reflect.NativeMethodAccessorImpl.invoke0(Native Method) ~[na:1.8.0_221]
	at sun.reflect.NativeMethodAccessorImpl.invoke(NativeMethodAccessorImpl.java:62) ~[na:1.8.0_221]
	at sun.reflect.DelegatingMethodAccessorImpl.invoke(DelegatingMethodAccessorImpl.java:43) ~[na:1.8.0_221]
	at java.lang.reflect.Method.invoke(Method.java:498) ~[na:1.8.0_221]
	at org.apache.maven.surefire.util.ReflectionUtils.invokeMethodWithArray(ReflectionUtils.java:189) [surefire-api-2.12.4.jar:2.12.4]
	at org.apache.maven.surefire.booter.ProviderFactory$ProviderProxy.invoke(ProviderFactory.java:165) [surefire-booter-2.12.4.jar:2.12.4]
	at org.apache.maven.surefire.booter.ProviderFactory.invokeProvider(ProviderFactory.java:85) [surefire-booter-2.12.4.jar:2.12.4]
	at org.apache.maven.surefire.booter.ForkedBooter.runSuitesInProcess(ForkedBooter.java:115) [surefire-booter-2.12.4.jar:2.12.4]
	at org.apache.maven.surefire.booter.ForkedBooter.main(ForkedBooter.java:75) [surefire-booter-2.12.4.jar:2.12.4]
2019-09-19 13:33:24 [main] DEBUG com.wl.util.TestAesUtil [120] - BOB PSP encryption key|null
2019-09-19 13:33:24 [main] ERROR com.wl.util.AesUtil [261] - Exception while encrypting secret key
java.security.InvalidKeyException: Unsupported key type: null
	at sun.security.mscapi.RSACipher.init(RSACipher.java:243) ~[sunmscapi.jar:1.8.0_201]
	at sun.security.mscapi.RSACipher.engineInit(RSACipher.java:158) ~[sunmscapi.jar:1.8.0_201]
	at javax.crypto.Cipher.implInit(Cipher.java:801) ~[na:1.8.0_191]
	at javax.crypto.Cipher.chooseProvider(Cipher.java:863) ~[na:1.8.0_191]
	at javax.crypto.Cipher.init(Cipher.java:1248) ~[na:1.8.0_191]
	at javax.crypto.Cipher.init(Cipher.java:1185) ~[na:1.8.0_191]
	at com.wl.util.AesUtil.encryptSecretKey(AesUtil.java:256) ~[classes/:na]
	at com.wl.util.TestAesUtil.testEncryptSecretKey(TestAesUtil.java:122) [test-classes/:na]
	at sun.reflect.NativeMethodAccessorImpl.invoke0(Native Method) ~[na:1.8.0_221]
	at sun.reflect.NativeMethodAccessorImpl.invoke(NativeMethodAccessorImpl.java:62) ~[na:1.8.0_221]
	at sun.reflect.DelegatingMethodAccessorImpl.invoke(DelegatingMethodAccessorImpl.java:43) ~[na:1.8.0_221]
	at java.lang.reflect.Method.invoke(Method.java:498) ~[na:1.8.0_221]
	at org.junit.runners.model.FrameworkMethod$1.runReflectiveCall(FrameworkMethod.java:47) [junit-4.11.jar:na]
	at org.junit.internal.runners.model.ReflectiveCallable.run(ReflectiveCallable.java:12) [junit-4.11.jar:na]
	at org.junit.runners.model.FrameworkMethod.invokeExplosively(FrameworkMethod.java:44) [junit-4.11.jar:na]
	at org.junit.internal.runners.statements.InvokeMethod.evaluate(InvokeMethod.java:17) [junit-4.11.jar:na]
	at org.junit.internal.runners.statements.RunBefores.evaluate(RunBefores.java:26) [junit-4.11.jar:na]
	at org.junit.runners.ParentRunner.runLeaf(ParentRunner.java:271) [junit-4.11.jar:na]
	at org.junit.runners.BlockJUnit4ClassRunner.runChild(BlockJUnit4ClassRunner.java:70) [junit-4.11.jar:na]
	at org.junit.runners.BlockJUnit4ClassRunner.runChild(BlockJUnit4ClassRunner.java:50) [junit-4.11.jar:na]
	at org.junit.runners.ParentRunner$3.run(ParentRunner.java:238) [junit-4.11.jar:na]
	at org.junit.runners.ParentRunner$1.schedule(ParentRunner.java:63) [junit-4.11.jar:na]
	at org.junit.runners.ParentRunner.runChildren(ParentRunner.java:236) [junit-4.11.jar:na]
	at org.junit.runners.ParentRunner.access$000(ParentRunner.java:53) [junit-4.11.jar:na]
	at org.junit.runners.ParentRunner$2.evaluate(ParentRunner.java:229) [junit-4.11.jar:na]
	at org.junit.runners.ParentRunner.run(ParentRunner.java:309) [junit-4.11.jar:na]
	at org.apache.maven.surefire.junit4.JUnit4Provider.execute(JUnit4Provider.java:252) [surefire-junit4-2.12.4.jar:2.12.4]
	at org.apache.maven.surefire.junit4.JUnit4Provider.executeTestSet(JUnit4Provider.java:141) [surefire-junit4-2.12.4.jar:2.12.4]
	at org.apache.maven.surefire.junit4.JUnit4Provider.invoke(JUnit4Provider.java:112) [surefire-junit4-2.12.4.jar:2.12.4]
	at sun.reflect.NativeMethodAccessorImpl.invoke0(Native Method) ~[na:1.8.0_221]
	at sun.reflect.NativeMethodAccessorImpl.invoke(NativeMethodAccessorImpl.java:62) ~[na:1.8.0_221]
	at sun.reflect.DelegatingMethodAccessorImpl.invoke(DelegatingMethodAccessorImpl.java:43) ~[na:1.8.0_221]
	at java.lang.reflect.Method.invoke(Method.java:498) ~[na:1.8.0_221]
	at org.apache.maven.surefire.util.ReflectionUtils.invokeMethodWithArray(ReflectionUtils.java:189) [surefire-api-2.12.4.jar:2.12.4]
	at org.apache.maven.surefire.booter.ProviderFactory$ProviderProxy.invoke(ProviderFactory.java:165) [surefire-booter-2.12.4.jar:2.12.4]
	at org.apache.maven.surefire.booter.ProviderFactory.invokeProvider(ProviderFactory.java:85) [surefire-booter-2.12.4.jar:2.12.4]
	at org.apache.maven.surefire.booter.ForkedBooter.runSuitesInProcess(ForkedBooter.java:115) [surefire-booter-2.12.4.jar:2.12.4]
	at org.apache.maven.surefire.booter.ForkedBooter.main(ForkedBooter.java:75) [surefire-booter-2.12.4.jar:2.12.4]
2019-09-19 13:33:24 [main] DEBUG com.wl.util.TestAesUtil [123] - SIB PSP encryption key|null
2019-09-19 13:33:24 [main] ERROR com.wl.util.AesUtil [261] - Exception while encrypting secret key
java.security.InvalidKeyException: Unsupported key type: null
	at sun.security.mscapi.RSACipher.init(RSACipher.java:243) ~[sunmscapi.jar:1.8.0_201]
	at sun.security.mscapi.RSACipher.engineInit(RSACipher.java:158) ~[sunmscapi.jar:1.8.0_201]
	at javax.crypto.Cipher.implInit(Cipher.java:801) ~[na:1.8.0_191]
	at javax.crypto.Cipher.chooseProvider(Cipher.java:863) ~[na:1.8.0_191]
	at javax.crypto.Cipher.init(Cipher.java:1248) ~[na:1.8.0_191]
	at javax.crypto.Cipher.init(Cipher.java:1185) ~[na:1.8.0_191]
	at com.wl.util.AesUtil.encryptSecretKey(AesUtil.java:256) ~[classes/:na]
	at com.wl.util.TestAesUtil.testEncryptSecretKey(TestAesUtil.java:125) [test-classes/:na]
	at sun.reflect.NativeMethodAccessorImpl.invoke0(Native Method) ~[na:1.8.0_221]
	at sun.reflect.NativeMethodAccessorImpl.invoke(NativeMethodAccessorImpl.java:62) ~[na:1.8.0_221]
	at sun.reflect.DelegatingMethodAccessorImpl.invoke(DelegatingMethodAccessorImpl.java:43) ~[na:1.8.0_221]
	at java.lang.reflect.Method.invoke(Method.java:498) ~[na:1.8.0_221]
	at org.junit.runners.model.FrameworkMethod$1.runReflectiveCall(FrameworkMethod.java:47) [junit-4.11.jar:na]
	at org.junit.internal.runners.model.ReflectiveCallable.run(ReflectiveCallable.java:12) [junit-4.11.jar:na]
	at org.junit.runners.model.FrameworkMethod.invokeExplosively(FrameworkMethod.java:44) [junit-4.11.jar:na]
	at org.junit.internal.runners.statements.InvokeMethod.evaluate(InvokeMethod.java:17) [junit-4.11.jar:na]
	at org.junit.internal.runners.statements.RunBefores.evaluate(RunBefores.java:26) [junit-4.11.jar:na]
	at org.junit.runners.ParentRunner.runLeaf(ParentRunner.java:271) [junit-4.11.jar:na]
	at org.junit.runners.BlockJUnit4ClassRunner.runChild(BlockJUnit4ClassRunner.java:70) [junit-4.11.jar:na]
	at org.junit.runners.BlockJUnit4ClassRunner.runChild(BlockJUnit4ClassRunner.java:50) [junit-4.11.jar:na]
	at org.junit.runners.ParentRunner$3.run(ParentRunner.java:238) [junit-4.11.jar:na]
	at org.junit.runners.ParentRunner$1.schedule(ParentRunner.java:63) [junit-4.11.jar:na]
	at org.junit.runners.ParentRunner.runChildren(ParentRunner.java:236) [junit-4.11.jar:na]
	at org.junit.runners.ParentRunner.access$000(ParentRunner.java:53) [junit-4.11.jar:na]
	at org.junit.runners.ParentRunner$2.evaluate(ParentRunner.java:229) [junit-4.11.jar:na]
	at org.junit.runners.ParentRunner.run(ParentRunner.java:309) [junit-4.11.jar:na]
	at org.apache.maven.surefire.junit4.JUnit4Provider.execute(JUnit4Provider.java:252) [surefire-junit4-2.12.4.jar:2.12.4]
	at org.apache.maven.surefire.junit4.JUnit4Provider.executeTestSet(JUnit4Provider.java:141) [surefire-junit4-2.12.4.jar:2.12.4]
	at org.apache.maven.surefire.junit4.JUnit4Provider.invoke(JUnit4Provider.java:112) [surefire-junit4-2.12.4.jar:2.12.4]
	at sun.reflect.NativeMethodAccessorImpl.invoke0(Native Method) ~[na:1.8.0_221]
	at sun.reflect.NativeMethodAccessorImpl.invoke(NativeMethodAccessorImpl.java:62) ~[na:1.8.0_221]
	at sun.reflect.DelegatingMethodAccessorImpl.invoke(DelegatingMethodAccessorImpl.java:43) ~[na:1.8.0_221]
	at java.lang.reflect.Method.invoke(Method.java:498) ~[na:1.8.0_221]
	at org.apache.maven.surefire.util.ReflectionUtils.invokeMethodWithArray(ReflectionUtils.java:189) [surefire-api-2.12.4.jar:2.12.4]
	at org.apache.maven.surefire.booter.ProviderFactory$ProviderProxy.invoke(ProviderFactory.java:165) [surefire-booter-2.12.4.jar:2.12.4]
	at org.apache.maven.surefire.booter.ProviderFactory.invokeProvider(ProviderFactory.java:85) [surefire-booter-2.12.4.jar:2.12.4]
	at org.apache.maven.surefire.booter.ForkedBooter.runSuitesInProcess(ForkedBooter.java:115) [surefire-booter-2.12.4.jar:2.12.4]
	at org.apache.maven.surefire.booter.ForkedBooter.main(ForkedBooter.java:75) [surefire-booter-2.12.4.jar:2.12.4]
2019-09-19 13:33:24 [main] DEBUG com.wl.util.TestAesUtil [126] - IDBI PSP encryption key|null
2019-09-19 13:33:24 [main] ERROR com.wl.util.AesUtil [261] - Exception while encrypting secret key
java.security.InvalidKeyException: Unsupported key type: null
	at sun.security.mscapi.RSACipher.init(RSACipher.java:243) ~[sunmscapi.jar:1.8.0_201]
	at sun.security.mscapi.RSACipher.engineInit(RSACipher.java:158) ~[sunmscapi.jar:1.8.0_201]
	at javax.crypto.Cipher.implInit(Cipher.java:801) ~[na:1.8.0_191]
	at javax.crypto.Cipher.chooseProvider(Cipher.java:863) ~[na:1.8.0_191]
	at javax.crypto.Cipher.init(Cipher.java:1248) ~[na:1.8.0_191]
	at javax.crypto.Cipher.init(Cipher.java:1185) ~[na:1.8.0_191]
	at com.wl.util.AesUtil.encryptSecretKey(AesUtil.java:256) ~[classes/:na]
	at com.wl.util.TestAesUtil.testEncryptSecretKey(TestAesUtil.java:128) [test-classes/:na]
	at sun.reflect.NativeMethodAccessorImpl.invoke0(Native Method) ~[na:1.8.0_221]
	at sun.reflect.NativeMethodAccessorImpl.invoke(NativeMethodAccessorImpl.java:62) ~[na:1.8.0_221]
	at sun.reflect.DelegatingMethodAccessorImpl.invoke(DelegatingMethodAccessorImpl.java:43) ~[na:1.8.0_221]
	at java.lang.reflect.Method.invoke(Method.java:498) ~[na:1.8.0_221]
	at org.junit.runners.model.FrameworkMethod$1.runReflectiveCall(FrameworkMethod.java:47) [junit-4.11.jar:na]
	at org.junit.internal.runners.model.ReflectiveCallable.run(ReflectiveCallable.java:12) [junit-4.11.jar:na]
	at org.junit.runners.model.FrameworkMethod.invokeExplosively(FrameworkMethod.java:44) [junit-4.11.jar:na]
	at org.junit.internal.runners.statements.InvokeMethod.evaluate(InvokeMethod.java:17) [junit-4.11.jar:na]
	at org.junit.internal.runners.statements.RunBefores.evaluate(RunBefores.java:26) [junit-4.11.jar:na]
	at org.junit.runners.ParentRunner.runLeaf(ParentRunner.java:271) [junit-4.11.jar:na]
	at org.junit.runners.BlockJUnit4ClassRunner.runChild(BlockJUnit4ClassRunner.java:70) [junit-4.11.jar:na]
	at org.junit.runners.BlockJUnit4ClassRunner.runChild(BlockJUnit4ClassRunner.java:50) [junit-4.11.jar:na]
	at org.junit.runners.ParentRunner$3.run(ParentRunner.java:238) [junit-4.11.jar:na]
	at org.junit.runners.ParentRunner$1.schedule(ParentRunner.java:63) [junit-4.11.jar:na]
	at org.junit.runners.ParentRunner.runChildren(ParentRunner.java:236) [junit-4.11.jar:na]
	at org.junit.runners.ParentRunner.access$000(ParentRunner.java:53) [junit-4.11.jar:na]
	at org.junit.runners.ParentRunner$2.evaluate(ParentRunner.java:229) [junit-4.11.jar:na]
	at org.junit.runners.ParentRunner.run(ParentRunner.java:309) [junit-4.11.jar:na]
	at org.apache.maven.surefire.junit4.JUnit4Provider.execute(JUnit4Provider.java:252) [surefire-junit4-2.12.4.jar:2.12.4]
	at org.apache.maven.surefire.junit4.JUnit4Provider.executeTestSet(JUnit4Provider.java:141) [surefire-junit4-2.12.4.jar:2.12.4]
	at org.apache.maven.surefire.junit4.JUnit4Provider.invoke(JUnit4Provider.java:112) [surefire-junit4-2.12.4.jar:2.12.4]
	at sun.reflect.NativeMethodAccessorImpl.invoke0(Native Method) ~[na:1.8.0_221]
	at sun.reflect.NativeMethodAccessorImpl.invoke(NativeMethodAccessorImpl.java:62) ~[na:1.8.0_221]
	at sun.reflect.DelegatingMethodAccessorImpl.invoke(DelegatingMethodAccessorImpl.java:43) ~[na:1.8.0_221]
	at java.lang.reflect.Method.invoke(Method.java:498) ~[na:1.8.0_221]
	at org.apache.maven.surefire.util.ReflectionUtils.invokeMethodWithArray(ReflectionUtils.java:189) [surefire-api-2.12.4.jar:2.12.4]
	at org.apache.maven.surefire.booter.ProviderFactory$ProviderProxy.invoke(ProviderFactory.java:165) [surefire-booter-2.12.4.jar:2.12.4]
	at org.apache.maven.surefire.booter.ProviderFactory.invokeProvider(ProviderFactory.java:85) [surefire-booter-2.12.4.jar:2.12.4]
	at org.apache.maven.surefire.booter.ForkedBooter.runSuitesInProcess(ForkedBooter.java:115) [surefire-booter-2.12.4.jar:2.12.4]
	at org.apache.maven.surefire.booter.ForkedBooter.main(ForkedBooter.java:75) [surefire-booter-2.12.4.jar:2.12.4]
2019-09-19 13:33:24 [main] DEBUG com.wl.util.TestAesUtil [129] - CBI PSP encryption key|null
2019-09-19 13:33:24 [main] ERROR com.wl.util.AesUtil [261] - Exception while encrypting secret key
java.security.InvalidKeyException: Unsupported key type: null
	at sun.security.mscapi.RSACipher.init(RSACipher.java:243) ~[sunmscapi.jar:1.8.0_201]
	at sun.security.mscapi.RSACipher.engineInit(RSACipher.java:158) ~[sunmscapi.jar:1.8.0_201]
	at javax.crypto.Cipher.implInit(Cipher.java:801) ~[na:1.8.0_191]
	at javax.crypto.Cipher.chooseProvider(Cipher.java:863) ~[na:1.8.0_191]
	at javax.crypto.Cipher.init(Cipher.java:1248) ~[na:1.8.0_191]
	at javax.crypto.Cipher.init(Cipher.java:1185) ~[na:1.8.0_191]
	at com.wl.util.AesUtil.encryptSecretKey(AesUtil.java:256) ~[classes/:na]
	at com.wl.util.TestAesUtil.testEncryptSecretKey(TestAesUtil.java:131) [test-classes/:na]
	at sun.reflect.NativeMethodAccessorImpl.invoke0(Native Method) ~[na:1.8.0_221]
	at sun.reflect.NativeMethodAccessorImpl.invoke(NativeMethodAccessorImpl.java:62) ~[na:1.8.0_221]
	at sun.reflect.DelegatingMethodAccessorImpl.invoke(DelegatingMethodAccessorImpl.java:43) ~[na:1.8.0_221]
	at java.lang.reflect.Method.invoke(Method.java:498) ~[na:1.8.0_221]
	at org.junit.runners.model.FrameworkMethod$1.runReflectiveCall(FrameworkMethod.java:47) [junit-4.11.jar:na]
	at org.junit.internal.runners.model.ReflectiveCallable.run(ReflectiveCallable.java:12) [junit-4.11.jar:na]
	at org.junit.runners.model.FrameworkMethod.invokeExplosively(FrameworkMethod.java:44) [junit-4.11.jar:na]
	at org.junit.internal.runners.statements.InvokeMethod.evaluate(InvokeMethod.java:17) [junit-4.11.jar:na]
	at org.junit.internal.runners.statements.RunBefores.evaluate(RunBefores.java:26) [junit-4.11.jar:na]
	at org.junit.runners.ParentRunner.runLeaf(ParentRunner.java:271) [junit-4.11.jar:na]
	at org.junit.runners.BlockJUnit4ClassRunner.runChild(BlockJUnit4ClassRunner.java:70) [junit-4.11.jar:na]
	at org.junit.runners.BlockJUnit4ClassRunner.runChild(BlockJUnit4ClassRunner.java:50) [junit-4.11.jar:na]
	at org.junit.runners.ParentRunner$3.run(ParentRunner.java:238) [junit-4.11.jar:na]
	at org.junit.runners.ParentRunner$1.schedule(ParentRunner.java:63) [junit-4.11.jar:na]
	at org.junit.runners.ParentRunner.runChildren(ParentRunner.java:236) [junit-4.11.jar:na]
	at org.junit.runners.ParentRunner.access$000(ParentRunner.java:53) [junit-4.11.jar:na]
	at org.junit.runners.ParentRunner$2.evaluate(ParentRunner.java:229) [junit-4.11.jar:na]
	at org.junit.runners.ParentRunner.run(ParentRunner.java:309) [junit-4.11.jar:na]
	at org.apache.maven.surefire.junit4.JUnit4Provider.execute(JUnit4Provider.java:252) [surefire-junit4-2.12.4.jar:2.12.4]
	at org.apache.maven.surefire.junit4.JUnit4Provider.executeTestSet(JUnit4Provider.java:141) [surefire-junit4-2.12.4.jar:2.12.4]
	at org.apache.maven.surefire.junit4.JUnit4Provider.invoke(JUnit4Provider.java:112) [surefire-junit4-2.12.4.jar:2.12.4]
	at sun.reflect.NativeMethodAccessorImpl.invoke0(Native Method) ~[na:1.8.0_221]
	at sun.reflect.NativeMethodAccessorImpl.invoke(NativeMethodAccessorImpl.java:62) ~[na:1.8.0_221]
	at sun.reflect.DelegatingMethodAccessorImpl.invoke(DelegatingMethodAccessorImpl.java:43) ~[na:1.8.0_221]
	at java.lang.reflect.Method.invoke(Method.java:498) ~[na:1.8.0_221]
	at org.apache.maven.surefire.util.ReflectionUtils.invokeMethodWithArray(ReflectionUtils.java:189) [surefire-api-2.12.4.jar:2.12.4]
	at org.apache.maven.surefire.booter.ProviderFactory$ProviderProxy.invoke(ProviderFactory.java:165) [surefire-booter-2.12.4.jar:2.12.4]
	at org.apache.maven.surefire.booter.ProviderFactory.invokeProvider(ProviderFactory.java:85) [surefire-booter-2.12.4.jar:2.12.4]
	at org.apache.maven.surefire.booter.ForkedBooter.runSuitesInProcess(ForkedBooter.java:115) [surefire-booter-2.12.4.jar:2.12.4]
	at org.apache.maven.surefire.booter.ForkedBooter.main(ForkedBooter.java:75) [surefire-booter-2.12.4.jar:2.12.4]
2019-09-19 13:33:24 [main] DEBUG com.wl.util.TestAesUtil [132] - KOTAK PSP encryption key|null
2019-09-19 13:33:24 [main] ERROR com.wl.util.AesUtil [210] - Exception while setting private key
java.io.FileNotFoundException: D:\UAT_Production_Realease\bharatqr-application\BharatQR\src\main\resources\te1.cer (The system cannot find the path specified)
	at java.io.FileInputStream.open0(Native Method) ~[na:1.8.0_221]
	at java.io.FileInputStream.open(FileInputStream.java:195) ~[na:1.8.0_221]
	at java.io.FileInputStream.<init>(FileInputStream.java:138) ~[na:1.8.0_221]
	at com.wl.util.AesUtil.setPublicKey(AesUtil.java:206) ~[classes/:na]
	at com.wl.util.TestAesUtil.testAxisPSPEncryption(TestAesUtil.java:201) [test-classes/:na]
	at sun.reflect.NativeMethodAccessorImpl.invoke0(Native Method) ~[na:1.8.0_221]
	at sun.reflect.NativeMethodAccessorImpl.invoke(NativeMethodAccessorImpl.java:62) ~[na:1.8.0_221]
	at sun.reflect.DelegatingMethodAccessorImpl.invoke(DelegatingMethodAccessorImpl.java:43) ~[na:1.8.0_221]
	at java.lang.reflect.Method.invoke(Method.java:498) ~[na:1.8.0_221]
	at org.junit.runners.model.FrameworkMethod$1.runReflectiveCall(FrameworkMethod.java:47) [junit-4.11.jar:na]
	at org.junit.internal.runners.model.ReflectiveCallable.run(ReflectiveCallable.java:12) [junit-4.11.jar:na]
	at org.junit.runners.model.FrameworkMethod.invokeExplosively(FrameworkMethod.java:44) [junit-4.11.jar:na]
	at org.junit.internal.runners.statements.InvokeMethod.evaluate(InvokeMethod.java:17) [junit-4.11.jar:na]
	at org.junit.internal.runners.statements.RunBefores.evaluate(RunBefores.java:26) [junit-4.11.jar:na]
	at org.junit.runners.ParentRunner.runLeaf(ParentRunner.java:271) [junit-4.11.jar:na]
	at org.junit.runners.BlockJUnit4ClassRunner.runChild(BlockJUnit4ClassRunner.java:70) [junit-4.11.jar:na]
	at org.junit.runners.BlockJUnit4ClassRunner.runChild(BlockJUnit4ClassRunner.java:50) [junit-4.11.jar:na]
	at org.junit.runners.ParentRunner$3.run(ParentRunner.java:238) [junit-4.11.jar:na]
	at org.junit.runners.ParentRunner$1.schedule(ParentRunner.java:63) [junit-4.11.jar:na]
	at org.junit.runners.ParentRunner.runChildren(ParentRunner.java:236) [junit-4.11.jar:na]
	at org.junit.runners.ParentRunner.access$000(ParentRunner.java:53) [junit-4.11.jar:na]
	at org.junit.runners.ParentRunner$2.evaluate(ParentRunner.java:229) [junit-4.11.jar:na]
	at org.junit.runners.ParentRunner.run(ParentRunner.java:309) [junit-4.11.jar:na]
	at org.apache.maven.surefire.junit4.JUnit4Provider.execute(JUnit4Provider.java:252) [surefire-junit4-2.12.4.jar:2.12.4]
	at org.apache.maven.surefire.junit4.JUnit4Provider.executeTestSet(JUnit4Provider.java:141) [surefire-junit4-2.12.4.jar:2.12.4]
	at org.apache.maven.surefire.junit4.JUnit4Provider.invoke(JUnit4Provider.java:112) [surefire-junit4-2.12.4.jar:2.12.4]
	at sun.reflect.NativeMethodAccessorImpl.invoke0(Native Method) ~[na:1.8.0_221]
	at sun.reflect.NativeMethodAccessorImpl.invoke(NativeMethodAccessorImpl.java:62) ~[na:1.8.0_221]
	at sun.reflect.DelegatingMethodAccessorImpl.invoke(DelegatingMethodAccessorImpl.java:43) ~[na:1.8.0_221]
	at java.lang.reflect.Method.invoke(Method.java:498) ~[na:1.8.0_221]
	at org.apache.maven.surefire.util.ReflectionUtils.invokeMethodWithArray(ReflectionUtils.java:189) [surefire-api-2.12.4.jar:2.12.4]
	at org.apache.maven.surefire.booter.ProviderFactory$ProviderProxy.invoke(ProviderFactory.java:165) [surefire-booter-2.12.4.jar:2.12.4]
	at org.apache.maven.surefire.booter.ProviderFactory.invokeProvider(ProviderFactory.java:85) [surefire-booter-2.12.4.jar:2.12.4]
	at org.apache.maven.surefire.booter.ForkedBooter.runSuitesInProcess(ForkedBooter.java:115) [surefire-booter-2.12.4.jar:2.12.4]
	at org.apache.maven.surefire.booter.ForkedBooter.main(ForkedBooter.java:75) [surefire-booter-2.12.4.jar:2.12.4]
2019-09-19 13:33:24 [main] DEBUG com.wl.util.AesUtil [95] - Aes|Encrypted key:Bvo0gjI18RtfI/QzDA/ngtbzhaZu0mCtUStz2AQV3yDeLKKlGcQBnkwnRCyD5tlzH5I0nmBDnGqdUcH7hIwXGmVvydq5SLCGTY3CJldCH3kabQKj1i4H7CmshvL3+VDaZoVuSnKPJrdFHQ9flyV0e4epa6/gJcw4Ja79JL5zcKQu29E7HPZKJALGMHVvPAjIoNzDljDGEZ+H++Kl8nAAR2nAhlmEfTg7vv0Zxx20IWBcnaCraqybtcMjlSTTwvl6dRrHjnJG9CGLClfYlh8OE6vMzkdoE76B8D1b+KrmzfwJx01Hl9FquVdrUvTZJynGHVzQ0ZKdPfg5DXRNvNP2ig==
2019-09-19 13:33:24 [main] DEBUG com.wl.util.AesUtil [96] - AES|Encrypted iv:null
2019-09-19 13:33:24 [main] DEBUG com.wl.util.AesUtil [97] - AES|Encrypted salt:null
2019-09-19 13:33:24 [main] DEBUG com.wl.util.AesUtil [100] - IV dec :null
2019-09-19 13:33:24 [main] DEBUG com.wl.util.AesUtil [101] - SALT dec :null
2019-09-19 13:33:24 [main] ERROR com.wl.util.AesUtil [282] - Exception while decrypting secret key
java.security.InvalidKeyException: Unsupported key type: null
	at sun.security.mscapi.RSACipher.init(RSACipher.java:243) ~[sunmscapi.jar:1.8.0_201]
	at sun.security.mscapi.RSACipher.engineInit(RSACipher.java:158) ~[sunmscapi.jar:1.8.0_201]
	at javax.crypto.Cipher.implInit(Cipher.java:801) ~[na:1.8.0_191]
	at javax.crypto.Cipher.chooseProvider(Cipher.java:863) ~[na:1.8.0_191]
	at javax.crypto.Cipher.init(Cipher.java:1248) ~[na:1.8.0_191]
	at javax.crypto.Cipher.init(Cipher.java:1185) ~[na:1.8.0_191]
	at com.wl.util.AesUtil.decryptSecretKey(AesUtil.java:278) [classes/:na]
	at com.wl.util.AesUtil.init(AesUtil.java:102) [classes/:na]
	at com.wl.util.TestAesUtil.testAxisPSPEncryption(TestAesUtil.java:204) [test-classes/:na]
	at sun.reflect.NativeMethodAccessorImpl.invoke0(Native Method) ~[na:1.8.0_221]
	at sun.reflect.NativeMethodAccessorImpl.invoke(NativeMethodAccessorImpl.java:62) ~[na:1.8.0_221]
	at sun.reflect.DelegatingMethodAccessorImpl.invoke(DelegatingMethodAccessorImpl.java:43) ~[na:1.8.0_221]
	at java.lang.reflect.Method.invoke(Method.java:498) ~[na:1.8.0_221]
	at org.junit.runners.model.FrameworkMethod$1.runReflectiveCall(FrameworkMethod.java:47) [junit-4.11.jar:na]
	at org.junit.internal.runners.model.ReflectiveCallable.run(ReflectiveCallable.java:12) [junit-4.11.jar:na]
	at org.junit.runners.model.FrameworkMethod.invokeExplosively(FrameworkMethod.java:44) [junit-4.11.jar:na]
	at org.junit.internal.runners.statements.InvokeMethod.evaluate(InvokeMethod.java:17) [junit-4.11.jar:na]
	at org.junit.internal.runners.statements.RunBefores.evaluate(RunBefores.java:26) [junit-4.11.jar:na]
	at org.junit.runners.ParentRunner.runLeaf(ParentRunner.java:271) [junit-4.11.jar:na]
	at org.junit.runners.BlockJUnit4ClassRunner.runChild(BlockJUnit4ClassRunner.java:70) [junit-4.11.jar:na]
	at org.junit.runners.BlockJUnit4ClassRunner.runChild(BlockJUnit4ClassRunner.java:50) [junit-4.11.jar:na]
	at org.junit.runners.ParentRunner$3.run(ParentRunner.java:238) [junit-4.11.jar:na]
	at org.junit.runners.ParentRunner$1.schedule(ParentRunner.java:63) [junit-4.11.jar:na]
	at org.junit.runners.ParentRunner.runChildren(ParentRunner.java:236) [junit-4.11.jar:na]
	at org.junit.runners.ParentRunner.access$000(ParentRunner.java:53) [junit-4.11.jar:na]
	at org.junit.runners.ParentRunner$2.evaluate(ParentRunner.java:229) [junit-4.11.jar:na]
	at org.junit.runners.ParentRunner.run(ParentRunner.java:309) [junit-4.11.jar:na]
	at org.apache.maven.surefire.junit4.JUnit4Provider.execute(JUnit4Provider.java:252) [surefire-junit4-2.12.4.jar:2.12.4]
	at org.apache.maven.surefire.junit4.JUnit4Provider.executeTestSet(JUnit4Provider.java:141) [surefire-junit4-2.12.4.jar:2.12.4]
	at org.apache.maven.surefire.junit4.JUnit4Provider.invoke(JUnit4Provider.java:112) [surefire-junit4-2.12.4.jar:2.12.4]
	at sun.reflect.NativeMethodAccessorImpl.invoke0(Native Method) ~[na:1.8.0_221]
	at sun.reflect.NativeMethodAccessorImpl.invoke(NativeMethodAccessorImpl.java:62) ~[na:1.8.0_221]
	at sun.reflect.DelegatingMethodAccessorImpl.invoke(DelegatingMethodAccessorImpl.java:43) ~[na:1.8.0_221]
	at java.lang.reflect.Method.invoke(Method.java:498) ~[na:1.8.0_221]
	at org.apache.maven.surefire.util.ReflectionUtils.invokeMethodWithArray(ReflectionUtils.java:189) [surefire-api-2.12.4.jar:2.12.4]
	at org.apache.maven.surefire.booter.ProviderFactory$ProviderProxy.invoke(ProviderFactory.java:165) [surefire-booter-2.12.4.jar:2.12.4]
	at org.apache.maven.surefire.booter.ProviderFactory.invokeProvider(ProviderFactory.java:85) [surefire-booter-2.12.4.jar:2.12.4]
	at org.apache.maven.surefire.booter.ForkedBooter.runSuitesInProcess(ForkedBooter.java:115) [surefire-booter-2.12.4.jar:2.12.4]
	at org.apache.maven.surefire.booter.ForkedBooter.main(ForkedBooter.java:75) [surefire-booter-2.12.4.jar:2.12.4]
2019-09-19 13:33:24 [main] DEBUG com.wl.util.AesUtil [183] - Key Used :null
2019-09-19 13:33:24 [main] ERROR com.wl.util.AesUtil [109] - Error while generating key or iv
java.lang.NullPointerException: null
	at com.wl.util.AesUtil.generateKey(AesUtil.java:189) ~[classes/:na]
	at com.wl.util.AesUtil.init(AesUtil.java:102) ~[classes/:na]
	at com.wl.util.TestAesUtil.testAxisPSPEncryption(TestAesUtil.java:204) [test-classes/:na]
	at sun.reflect.NativeMethodAccessorImpl.invoke0(Native Method) ~[na:1.8.0_221]
	at sun.reflect.NativeMethodAccessorImpl.invoke(NativeMethodAccessorImpl.java:62) ~[na:1.8.0_221]
	at sun.reflect.DelegatingMethodAccessorImpl.invoke(DelegatingMethodAccessorImpl.java:43) ~[na:1.8.0_221]
	at java.lang.reflect.Method.invoke(Method.java:498) ~[na:1.8.0_221]
	at org.junit.runners.model.FrameworkMethod$1.runReflectiveCall(FrameworkMethod.java:47) [junit-4.11.jar:na]
	at org.junit.internal.runners.model.ReflectiveCallable.run(ReflectiveCallable.java:12) [junit-4.11.jar:na]
	at org.junit.runners.model.FrameworkMethod.invokeExplosively(FrameworkMethod.java:44) [junit-4.11.jar:na]
	at org.junit.internal.runners.statements.InvokeMethod.evaluate(InvokeMethod.java:17) [junit-4.11.jar:na]
	at org.junit.internal.runners.statements.RunBefores.evaluate(RunBefores.java:26) [junit-4.11.jar:na]
	at org.junit.runners.ParentRunner.runLeaf(ParentRunner.java:271) [junit-4.11.jar:na]
	at org.junit.runners.BlockJUnit4ClassRunner.runChild(BlockJUnit4ClassRunner.java:70) [junit-4.11.jar:na]
	at org.junit.runners.BlockJUnit4ClassRunner.runChild(BlockJUnit4ClassRunner.java:50) [junit-4.11.jar:na]
	at org.junit.runners.ParentRunner$3.run(ParentRunner.java:238) [junit-4.11.jar:na]
	at org.junit.runners.ParentRunner$1.schedule(ParentRunner.java:63) [junit-4.11.jar:na]
	at org.junit.runners.ParentRunner.runChildren(ParentRunner.java:236) [junit-4.11.jar:na]
	at org.junit.runners.ParentRunner.access$000(ParentRunner.java:53) [junit-4.11.jar:na]
	at org.junit.runners.ParentRunner$2.evaluate(ParentRunner.java:229) [junit-4.11.jar:na]
	at org.junit.runners.ParentRunner.run(ParentRunner.java:309) [junit-4.11.jar:na]
	at org.apache.maven.surefire.junit4.JUnit4Provider.execute(JUnit4Provider.java:252) [surefire-junit4-2.12.4.jar:2.12.4]
	at org.apache.maven.surefire.junit4.JUnit4Provider.executeTestSet(JUnit4Provider.java:141) [surefire-junit4-2.12.4.jar:2.12.4]
	at org.apache.maven.surefire.junit4.JUnit4Provider.invoke(JUnit4Provider.java:112) [surefire-junit4-2.12.4.jar:2.12.4]
	at sun.reflect.NativeMethodAccessorImpl.invoke0(Native Method) ~[na:1.8.0_221]
	at sun.reflect.NativeMethodAccessorImpl.invoke(NativeMethodAccessorImpl.java:62) ~[na:1.8.0_221]
	at sun.reflect.DelegatingMethodAccessorImpl.invoke(DelegatingMethodAccessorImpl.java:43) ~[na:1.8.0_221]
	at java.lang.reflect.Method.invoke(Method.java:498) ~[na:1.8.0_221]
	at org.apache.maven.surefire.util.ReflectionUtils.invokeMethodWithArray(ReflectionUtils.java:189) [surefire-api-2.12.4.jar:2.12.4]
	at org.apache.maven.surefire.booter.ProviderFactory$ProviderProxy.invoke(ProviderFactory.java:165) [surefire-booter-2.12.4.jar:2.12.4]
	at org.apache.maven.surefire.booter.ProviderFactory.invokeProvider(ProviderFactory.java:85) [surefire-booter-2.12.4.jar:2.12.4]
	at org.apache.maven.surefire.booter.ForkedBooter.runSuitesInProcess(ForkedBooter.java:115) [surefire-booter-2.12.4.jar:2.12.4]
	at org.apache.maven.surefire.booter.ForkedBooter.main(ForkedBooter.java:75) [surefire-booter-2.12.4.jar:2.12.4]
2019-09-19 13:33:24 [main] DEBUG com.wl.util.TestHelperUtil [36] - 16
2019-09-19 13:33:24 [main] INFO  com.wl.util.TestHelperUtil [50] - SQL timestamp :2017-11-09 12:16:57.0
2019-09-19 13:33:24 [main] DEBUG com.wl.util.HttpsClient [62] - Connecting URLhttps://10.10.15.156/Instaapi/InstaOnBoard
2019-09-19 13:33:24 [main] DEBUG com.wl.util.HttpsClient [104] - sending data :CpiYzB7k61GzoTu8+k0fTSAd9U0QyoCfAxRlc4NnX6FucMKkcOYb6eTiYdOpmSbMfJhCQWST61E5o0apHbh7Fn00+YsgrUvgFPYkALrrwg/WrxN++173K0VqlGhHmRVhRhyNnVCsgGqsXy3aKxBE7QjsIlSKJ2ss7V8x+T8VEVng1aCOO40EeoDU3jgFOXz5R/v3FAN6b0fmsiGZ6xBDLWW+eMqmkh83vwCwQi7iUTwr9EkAb67j1V7Mj1HA/Ug20sTCL1xyn346sLoz6mzmlIok24L+ccTXfPn/c4jmDqXXZXzGoK8Us7o9CMOQOneqAtE8gSlz7wQS06hTJiswcia1W2rlb4ew8mrbJr5rnItORmNu8FdLMHc21MwaUDn6RxnRIs6BUs9PVTAWOSYTXBkFht1vqLDGrKsm9+kiU8DfZiPyysm6+tvai0fAq8x/B7gRSJuTjzOisY5sZRKp5Iqg1Mm2h/GY/ptqrc08mHXyI9tTb9tlX4GChwfXS8RDPsBZpuXo373oUCCGc+82OuUuDLMfsusU4bzUapO/0/FmMeGsjUs2qfB23/6RAbdm5FjiaIE4NyN37Z9Fzyz0PNuj3k6DbF+Jg3fN8P+IifwABvpH0g9/VPlybjTJvr/E3yh8APUmHmU5c9gLqAx5hLm5Fh/75orG1Wslisb6B8hgsFOJfpLfnvsMI6mr4fLtASuR3FVk7b+fBGq3iwcy8nzsUOnWgbbxRVlmO+R87NBR/tLXkEkudS1lqvBCT2SXdQLwtl8/ol0u0qLjz419vc1zDevgg/NjY3L/FigTfHjo6AK4NQqwn8x1CiLKBLS1QfJ8Oy3uh8sew/s5ixklb8dKYP1PqZzQoaCQakpO+FqzO8SHRjhkQ2hyvSv1Dtl4dOfqGSbAwABDs6ubQ9Y6n8O+K63MP7MSLZyvBySkP4PqKViflbdLugzPE53AuriPErJTzQSjw8U4TPv6P6LN4zNF6GB3AtBmTGgUGV7oy+cndQuEUbzL5olWfTB3Lu8F4FhrO72V4dB/X+Gpp1S4GYstZuTp08iYhGrCDo5O+WRbVX+yFPM3nZ4QhBs2aINnDV1uotwLsNJXoNdlNwQk6K8Vaz0dfB2FJ2RpKpGm5BfaUGn4rOHf0xlch2IzRp0IoI/HMMrvqTxFW+zYYSB1r8gn3Jr3QOZ6CLE05s3G9um0dSM6fYcuZVEvtBfqZj317OT8WTeDZIE6uC4BLdgBUJiEOHCMONqCrOYlsemmyROfnjkLwksLkvJSe2o2ixii+q3ediyVvHV7CygaDZlO+++eLjDpyJzT95VSs+3B1xPziANQmk5D5XKZ4lKZqZjYXoDg8lc+ELrJsWad6Yt1HJJRKXIoG3vWBkXGg24TjPV9oKVNgp5yHJjp8xCPOFmHe0TtZbQJRhBLRiz26W9U09wg1bPQ3FONgwaBSMO6fY450jd2nxK3SSRRBfnR7Ud/oiZOgQcZ1pBynSrVjxLJVydLpdVSlVFOUIA9rIVXWi7OtAE1H+PUqcglMxTVXj9CXTDQkpHKzUU8gda2n4EC6XkuJmSdePLQlxpdIiEbELZhlO2baygXtnaNSjxhwQScPADKCfMg2qYShwuhiiFg0hTQ+ots+lwUobxflKjD555ttF5bf+eVmHkaqsIkeW4JXQIFSk0g7jILwazBn8Eo/YXTd6X4HonN9r0Zwv1C2y5XflW9M/C72gD55xmBqcM7uaKumldFI5EWn1LKusPlb+Sya9aEmW2uv2ibGyKeb7DVgLWl1g04hvvt3QJSZqcbP06VNXMDllMpGJ5I2KkB2awSa93SX1tX+YlVZzNMkVXwBp9A0c/8VGEZpNPfCrvrqMHMnJTTKDML0Z7rdLgQj64UkFj+DExuw0YNET++sCM2elrOD8O5P8hycT03dZ2J8RY2brQ4MCfpIOl8FaE/STg7+ENSNp7uaRCXrQagetRdCI6QCKFwP8+gXr1HwWBjkFIHP92PlnQ99lblZv0ka2x25mTG94FRa3EkQNJEuQ0F5LX9diLVrK2g3OszXP6qAaFWQGjCOofeWZ6o2wPCrBV5jBa3V+8GjxTFgTkI/zXw53JinzezrWQorpMR/rTNbe4g/ddrb4Izrxc+OsOfidN2afLZNd2y
2019-09-19 13:33:39 [main] ERROR com.wl.util.HttpsClient [124] - Exception  while hitting :https://10.10.15.156/Instaapi/InstaOnBoard
java.net.SocketException: Connection reset
	at java.net.SocketInputStream.read(SocketInputStream.java:210) ~[na:1.8.0_221]
	at java.net.SocketInputStream.read(SocketInputStream.java:141) ~[na:1.8.0_221]
	at sun.security.ssl.InputRecord.readFully(InputRecord.java:465) ~[na:1.8.0_221]
	at sun.security.ssl.InputRecord.read(InputRecord.java:503) ~[na:1.8.0_221]
	at sun.security.ssl.SSLSocketImpl.readRecord(SSLSocketImpl.java:975) ~[na:1.8.0_221]
	at sun.security.ssl.SSLSocketImpl.performInitialHandshake(SSLSocketImpl.java:1367) ~[na:1.8.0_221]
	at sun.security.ssl.SSLSocketImpl.startHandshake(SSLSocketImpl.java:1395) ~[na:1.8.0_221]
	at sun.security.ssl.SSLSocketImpl.startHandshake(SSLSocketImpl.java:1379) ~[na:1.8.0_221]
	at sun.net.www.protocol.https.HttpsClient.afterConnect(HttpsClient.java:559) ~[na:1.8.0_221]
	at sun.net.www.protocol.https.AbstractDelegateHttpsURLConnection.connect(AbstractDelegateHttpsURLConnection.java:185) ~[na:1.8.0_221]
	at sun.net.www.protocol.http.HttpURLConnection.getOutputStream0(HttpURLConnection.java:1340) ~[na:1.8.0_221]
	at sun.net.www.protocol.http.HttpURLConnection.getOutputStream(HttpURLConnection.java:1315) ~[na:1.8.0_221]
	at sun.net.www.protocol.https.HttpsURLConnectionImpl.getOutputStream(HttpsURLConnectionImpl.java:264) ~[na:1.8.0_221]
	at com.wl.util.HttpsClient.send(HttpsClient.java:107) ~[classes/:na]
	at com.wl.util.TestHttpsClient.testSend(TestHttpsClient.java:24) [test-classes/:na]
	at sun.reflect.NativeMethodAccessorImpl.invoke0(Native Method) ~[na:1.8.0_221]
	at sun.reflect.NativeMethodAccessorImpl.invoke(NativeMethodAccessorImpl.java:62) ~[na:1.8.0_221]
	at sun.reflect.DelegatingMethodAccessorImpl.invoke(DelegatingMethodAccessorImpl.java:43) ~[na:1.8.0_221]
	at java.lang.reflect.Method.invoke(Method.java:498) ~[na:1.8.0_221]
	at org.junit.runners.model.FrameworkMethod$1.runReflectiveCall(FrameworkMethod.java:47) [junit-4.11.jar:na]
	at org.junit.internal.runners.model.ReflectiveCallable.run(ReflectiveCallable.java:12) [junit-4.11.jar:na]
	at org.junit.runners.model.FrameworkMethod.invokeExplosively(FrameworkMethod.java:44) [junit-4.11.jar:na]
	at org.junit.internal.runners.statements.InvokeMethod.evaluate(InvokeMethod.java:17) [junit-4.11.jar:na]
	at org.junit.runners.ParentRunner.runLeaf(ParentRunner.java:271) [junit-4.11.jar:na]
	at org.junit.runners.BlockJUnit4ClassRunner.runChild(BlockJUnit4ClassRunner.java:70) [junit-4.11.jar:na]
	at org.junit.runners.BlockJUnit4ClassRunner.runChild(BlockJUnit4ClassRunner.java:50) [junit-4.11.jar:na]
	at org.junit.runners.ParentRunner$3.run(ParentRunner.java:238) [junit-4.11.jar:na]
	at org.junit.runners.ParentRunner$1.schedule(ParentRunner.java:63) [junit-4.11.jar:na]
	at org.junit.runners.ParentRunner.runChildren(ParentRunner.java:236) [junit-4.11.jar:na]
	at org.junit.runners.ParentRunner.access$000(ParentRunner.java:53) [junit-4.11.jar:na]
	at org.junit.runners.ParentRunner$2.evaluate(ParentRunner.java:229) [junit-4.11.jar:na]
	at org.junit.runners.ParentRunner.run(ParentRunner.java:309) [junit-4.11.jar:na]
	at org.apache.maven.surefire.junit4.JUnit4Provider.execute(JUnit4Provider.java:252) [surefire-junit4-2.12.4.jar:2.12.4]
	at org.apache.maven.surefire.junit4.JUnit4Provider.executeTestSet(JUnit4Provider.java:141) [surefire-junit4-2.12.4.jar:2.12.4]
	at org.apache.maven.surefire.junit4.JUnit4Provider.invoke(JUnit4Provider.java:112) [surefire-junit4-2.12.4.jar:2.12.4]
	at sun.reflect.NativeMethodAccessorImpl.invoke0(Native Method) ~[na:1.8.0_221]
	at sun.reflect.NativeMethodAccessorImpl.invoke(NativeMethodAccessorImpl.java:62) ~[na:1.8.0_221]
	at sun.reflect.DelegatingMethodAccessorImpl.invoke(DelegatingMethodAccessorImpl.java:43) ~[na:1.8.0_221]
	at java.lang.reflect.Method.invoke(Method.java:498) ~[na:1.8.0_221]
	at org.apache.maven.surefire.util.ReflectionUtils.invokeMethodWithArray(ReflectionUtils.java:189) [surefire-api-2.12.4.jar:2.12.4]
	at org.apache.maven.surefire.booter.ProviderFactory$ProviderProxy.invoke(ProviderFactory.java:165) [surefire-booter-2.12.4.jar:2.12.4]
	at org.apache.maven.surefire.booter.ProviderFactory.invokeProvider(ProviderFactory.java:85) [surefire-booter-2.12.4.jar:2.12.4]
	at org.apache.maven.surefire.booter.ForkedBooter.runSuitesInProcess(ForkedBooter.java:115) [surefire-booter-2.12.4.jar:2.12.4]
	at org.apache.maven.surefire.booter.ForkedBooter.main(ForkedBooter.java:75) [surefire-booter-2.12.4.jar:2.12.4]
2019-09-19 13:33:40 [main] DEBUG com.wl.util.TestJsonUtility [144] - JSON string is |{"merIdentification":1,"bankCode":"00031","merCreationDate":"02-July-17","appNo":867446,"customerId":"123468","merType":"NRM","merSegment":"Corporate","mcc":267,"tcc":21,"panNo":45678344234,"legalName":"BIKANER","dbaName":"BIKANER","zoneCode":81,"branchCode":32,"grossMdrType":"Y","dob":"03-APR-17","businessEntity":"Sole Proprietorship Concern","instAddContactPerson":"SATISH","instAddressLine1":"BIKANER SWEET AND SNACKS , G1 ","instAddressLine2":"Mumbai","instAddDistrict":2,"instCity":35,"instState":123,"instLocation":12,"instAddPincode":411033,"instAddTelephone":8149718852,"instAddMobileNo":1234567890,"instAddEmail":"Rahul@gmail.com","raAddressLine1":"Dadar","raAddressLine2":"Thane","raPinCode":411033,"raCity":1067,"raMobile1":9545234234,"raMobile2":9545234437,"raState":14,"raDistrict":154842,"paymentBy":"C","accountNo":1234567345,"accountLabel":"NME","bnfIfsc":"AXIS8734","bnfName":"asdf","bnfAccountNo":"12345678976465","bnfBankName":"sadwq","paySoldId":1,"stmtReqType":"E","stmtFrequency":"D","merDocumentName":"Y","terminalType":"E","edcModel":"BHARAT QR CODE","domUpto1000Onus":0.24,"domUpto1000Offus":0.24,"domOffusLess2000":0.46,"domOnusLess2000":0.45,"domOffusGret2000":1.0,"domOnusGret2000":1.0,"bankSubRate":0,"leadGenId":1,"seCode":"45345","approvedBy":"G","profitabilityStatus":"Branch Prefer Price","postFacto":"Y","nonOperCANo":"Y","riskApproval":"Y","tipFlag":"Y","conFeeFlag":"P","conFeeAmount":1.0,"conFeePercentage":1,"merMobileNumber":1234567889,"merEmailId":"bss@GMAIL.COM","referralCode":"123456","numberOfTerminal":12,"joiningFee":10,"rentalFee":100,"setupFee":100,"otherCharges":123456,"identificationType":"AADHAR","isRefundAllowed":"Y","pInstallationAddFlag":"Y","creditCardPremium":146,"creditCardNonPremium":12}
2019-09-19 13:33:40 [main] DEBUG com.wl.util.TestJsonUtility [158] - JSON string is |{"integer":1,"String":"String","decimal":2.56,"Boolean":true}
2019-09-19 13:33:40 [main] ERROR com.wl.util.RSAUtil [74] - Exception while setting private key
java.io.FileNotFoundException: D:\WL-DATA\documents\PROJECTS\mvisa_merchant_workspace\bharatqr-application\BharatQR\src\main\resources\paymod115.cer (The system cannot find the path specified)
	at java.io.FileInputStream.open0(Native Method) ~[na:1.8.0_221]
	at java.io.FileInputStream.open(FileInputStream.java:195) ~[na:1.8.0_221]
	at java.io.FileInputStream.<init>(FileInputStream.java:138) ~[na:1.8.0_221]
	at com.wl.util.RSAUtil.setPublicKey(RSAUtil.java:70) [classes/:na]
	at com.wl.util.RSAUtil.<init>(RSAUtil.java:41) [classes/:na]
	at com.wl.util.TestRSAUtil.setUp(TestRSAUtil.java:23) [test-classes/:na]
	at sun.reflect.NativeMethodAccessorImpl.invoke0(Native Method) ~[na:1.8.0_221]
	at sun.reflect.NativeMethodAccessorImpl.invoke(NativeMethodAccessorImpl.java:62) ~[na:1.8.0_221]
	at sun.reflect.DelegatingMethodAccessorImpl.invoke(DelegatingMethodAccessorImpl.java:43) ~[na:1.8.0_221]
	at java.lang.reflect.Method.invoke(Method.java:498) ~[na:1.8.0_221]
	at org.junit.runners.model.FrameworkMethod$1.runReflectiveCall(FrameworkMethod.java:47) [junit-4.11.jar:na]
	at org.junit.internal.runners.model.ReflectiveCallable.run(ReflectiveCallable.java:12) [junit-4.11.jar:na]
	at org.junit.runners.model.FrameworkMethod.invokeExplosively(FrameworkMethod.java:44) [junit-4.11.jar:na]
	at org.junit.internal.runners.statements.RunBefores.evaluate(RunBefores.java:24) [junit-4.11.jar:na]
	at org.junit.runners.ParentRunner.runLeaf(ParentRunner.java:271) [junit-4.11.jar:na]
	at org.junit.runners.BlockJUnit4ClassRunner.runChild(BlockJUnit4ClassRunner.java:70) [junit-4.11.jar:na]
	at org.junit.runners.BlockJUnit4ClassRunner.runChild(BlockJUnit4ClassRunner.java:50) [junit-4.11.jar:na]
	at org.junit.runners.ParentRunner$3.run(ParentRunner.java:238) [junit-4.11.jar:na]
	at org.junit.runners.ParentRunner$1.schedule(ParentRunner.java:63) [junit-4.11.jar:na]
	at org.junit.runners.ParentRunner.runChildren(ParentRunner.java:236) [junit-4.11.jar:na]
	at org.junit.runners.ParentRunner.access$000(ParentRunner.java:53) [junit-4.11.jar:na]
	at org.junit.runners.ParentRunner$2.evaluate(ParentRunner.java:229) [junit-4.11.jar:na]
	at org.junit.runners.ParentRunner.run(ParentRunner.java:309) [junit-4.11.jar:na]
	at org.apache.maven.surefire.junit4.JUnit4Provider.execute(JUnit4Provider.java:252) [surefire-junit4-2.12.4.jar:2.12.4]
	at org.apache.maven.surefire.junit4.JUnit4Provider.executeTestSet(JUnit4Provider.java:141) [surefire-junit4-2.12.4.jar:2.12.4]
	at org.apache.maven.surefire.junit4.JUnit4Provider.invoke(JUnit4Provider.java:112) [surefire-junit4-2.12.4.jar:2.12.4]
	at sun.reflect.NativeMethodAccessorImpl.invoke0(Native Method) ~[na:1.8.0_221]
	at sun.reflect.NativeMethodAccessorImpl.invoke(NativeMethodAccessorImpl.java:62) ~[na:1.8.0_221]
	at sun.reflect.DelegatingMethodAccessorImpl.invoke(DelegatingMethodAccessorImpl.java:43) ~[na:1.8.0_221]
	at java.lang.reflect.Method.invoke(Method.java:498) ~[na:1.8.0_221]
	at org.apache.maven.surefire.util.ReflectionUtils.invokeMethodWithArray(ReflectionUtils.java:189) [surefire-api-2.12.4.jar:2.12.4]
	at org.apache.maven.surefire.booter.ProviderFactory$ProviderProxy.invoke(ProviderFactory.java:165) [surefire-booter-2.12.4.jar:2.12.4]
	at org.apache.maven.surefire.booter.ProviderFactory.invokeProvider(ProviderFactory.java:85) [surefire-booter-2.12.4.jar:2.12.4]
	at org.apache.maven.surefire.booter.ForkedBooter.runSuitesInProcess(ForkedBooter.java:115) [surefire-booter-2.12.4.jar:2.12.4]
	at org.apache.maven.surefire.booter.ForkedBooter.main(ForkedBooter.java:75) [surefire-booter-2.12.4.jar:2.12.4]
